{"C:\\Users\\user\\Desktop\\Andela\\My-Brand-Theoneste\\server\\server.js":{"path":"C:\\Users\\user\\Desktop\\Andela\\My-Brand-Theoneste\\server\\server.js","statementMap":{"0":{"start":{"line":3,"column":0},"end":{"line":5,"column":3}},"1":{"start":{"line":6,"column":0},"end":{"line":6,"column":28}},"2":{"start":{"line":8,"column":15},"end":{"line":8,"column":57}},"3":{"start":{"line":10,"column":16},"end":{"line":10,"column":59}},"4":{"start":{"line":12,"column":22},"end":{"line":12,"column":72}},"5":{"start":{"line":14,"column":18},"end":{"line":14,"column":72}},"6":{"start":{"line":16,"column":19},"end":{"line":16,"column":74}},"7":{"start":{"line":18,"column":18},"end":{"line":18,"column":72}},"8":{"start":{"line":20,"column":26},"end":{"line":20,"column":88}},"9":{"start":{"line":22,"column":21},"end":{"line":22,"column":78}},"10":{"start":{"line":24,"column":16},"end":{"line":24,"column":68}},"11":{"start":{"line":26,"column":19},"end":{"line":26,"column":75}},"12":{"start":{"line":28,"column":39},"end":{"line":28,"column":95}},"13":{"start":{"line":30,"column":10},"end":{"line":30,"column":36}},"14":{"start":{"line":31,"column":0},"end":{"line":31,"column":36}},"15":{"start":{"line":33,"column":0},"end":{"line":33,"column":37}},"16":{"start":{"line":34,"column":0},"end":{"line":34,"column":45}},"17":{"start":{"line":35,"column":0},"end":{"line":35,"column":38}},"18":{"start":{"line":36,"column":0},"end":{"line":36,"column":40}},"19":{"start":{"line":37,"column":0},"end":{"line":37,"column":37}},"20":{"start":{"line":39,"column":0},"end":{"line":64,"column":3}},"21":{"start":{"line":43,"column":2},"end":{"line":43,"column":41}},"22":{"start":{"line":45,"column":2},"end":{"line":45,"column":27}},"23":{"start":{"line":47,"column":2},"end":{"line":47,"column":38}},"24":{"start":{"line":49,"column":2},"end":{"line":53,"column":6}},"25":{"start":{"line":55,"column":2},"end":{"line":55,"column":45}},"26":{"start":{"line":56,"column":2},"end":{"line":56,"column":42}},"27":{"start":{"line":58,"column":13},"end":{"line":58,"column":37}},"28":{"start":{"line":59,"column":2},"end":{"line":61,"column":5}},"29":{"start":{"line":60,"column":4},"end":{"line":60,"column":52}},"30":{"start":{"line":63,"column":2},"end":{"line":63,"column":33}},"31":{"start":{"line":66,"column":0},"end":{"line":68,"column":3}},"32":{"start":{"line":67,"column":2},"end":{"line":67,"column":28}},"33":{"start":{"line":70,"column":0},"end":{"line":70,"column":46}},"34":{"start":{"line":71,"column":0},"end":{"line":71,"column":38}},"35":{"start":{"line":72,"column":15},"end":{"line":72,"column":18}},"36":{"start":{"line":73,"column":0},"end":{"line":73,"column":30}}},"fnMap":{"0":{"name":"_interopRequireDefault","decl":{"start":{"line":28,"column":9},"end":{"line":28,"column":31}},"loc":{"start":{"line":28,"column":37},"end":{"line":28,"column":97}},"line":28},"1":{"name":"(anonymous_1)","decl":{"start":{"line":42,"column":8},"end":{"line":42,"column":9}},"loc":{"start":{"line":42,"column":20},"end":{"line":62,"column":1}},"line":42},"2":{"name":"(anonymous_2)","decl":{"start":{"line":59,"column":19},"end":{"line":59,"column":20}},"loc":{"start":{"line":59,"column":31},"end":{"line":61,"column":3}},"line":59},"3":{"name":"(anonymous_3)","decl":{"start":{"line":62,"column":12},"end":{"line":62,"column":13}},"loc":{"start":{"line":62,"column":29},"end":{"line":64,"column":1}},"line":62},"4":{"name":"(anonymous_4)","decl":{"start":{"line":66,"column":44},"end":{"line":66,"column":45}},"loc":{"start":{"line":66,"column":61},"end":{"line":68,"column":1}},"line":66}},"branchMap":{"0":{"loc":{"start":{"line":28,"column":46},"end":{"line":28,"column":94}},"type":"cond-expr","locations":[{"start":{"line":28,"column":70},"end":{"line":28,"column":73}},{"start":{"line":28,"column":76},"end":{"line":28,"column":94}}],"line":28},"1":{"loc":{"start":{"line":28,"column":46},"end":{"line":28,"column":67}},"type":"binary-expr","locations":[{"start":{"line":28,"column":46},"end":{"line":28,"column":49}},{"start":{"line":28,"column":53},"end":{"line":28,"column":67}}],"line":28},"2":{"loc":{"start":{"line":58,"column":13},"end":{"line":58,"column":37}},"type":"binary-expr","locations":[{"start":{"line":58,"column":13},"end":{"line":58,"column":29}},{"start":{"line":58,"column":33},"end":{"line":58,"column":37}}],"line":58}},"s":{"0":1,"1":1,"2":1,"3":1,"4":1,"5":1,"6":1,"7":1,"8":1,"9":1,"10":1,"11":1,"12":10,"13":1,"14":1,"15":1,"16":1,"17":1,"18":1,"19":1,"20":1,"21":1,"22":1,"23":1,"24":1,"25":1,"26":1,"27":1,"28":1,"29":1,"30":0,"31":1,"32":0,"33":1,"34":1,"35":1,"36":1},"f":{"0":10,"1":1,"2":1,"3":0,"4":0},"b":{"0":[5,5],"1":[10,10],"2":[1,1]},"inputSourceMap":{"version":3,"sources":["server.js"],"names":["app","use","express","json","blogRouter","actionOnBlog","queryRouter","profileRouter","userRouter","mongoose","connect","useNewUrlParser","useUnifiedTopology","then","console","log","require","secret","resave","saveUninitialized","passportConfig","initialize","session","PORT","process","env","listen","error","connection","on","Promise","global","secureRoute"],"mappings":";;;;;;;AACA;;AACA;;AACA;;AACA;;AACA;;AACA;;AACA;;AACA;;AAEA;;AACA;;;;AACA,IAAMA,GAAG,GAAG,0BAAZ;AACAA,GAAG,CAACC,GAAJ,CAAQC,oBAAQC,IAAR,EAAR,E,CAEA;;AACAH,GAAG,CAACC,GAAJ,CAAQ,GAAR,EAAaG,sBAAb;AACAJ,GAAG,CAACC,GAAJ,CAAQ,GAAR,EAAYI,8BAAZ;AACAL,GAAG,CAACC,GAAJ,CAAQ,GAAR,EAAaK,uBAAb;AACAN,GAAG,CAACC,GAAJ,CAAQ,GAAR,EAAYM,yBAAZ;AAEAP,GAAG,CAACC,GAAJ,CAAQ,GAAR,EAAaO,sBAAb;;AAEAC,qBAASC,OAAT,CAAiB,uCAAjB,EAA0D;AACtDC,EAAAA,eAAe,EAAE,IADqC;AAEtDC,EAAAA,kBAAkB,EAAE;AAFkC,CAA1D,EAGGC,IAHH,CAGQ,YAAM;AACVC,EAAAA,OAAO,CAACC,GAAR,CAAY,yBAAZ,EADU,CAEV;;AACAC,EAAAA,OAAO,CAAC,eAAD,CAAP;;AACAhB,EAAAA,GAAG,CAACC,GAAJ,CAAQC,oBAAQC,IAAR,EAAR,EAJU,CAMd;;AACIH,EAAAA,GAAG,CAACC,GAAJ,CAAQ,gCAAQ;AACZgB,IAAAA,MAAM,EAAE,QADI;AAEZC,IAAAA,MAAM,EAAE,IAFI;AAGZC,IAAAA,iBAAiB,EAAE;AAHP,GAAR,CAAR,EAPU,CAcV;;AACAnB,EAAAA,GAAG,CAACC,GAAJ,CAAQmB,qBAAeC,UAAf,EAAR;AACArB,EAAAA,GAAG,CAACC,GAAJ,CAAQmB,qBAAeE,OAAf,EAAR,EAhBU,CAkBV;;AACA,MAAMC,IAAI,GAAGC,OAAO,CAACC,GAAR,CAAYF,IAAZ,IAAoB,IAAjC;AACAvB,EAAAA,GAAG,CAAC0B,MAAJ,CAAWH,IAAX,EAAiB,YAAM;AACnBT,IAAAA,OAAO,CAACC,GAAR,8BAAkCQ,IAAlC;AACH,GAFD;AAIH,CA3BD,WA2BS,UAACI,KAAD,EAAW;AAChBb,EAAAA,OAAO,CAACC,GAAR,CAAY,UAAZ,EAAwBY,KAAxB;AACH,CA7BD;;AAgCAlB,qBAASmB,UAAT,CAAoBC,EAApB,CAAuB,OAAvB,EAAgC,UAAAF,KAAK;AAAA,SAAIb,OAAO,CAACC,GAAR,CAAYY,KAAZ,CAAJ;AAAA,CAArC;;AACAlB,qBAASqB,OAAT,GAAmBC,MAAM,CAACD,OAA1B;AAEA9B,GAAG,CAACC,GAAJ,CAAQ,GAAR,EAAa+B,uBAAb;eAEehC,G","sourceRoot":"C:\\Users\\user\\Desktop\\Andela\\My-Brand-Theoneste\\server\\","sourcesContent":["\r\nimport express from \"express\";\r\nimport mongoose from \"mongoose\";\r\nimport session from \"express-session\"\r\nimport blogRouter from \"./routes/blogRouter\";\r\nimport queryRouter from \"./routes/queryRouter\";\r\nimport userRouter from \"./routes/UserRouter\";\r\nimport actionOnBlog from \"./routes/actionOnBlogRouter\"\r\nimport profileRouter from \"./routes/profileRouter\"\r\n\r\nimport passportConfig from \"./config/passport\"\r\nimport secureRoute from './routes/secure-route';\r\nconst app = express()\r\napp.use(express.json());\r\n\r\n// calling the routes of blogs\r\napp.use(\"/\", blogRouter)\r\napp.use(\"/\",actionOnBlog)\r\napp.use(\"/\", queryRouter)\r\napp.use(\"/\",profileRouter)\r\n\r\napp.use(\"/\", userRouter)\r\n\r\nmongoose.connect(\"mongodb://localhost:27017/theonesteDb\", {\r\n    useNewUrlParser: true,\r\n    useUnifiedTopology: true\r\n}).then(() => {\r\n    console.log(\"db connect successfully\")\r\n    //insert admin\r\n    require('./seeds/admin');\r\n    app.use(express.json());\r\n\r\n// enable express session\r\n    app.use(session({\r\n        secret: 'secret',\r\n        resave: true,\r\n        saveUninitialized: true\r\n    }))\r\n\r\n\r\n    // passport\r\n    app.use(passportConfig.initialize());\r\n    app.use(passportConfig.session());\r\n\r\n    // default, router is 8000\r\n    const PORT = process.env.PORT || 8000;\r\n    app.listen(PORT, () => {\r\n        console.log(`server has started ${PORT}`)\r\n    });\r\n\r\n}).catch((error) => {\r\n    console.log(\"Error : \", error)\r\n})\r\n\r\n\r\nmongoose.connection.on('error', error => console.log(error));\r\nmongoose.Promise = global.Promise;\r\n\r\napp.use(\"/\", secureRoute)\r\n\r\nexport default app;\r\n"]},"_coverageSchema":"1a1c01bbd47fc00a2c39e90264f33305004495a9","hash":"a14a167e5b34d61012509c1d8dd730d16d9e6e2e","contentHash":"14538754f35bacf0266ec3c64de350d42fbad63a30e040a7ab634b5901dc43f9"},"C:\\Users\\user\\Desktop\\Andela\\My-Brand-Theoneste\\server\\routes\\blogRouter.js":{"path":"C:\\Users\\user\\Desktop\\Andela\\My-Brand-Theoneste\\server\\routes\\blogRouter.js","statementMap":{"0":{"start":{"line":3,"column":0},"end":{"line":5,"column":3}},"1":{"start":{"line":6,"column":0},"end":{"line":6,"column":28}},"2":{"start":{"line":8,"column":15},"end":{"line":8,"column":57}},"3":{"start":{"line":10,"column":23},"end":{"line":10,"column":64}},"4":{"start":{"line":12,"column":21},"end":{"line":12,"column":60}},"5":{"start":{"line":14,"column":12},"end":{"line":14,"column":65}},"6":{"start":{"line":16,"column":39},"end":{"line":16,"column":95}},"7":{"start":{"line":18,"column":13},"end":{"line":18,"column":41}},"8":{"start":{"line":20,"column":0},"end":{"line":20,"column":104}},"9":{"start":{"line":21,"column":0},"end":{"line":21,"column":57}},"10":{"start":{"line":22,"column":0},"end":{"line":22,"column":59}},"11":{"start":{"line":23,"column":0},"end":{"line":23,"column":108}},"12":{"start":{"line":24,"column":0},"end":{"line":24,"column":95}},"13":{"start":{"line":25,"column":15},"end":{"line":25,"column":21}},"14":{"start":{"line":26,"column":0},"end":{"line":26,"column":30}}},"fnMap":{"0":{"name":"_interopRequireDefault","decl":{"start":{"line":16,"column":9},"end":{"line":16,"column":31}},"loc":{"start":{"line":16,"column":37},"end":{"line":16,"column":97}},"line":16}},"branchMap":{"0":{"loc":{"start":{"line":16,"column":46},"end":{"line":16,"column":94}},"type":"cond-expr","locations":[{"start":{"line":16,"column":70},"end":{"line":16,"column":73}},{"start":{"line":16,"column":76},"end":{"line":16,"column":94}}],"line":16},"1":{"loc":{"start":{"line":16,"column":46},"end":{"line":16,"column":67}},"type":"binary-expr","locations":[{"start":{"line":16,"column":46},"end":{"line":16,"column":49}},{"start":{"line":16,"column":53},"end":{"line":16,"column":67}}],"line":16}},"s":{"0":1,"1":1,"2":1,"3":1,"4":1,"5":1,"6":2,"7":1,"8":1,"9":1,"10":1,"11":1,"12":1,"13":1,"14":1},"f":{"0":2},"b":{"0":[0,2],"1":[2,2]},"inputSourceMap":{"version":3,"sources":["blogRouter.js"],"names":["router","express","Router","post","verfyingToken","blogValidator","createBlog","get","findAllBlogs","findOneBlog","patch","upDateBlog","deleteBlog"],"mappings":";;;;;;;AAAA;;AACA;;AACA;;AACA;;;;AACA,IAAMA,MAAM,GAAGC,oBAAQC,MAAR,EAAf;;AAEAF,MAAM,CAACG,IAAP,CAAY,aAAZ,EAA2BC,4BAA3B,EAA0CC,gBAA1C,EAAyDC,2BAAzD;AACAN,MAAM,CAACO,GAAP,CAAW,aAAX,EAA0BC,6BAA1B;AACAR,MAAM,CAACO,GAAP,CAAW,gBAAX,EAA6BE,4BAA7B;AACAT,MAAM,CAACU,KAAP,CAAa,gBAAb,EAA+BN,4BAA/B,EAA8CC,gBAA9C,EAA6DM,2BAA7D;AACAX,MAAM,UAAN,CAAc,iBAAd,EAAiCI,4BAAjC,EAAgDQ,2BAAhD;eAEeZ,M","sourceRoot":"C:\\Users\\user\\Desktop\\Andela\\My-Brand-Theoneste\\server\\routes\\","sourcesContent":["import express from \"express\"\r\nimport { createBlog, deleteBlog, findAllBlogs, findOneBlog, upDateBlog } from \"../controllers/blogsController\"\r\nimport { verfyingToken, assigningToken } from \"../middlewares/verfyingToken\"\r\nimport blogValidator from \"../validators/blog\"\r\nconst router = express.Router();\r\n\r\nrouter.post(\"/api/blogs/\", verfyingToken, blogValidator, createBlog)\r\nrouter.get(\"/api/blogs/\", findAllBlogs)\r\nrouter.get(\"/api/blogs/:id\", findOneBlog)\r\nrouter.patch(\"/api/blogs/:id\", verfyingToken, blogValidator, upDateBlog)\r\nrouter.delete(\"/api/blogs/:id/\", verfyingToken, deleteBlog)\r\n\r\nexport default router;\r\n"]},"_coverageSchema":"1a1c01bbd47fc00a2c39e90264f33305004495a9","hash":"f9ef92e7710176246d90e6d9aa1b116215a4ff2f","contentHash":"ba8004a8f3646a5ccbd926b9939e6313d71592473c57ec16bdb454668fa7c54d"},"C:\\Users\\user\\Desktop\\Andela\\My-Brand-Theoneste\\server\\controllers\\blogsController.js":{"path":"C:\\Users\\user\\Desktop\\Andela\\My-Brand-Theoneste\\server\\controllers\\blogsController.js","statementMap":{"0":{"start":{"line":3,"column":0},"end":{"line":5,"column":3}},"1":{"start":{"line":6,"column":0},"end":{"line":6,"column":115}},"2":{"start":{"line":8,"column":0},"end":{"line":8,"column":39}},"3":{"start":{"line":10,"column":17},"end":{"line":10,"column":71}},"4":{"start":{"line":12,"column":39},"end":{"line":12,"column":95}},"5":{"start":{"line":14,"column":77},"end":{"line":14,"column":175}},"6":{"start":{"line":14,"column":94},"end":{"line":14,"column":107}},"7":{"start":{"line":14,"column":121},"end":{"line":14,"column":131}},"8":{"start":{"line":14,"column":151},"end":{"line":14,"column":165}},"9":{"start":{"line":14,"column":166},"end":{"line":14,"column":173}},"10":{"start":{"line":14,"column":176},"end":{"line":14,"column":263}},"11":{"start":{"line":14,"column":193},"end":{"line":14,"column":208}},"12":{"start":{"line":14,"column":218},"end":{"line":14,"column":261}},"13":{"start":{"line":16,"column":33},"end":{"line":16,"column":387}},"14":{"start":{"line":16,"column":65},"end":{"line":16,"column":69}},"15":{"start":{"line":16,"column":78},"end":{"line":16,"column":87}},"16":{"start":{"line":16,"column":89},"end":{"line":16,"column":384}},"17":{"start":{"line":16,"column":147},"end":{"line":16,"column":167}},"18":{"start":{"line":16,"column":193},"end":{"line":16,"column":264}},"19":{"start":{"line":16,"column":290},"end":{"line":16,"column":360}},"20":{"start":{"line":16,"column":363},"end":{"line":16,"column":380}},"21":{"start":{"line":19,"column":19},"end":{"line":31,"column":1}},"22":{"start":{"line":20,"column":2},"end":{"line":30,"column":5}},"23":{"start":{"line":21,"column":4},"end":{"line":24,"column":7}},"24":{"start":{"line":26,"column":4},"end":{"line":29,"column":7}},"25":{"start":{"line":34,"column":0},"end":{"line":34,"column":36}},"26":{"start":{"line":36,"column":17},"end":{"line":53,"column":1}},"27":{"start":{"line":37,"column":16},"end":{"line":41,"column":4}},"28":{"start":{"line":42,"column":2},"end":{"line":52,"column":5}},"29":{"start":{"line":43,"column":4},"end":{"line":46,"column":7}},"30":{"start":{"line":48,"column":4},"end":{"line":51,"column":7}},"31":{"start":{"line":56,"column":0},"end":{"line":56,"column":32}},"32":{"start":{"line":58,"column":18},"end":{"line":72,"column":1}},"33":{"start":{"line":59,"column":2},"end":{"line":71,"column":5}},"34":{"start":{"line":62,"column":4},"end":{"line":65,"column":7}},"35":{"start":{"line":67,"column":4},"end":{"line":70,"column":7}},"36":{"start":{"line":75,"column":0},"end":{"line":75,"column":34}},"37":{"start":{"line":77,"column":17},"end":{"line":104,"column":1}},"38":{"start":{"line":78,"column":2},"end":{"line":103,"column":5}},"39":{"start":{"line":81,"column":4},"end":{"line":83,"column":5}},"40":{"start":{"line":82,"column":6},"end":{"line":82,"column":42}},"41":{"start":{"line":85,"column":4},"end":{"line":87,"column":5}},"42":{"start":{"line":86,"column":6},"end":{"line":86,"column":34}},"43":{"start":{"line":89,"column":4},"end":{"line":91,"column":5}},"44":{"start":{"line":90,"column":6},"end":{"line":90,"column":38}},"45":{"start":{"line":93,"column":4},"end":{"line":93,"column":16}},"46":{"start":{"line":94,"column":4},"end":{"line":97,"column":7}},"47":{"start":{"line":99,"column":4},"end":{"line":102,"column":7}},"48":{"start":{"line":107,"column":0},"end":{"line":107,"column":32}},"49":{"start":{"line":109,"column":30},"end":{"line":151,"column":3}},"50":{"start":{"line":110,"column":13},"end":{"line":146,"column":5}},"51":{"start":{"line":111,"column":4},"end":{"line":145,"column":32}},"52":{"start":{"line":112,"column":6},"end":{"line":144,"column":7}},"53":{"start":{"line":113,"column":8},"end":{"line":143,"column":9}},"54":{"start":{"line":115,"column":12},"end":{"line":115,"column":30}},"55":{"start":{"line":116,"column":12},"end":{"line":116,"column":30}},"56":{"start":{"line":117,"column":12},"end":{"line":119,"column":15}},"57":{"start":{"line":122,"column":12},"end":{"line":125,"column":15}},"58":{"start":{"line":126,"column":12},"end":{"line":126,"column":30}},"59":{"start":{"line":127,"column":12},"end":{"line":127,"column":18}},"60":{"start":{"line":130,"column":12},"end":{"line":130,"column":30}},"61":{"start":{"line":131,"column":12},"end":{"line":131,"column":47}},"62":{"start":{"line":133,"column":12},"end":{"line":138,"column":15}},"63":{"start":{"line":134,"column":14},"end":{"line":137,"column":17}},"64":{"start":{"line":142,"column":12},"end":{"line":142,"column":35}},"65":{"start":{"line":148,"column":2},"end":{"line":150,"column":4}},"66":{"start":{"line":149,"column":4},"end":{"line":149,"column":39}},"67":{"start":{"line":153,"column":0},"end":{"line":153,"column":32}}},"fnMap":{"0":{"name":"_interopRequireDefault","decl":{"start":{"line":12,"column":9},"end":{"line":12,"column":31}},"loc":{"start":{"line":12,"column":37},"end":{"line":12,"column":97}},"line":12},"1":{"name":"asyncGeneratorStep","decl":{"start":{"line":14,"column":9},"end":{"line":14,"column":27}},"loc":{"start":{"line":14,"column":75},"end":{"line":14,"column":265}},"line":14},"2":{"name":"_asyncToGenerator","decl":{"start":{"line":16,"column":9},"end":{"line":16,"column":26}},"loc":{"start":{"line":16,"column":31},"end":{"line":16,"column":389}},"line":16},"3":{"name":"(anonymous_3)","decl":{"start":{"line":16,"column":40},"end":{"line":16,"column":41}},"loc":{"start":{"line":16,"column":52},"end":{"line":16,"column":386}},"line":16},"4":{"name":"(anonymous_4)","decl":{"start":{"line":16,"column":108},"end":{"line":16,"column":109}},"loc":{"start":{"line":16,"column":135},"end":{"line":16,"column":382}},"line":16},"5":{"name":"_next","decl":{"start":{"line":16,"column":178},"end":{"line":16,"column":183}},"loc":{"start":{"line":16,"column":191},"end":{"line":16,"column":266}},"line":16},"6":{"name":"_throw","decl":{"start":{"line":16,"column":276},"end":{"line":16,"column":282}},"loc":{"start":{"line":16,"column":288},"end":{"line":16,"column":362}},"line":16},"7":{"name":"findAllBlogs","decl":{"start":{"line":19,"column":28},"end":{"line":19,"column":40}},"loc":{"start":{"line":19,"column":57},"end":{"line":31,"column":1}},"line":19},"8":{"name":"(anonymous_8)","decl":{"start":{"line":20,"column":36},"end":{"line":20,"column":37}},"loc":{"start":{"line":20,"column":53},"end":{"line":25,"column":3}},"line":20},"9":{"name":"(anonymous_9)","decl":{"start":{"line":25,"column":14},"end":{"line":25,"column":15}},"loc":{"start":{"line":25,"column":31},"end":{"line":30,"column":3}},"line":25},"10":{"name":"createBlog","decl":{"start":{"line":36,"column":26},"end":{"line":36,"column":36}},"loc":{"start":{"line":36,"column":53},"end":{"line":53,"column":1}},"line":36},"11":{"name":"(anonymous_11)","decl":{"start":{"line":42,"column":22},"end":{"line":42,"column":23}},"loc":{"start":{"line":42,"column":34},"end":{"line":47,"column":3}},"line":42},"12":{"name":"(anonymous_12)","decl":{"start":{"line":47,"column":14},"end":{"line":47,"column":15}},"loc":{"start":{"line":47,"column":31},"end":{"line":52,"column":3}},"line":47},"13":{"name":"findOneBlog","decl":{"start":{"line":58,"column":27},"end":{"line":58,"column":38}},"loc":{"start":{"line":58,"column":55},"end":{"line":72,"column":1}},"line":58},"14":{"name":"(anonymous_14)","decl":{"start":{"line":61,"column":10},"end":{"line":61,"column":11}},"loc":{"start":{"line":61,"column":26},"end":{"line":66,"column":3}},"line":61},"15":{"name":"(anonymous_15)","decl":{"start":{"line":66,"column":14},"end":{"line":66,"column":15}},"loc":{"start":{"line":66,"column":31},"end":{"line":71,"column":3}},"line":66},"16":{"name":"upDateBlog","decl":{"start":{"line":77,"column":26},"end":{"line":77,"column":36}},"loc":{"start":{"line":77,"column":53},"end":{"line":104,"column":1}},"line":77},"17":{"name":"(anonymous_17)","decl":{"start":{"line":80,"column":10},"end":{"line":80,"column":11}},"loc":{"start":{"line":80,"column":26},"end":{"line":98,"column":3}},"line":80},"18":{"name":"(anonymous_18)","decl":{"start":{"line":98,"column":14},"end":{"line":98,"column":15}},"loc":{"start":{"line":98,"column":31},"end":{"line":103,"column":3}},"line":98},"19":{"name":"(anonymous_19)","decl":{"start":{"line":109,"column":30},"end":{"line":109,"column":31}},"loc":{"start":{"line":109,"column":42},"end":{"line":151,"column":1}},"line":109},"20":{"name":"_callee","decl":{"start":{"line":110,"column":78},"end":{"line":110,"column":85}},"loc":{"start":{"line":110,"column":102},"end":{"line":146,"column":3}},"line":110},"21":{"name":"_callee$","decl":{"start":{"line":111,"column":44},"end":{"line":111,"column":52}},"loc":{"start":{"line":111,"column":63},"end":{"line":145,"column":5}},"line":111},"22":{"name":"(anonymous_22)","decl":{"start":{"line":133,"column":13},"end":{"line":133,"column":14}},"loc":{"start":{"line":133,"column":30},"end":{"line":138,"column":13}},"line":133},"23":{"name":"deleteBlog","decl":{"start":{"line":148,"column":18},"end":{"line":148,"column":28}},"loc":{"start":{"line":148,"column":43},"end":{"line":150,"column":3}},"line":148}},"branchMap":{"0":{"loc":{"start":{"line":12,"column":46},"end":{"line":12,"column":94}},"type":"cond-expr","locations":[{"start":{"line":12,"column":70},"end":{"line":12,"column":73}},{"start":{"line":12,"column":76},"end":{"line":12,"column":94}}],"line":12},"1":{"loc":{"start":{"line":12,"column":46},"end":{"line":12,"column":67}},"type":"binary-expr","locations":[{"start":{"line":12,"column":46},"end":{"line":12,"column":49}},{"start":{"line":12,"column":53},"end":{"line":12,"column":67}}],"line":12},"2":{"loc":{"start":{"line":14,"column":176},"end":{"line":14,"column":263}},"type":"if","locations":[{"start":{"line":14,"column":176},"end":{"line":14,"column":263}},{"start":{"line":14,"column":176},"end":{"line":14,"column":263}}],"line":14},"3":{"loc":{"start":{"line":81,"column":4},"end":{"line":83,"column":5}},"type":"if","locations":[{"start":{"line":81,"column":4},"end":{"line":83,"column":5}},{"start":{"line":81,"column":4},"end":{"line":83,"column":5}}],"line":81},"4":{"loc":{"start":{"line":85,"column":4},"end":{"line":87,"column":5}},"type":"if","locations":[{"start":{"line":85,"column":4},"end":{"line":87,"column":5}},{"start":{"line":85,"column":4},"end":{"line":87,"column":5}}],"line":85},"5":{"loc":{"start":{"line":89,"column":4},"end":{"line":91,"column":5}},"type":"if","locations":[{"start":{"line":89,"column":4},"end":{"line":91,"column":5}},{"start":{"line":89,"column":4},"end":{"line":91,"column":5}}],"line":89},"6":{"loc":{"start":{"line":113,"column":8},"end":{"line":143,"column":9}},"type":"switch","locations":[{"start":{"line":114,"column":10},"end":{"line":119,"column":15}},{"start":{"line":121,"column":10},"end":{"line":127,"column":18}},{"start":{"line":129,"column":10},"end":{"line":138,"column":15}},{"start":{"line":140,"column":10},"end":{"line":140,"column":17}},{"start":{"line":141,"column":10},"end":{"line":142,"column":35}}],"line":113}},"s":{"0":1,"1":1,"2":1,"3":1,"4":1,"5":0,"6":0,"7":0,"8":0,"9":0,"10":0,"11":0,"12":0,"13":1,"14":0,"15":0,"16":0,"17":0,"18":0,"19":0,"20":0,"21":1,"22":1,"23":1,"24":0,"25":1,"26":1,"27":0,"28":0,"29":0,"30":0,"31":1,"32":1,"33":1,"34":1,"35":0,"36":1,"37":1,"38":0,"39":0,"40":0,"41":0,"42":0,"43":0,"44":0,"45":0,"46":0,"47":0,"48":1,"49":1,"50":1,"51":0,"52":0,"53":0,"54":0,"55":0,"56":0,"57":0,"58":0,"59":0,"60":0,"61":0,"62":0,"63":0,"64":0,"65":1,"66":0,"67":1},"f":{"0":1,"1":0,"2":1,"3":0,"4":0,"5":0,"6":0,"7":1,"8":1,"9":0,"10":0,"11":0,"12":0,"13":1,"14":1,"15":0,"16":0,"17":0,"18":0,"19":1,"20":0,"21":0,"22":0,"23":0},"b":{"0":[0,1],"1":[1,1],"2":[0,0],"3":[0,0],"4":[0,0],"5":[0,0],"6":[0,0,0,0,0]},"inputSourceMap":{"version":3,"sources":["blogsController.js"],"names":["findAllBlogs","req","res","next","blogmodel","find","then","blogs","status","send","error","createBlog","newBlog","imageLink","body","topic","content","save","message","findOneBlog","findById","_id","params","id","blog","foundBlog","upDateBlog","deleteBlog","deleteOne"],"mappings":";;;;;;;AAEA;;AACA;;;;;;;;AAEA;AACA,IAAMA,YAAY,GAAG,SAAfA,YAAe,CAACC,GAAD,EAAMC,GAAN,EAAWC,IAAX,EAAoB;AACrCC,wBAAUC,IAAV,GAAiBC,IAAjB,CAAsB,UAACC,KAAD,EAAW;AACzBL,IAAAA,GAAG,CAACM,MAAJ,CAAW,GAAX,EAAgBC,IAAhB,CAAqB;AAAED,MAAAA,MAAM,EAAE,GAAV;AAAeD,MAAAA,KAAK,EAAEA;AAAtB,KAArB;AACH,GAFL,WAEa,UAACG,KAAD,EAAU;AACfR,IAAAA,GAAG,CAACM,MAAJ,CAAW,GAAX,EAAgBC,IAAhB,CAAqB;AAACD,MAAAA,MAAM,EAAC,GAAR;AAAaE,MAAAA,KAAK,EAAEA;AAApB,KAArB;AACH,GAJL;AAKH,CAND,C,CAQI;;;;;AACJ,IAAMC,UAAU,GAAG,SAAbA,UAAa,CAACV,GAAD,EAAMC,GAAN,EAAWC,IAAX,EAAoB;AACnC,MAAMS,OAAO,GAAG,IAAIR,qBAAJ,CAAc;AAC1BS,IAAAA,SAAS,EAAEZ,GAAG,CAACa,IAAJ,CAASD,SADM;AAE1BE,IAAAA,KAAK,EAAEd,GAAG,CAACa,IAAJ,CAASC,KAFU;AAG1BC,IAAAA,OAAO,EAAEf,GAAG,CAACa,IAAJ,CAASE;AAHQ,GAAd,CAAhB;AAKAJ,EAAAA,OAAO,CAACK,IAAR,GAAeX,IAAf,CAAoB,YAAM;AAClBJ,IAAAA,GAAG,CAACM,MAAJ,CAAW,GAAX,EAAgBC,IAAhB,CAAqB;AAACD,MAAAA,MAAM,EAAC,GAAR;AAAaU,MAAAA,OAAO,EAAC;AAArB,KAArB;AACH,GAFL,WAEa,UAACR,KAAD,EAAW;AAChBR,IAAAA,GAAG,CAACM,MAAJ,CAAW,GAAX,EAAgBC,IAAhB,CAAqB;AAACD,MAAAA,MAAM,EAAC,GAAR;AAAaE,MAAAA,KAAK,EAACA;AAAnB,KAArB;AACH,GAJL;AAKH,CAXD,C,CAaA;;;;;AACA,IAAMS,WAAW,GAAG,SAAdA,WAAc,CAAClB,GAAD,EAAMC,GAAN,EAAWC,IAAX,EAAoB;AACpCC,wBAAUgB,QAAV,CAAmB;AAAEC,IAAAA,GAAG,EAAEpB,GAAG,CAACqB,MAAJ,CAAWC;AAAlB,GAAnB,EAA0CjB,IAA1C,CAA+C,UAACkB,IAAD,EAAU;AACjDtB,IAAAA,GAAG,CAACM,MAAJ,CAAW,GAAX,EAAgBC,IAAhB,CAAqB;AAAED,MAAAA,MAAM,EAAC,GAAT;AAAciB,MAAAA,SAAS,EAACD;AAAxB,KAArB;AACH,GAFL,WAEa,UAACd,KAAD,EAAW;AAChBR,IAAAA,GAAG,CAACM,MAAJ,CAAW,GAAX,EAAgBC,IAAhB,CAAqB;AAACD,MAAAA,MAAM,EAAC,GAAR;AAAYE,MAAAA,KAAK,EAAEA;AAAnB,KAArB;AACH,GAJL;AAKH,CAND,C,CAQA;;;;;AACA,IAAMgB,UAAU,GAAG,SAAbA,UAAa,CAACzB,GAAD,EAAMC,GAAN,EAAWC,IAAX,EAAoB;AACnCC,wBAAUgB,QAAV,CAAmB;AAAEC,IAAAA,GAAG,EAAEpB,GAAG,CAACqB,MAAJ,CAAWC;AAAlB,GAAnB,EAA2CjB,IAA3C,CAAgD,UAACkB,IAAD,EAAU;AAClD,QAAIvB,GAAG,CAACa,IAAJ,CAASD,SAAb,EAAwB;AAACW,MAAAA,IAAI,CAACX,SAAL,GAAiBZ,GAAG,CAACa,IAAJ,CAASD,SAA1B;AAAoC;;AAC7D,QAAIZ,GAAG,CAACa,IAAJ,CAASC,KAAb,EAAoB;AAACS,MAAAA,IAAI,CAACT,KAAL,GAAad,GAAG,CAACa,IAAJ,CAASC,KAAtB;AAA4B;;AACjD,QAAId,GAAG,CAACa,IAAJ,CAASE,OAAb,EAAsB;AAACQ,MAAAA,IAAI,CAACR,OAAL,GAAef,GAAG,CAACa,IAAJ,CAASE,OAAxB;AAAgC;;AACvDQ,IAAAA,IAAI,CAACP,IAAL;AACAf,IAAAA,GAAG,CAACO,IAAJ,CAAS;AAACD,MAAAA,MAAM,EAAC,GAAR;AAAaU,MAAAA,OAAO,EAAC;AAArB,KAAT;AACH,GANL,WAMa,UAACR,KAAD,EAAW;AACZR,IAAAA,GAAG,CAACM,MAAJ,CAAW,GAAX,EAAgBC,IAAhB,CAAqB;AAAED,MAAAA,MAAM,EAAC,GAAT;AAAcE,MAAAA,KAAK,EAAEA;AAArB,KAArB;AACH,GART;AASH,CAVD,C,CAYI;;;;;AACJ,IAAMiB,UAAU;AAAA,qEAAG,iBAAO1B,GAAP,EAAYC,GAAZ,EAAiBC,IAAjB;AAAA;AAAA;AAAA;AAAA;AAAA;AAAA;AAAA,mBAELC,sBAAUwB,SAAV,CAAoB;AAAEP,cAAAA,GAAG,EAAEpB,GAAG,CAACqB,MAAJ,CAAWC;AAAlB,aAApB,CAFK;;AAAA;AAGXrB,YAAAA,GAAG,CAACM,MAAJ,CAAW,GAAX,EAAgBC,IAAhB,CAAqB;AAACD,cAAAA,MAAM,EAAC,GAAR;AAAaU,cAAAA,OAAO,EAAC;AAArB,aAArB;AAHW;AAAA;;AAAA;AAAA;AAAA;;AAIP,uBAACR,KAAD,EAAW;AACXR,cAAAA,GAAG,CAACM,MAAJ,CAAW,GAAX,EAAgBC,IAAhB,CAAqB;AAACD,gBAAAA,MAAM,EAAC,GAAR;AAAYE,gBAAAA,KAAK,EAAE;AAAnB,eAArB;AACH,aAFG;;AAJO;AAAA;AAAA;AAAA;AAAA;AAAA;AAAA,GAAH;;AAAA,kBAAViB,UAAU;AAAA;AAAA;AAAA,GAAhB","sourceRoot":"C:\\Users\\user\\Desktop\\Andela\\My-Brand-Theoneste\\server\\controllers\\","sourcesContent":["// controllers\r\n// importing runtime to support async in es6\r\nimport 'regenerator-runtime/runtime'\r\nimport blogmodel from \"../models/blogModel\"\r\n\r\n// find all blogs\r\nconst findAllBlogs = (req, res, next) => {\r\n    blogmodel.find().then((blogs) => {\r\n            res.status(200).send({ status: 200, blogs: blogs })\r\n        }).catch((error)=> {\r\n            res.status(400).send({status:400, error: error });\r\n        });\r\n}\r\n\r\n    // controller, create one blog\r\nconst createBlog = (req, res, next) => {\r\n    const newBlog = new blogmodel({\r\n        imageLink: req.body.imageLink,\r\n        topic: req.body.topic,\r\n        content: req.body.content\r\n        });\r\n    newBlog.save().then(() => {\r\n            res.status(201).send({status:201, message:\"blog created successfully\"});\r\n        }).catch((error) => {\r\n            res.status(400).send({status:400, error:error});\r\n        });\r\n};\r\n\r\n// find only one blog\r\nconst findOneBlog = (req, res, next) => {\r\n    blogmodel.findById({ _id: req.params.id}).then((blog) => {\r\n            res.status(200).send({ status:200, foundBlog:blog});\r\n        }).catch((error) => {\r\n            res.status(404).send({status:404,error: error});\r\n        });\r\n}\r\n\r\n// update one blog\r\nconst upDateBlog = (req, res, next) => {\r\n    blogmodel.findById({ _id: req.params.id }).then((blog) => {\r\n            if (req.body.imageLink) {blog.imageLink = req.body.imageLink}\r\n            if (req.body.topic) {blog.topic = req.body.topic}\r\n            if (req.body.content) {blog.content = req.body.content}\r\n            blog.save()\r\n            res.send({status:200, message:\"blog updated successfully\"})\r\n        }).catch((error) => {\r\n                res.status(404).send({ status:404, error: error});\r\n            })\r\n}\r\n\r\n    // dele one blog\r\nconst deleteBlog = async (req, res, next) => {\r\n    try {\r\n        await blogmodel.deleteOne({ _id: req.params.id })\r\n        res.status(204).send({status:204, message:\"blog deleted\"} )\r\n    } catch{(error) => {\r\n            res.status(404).send({status:404,error: \"blog deleted\"});\r\n        }}\r\n}\r\n\r\nexport {createBlog, deleteBlog, findAllBlogs,findOneBlog, upDateBlog }\r\n"]},"_coverageSchema":"1a1c01bbd47fc00a2c39e90264f33305004495a9","hash":"57273a85a850b96085ef60c05b688ba98fc85683","contentHash":"6a1b70d73ecf1c43afc42d41d1da76f4334d0f30489de090558f791a4f72187f"},"C:\\Users\\user\\Desktop\\Andela\\My-Brand-Theoneste\\server\\models\\blogModel.js":{"path":"C:\\Users\\user\\Desktop\\Andela\\My-Brand-Theoneste\\server\\models\\blogModel.js","statementMap":{"0":{"start":{"line":3,"column":16},"end":{"line":3,"column":59}},"1":{"start":{"line":5,"column":39},"end":{"line":5,"column":95}},"2":{"start":{"line":7,"column":13},"end":{"line":31,"column":2}},"3":{"start":{"line":32,"column":0},"end":{"line":32,"column":60}}},"fnMap":{"0":{"name":"_interopRequireDefault","decl":{"start":{"line":5,"column":9},"end":{"line":5,"column":31}},"loc":{"start":{"line":5,"column":37},"end":{"line":5,"column":97}},"line":5}},"branchMap":{"0":{"loc":{"start":{"line":5,"column":46},"end":{"line":5,"column":94}},"type":"cond-expr","locations":[{"start":{"line":5,"column":70},"end":{"line":5,"column":73}},{"start":{"line":5,"column":76},"end":{"line":5,"column":94}}],"line":5},"1":{"loc":{"start":{"line":5,"column":46},"end":{"line":5,"column":67}},"type":"binary-expr","locations":[{"start":{"line":5,"column":46},"end":{"line":5,"column":49}},{"start":{"line":5,"column":53},"end":{"line":5,"column":67}}],"line":5}},"s":{"0":1,"1":1,"2":1,"3":1},"f":{"0":1},"b":{"0":[0,1],"1":[1,1]},"inputSourceMap":{"version":3,"sources":["blogModel.js"],"names":["schema","mongoose","Schema","topic","type","String","required","imageLink","content","comments","Array","likes","Number","dislikes","module","exports","model"],"mappings":";;AAAA;;;;AACA,IAAMA,MAAM,GAAG,IAAIC,qBAASC,MAAb,CAAoB;AAC/BC,EAAAA,KAAK,EAAE;AAACC,IAAAA,IAAI,EAAEC,MAAP;AAAcC,IAAAA,QAAQ,EAAE;AAAxB,GADwB;AAE/BC,EAAAA,SAAS,EAAE;AAAEH,IAAAA,IAAI,EAAEC,MAAR;AAAeC,IAAAA,QAAQ,EAAE;AAAzB,GAFoB;AAG/BE,EAAAA,OAAO,EAAE;AAACJ,IAAAA,IAAI,EAAEC,MAAP;AAAcC,IAAAA,QAAQ,EAAE;AAAxB,GAHsB;AAI/BG,EAAAA,QAAQ,EAAE;AAAEL,IAAAA,IAAI,EAACM;AAAP,GAJqB;AAK/BC,EAAAA,KAAK,EAAC;AAAEP,IAAAA,IAAI,EAAEQ,MAAR;AAAgB,eAAS;AAAzB,GALyB;AAM/BC,EAAAA,QAAQ,EAAE;AAAET,IAAAA,IAAI,EAAEQ,MAAR;AAAgB,eAAS;AAAzB;AANqB,CAApB,CAAf;AAQAE,MAAM,CAACC,OAAP,GAAiBd,qBAASe,KAAT,CAAe,MAAf,EAAuBhB,MAAvB,CAAjB","sourceRoot":"C:\\Users\\user\\Desktop\\Andela\\My-Brand-Theoneste\\server\\models\\","sourcesContent":["import mongoose from \"mongoose\"\r\nconst schema = new mongoose.Schema({\r\n    topic: {type: String,required: true},\r\n    imageLink: { type: String,required: true},\r\n    content: {type: String,required: true},\r\n    comments: { type:Array},\r\n    likes:{ type: Number, default: 0},\r\n    dislikes: { type: Number, default: 0}\r\n});\r\nmodule.exports = mongoose.model(\"Blog\", schema);\r\n"]},"_coverageSchema":"1a1c01bbd47fc00a2c39e90264f33305004495a9","hash":"a540f8623b7e1b39d937abd1cdb733602cde7be3","contentHash":"15f12c28366e79b5ab0a67c1caa830ce92a016d5327d144c7dc22bf007dcb09b"},"C:\\Users\\user\\Desktop\\Andela\\My-Brand-Theoneste\\server\\middlewares\\verfyingToken.js":{"path":"C:\\Users\\user\\Desktop\\Andela\\My-Brand-Theoneste\\server\\middlewares\\verfyingToken.js","statementMap":{"0":{"start":{"line":3,"column":0},"end":{"line":5,"column":3}},"1":{"start":{"line":6,"column":0},"end":{"line":6,"column":56}},"2":{"start":{"line":8,"column":16},"end":{"line":8,"column":59}},"3":{"start":{"line":10,"column":20},"end":{"line":10,"column":67}},"4":{"start":{"line":12,"column":39},"end":{"line":12,"column":95}},"5":{"start":{"line":14,"column":0},"end":{"line":14,"column":27}},"6":{"start":{"line":19,"column":20},"end":{"line":38,"column":1}},"7":{"start":{"line":20,"column":2},"end":{"line":37,"column":3}},"8":{"start":{"line":22,"column":16},"end":{"line":22,"column":43}},"9":{"start":{"line":24,"column":4},"end":{"line":32,"column":5}},"10":{"start":{"line":24,"column":16},"end":{"line":27,"column":7}},"11":{"start":{"line":28,"column":27},"end":{"line":28,"column":89}},"12":{"start":{"line":30,"column":6},"end":{"line":30,"column":42}},"13":{"start":{"line":31,"column":6},"end":{"line":31,"column":13}},"14":{"start":{"line":34,"column":4},"end":{"line":36,"column":7}},"15":{"start":{"line":40,"column":0},"end":{"line":40,"column":38}},"16":{"start":{"line":42,"column":21},"end":{"line":46,"column":1}},"17":{"start":{"line":43,"column":2},"end":{"line":45,"column":5}},"18":{"start":{"line":49,"column":0},"end":{"line":49,"column":40}}},"fnMap":{"0":{"name":"_interopRequireDefault","decl":{"start":{"line":12,"column":9},"end":{"line":12,"column":31}},"loc":{"start":{"line":12,"column":37},"end":{"line":12,"column":97}},"line":12},"1":{"name":"verfyingToken","decl":{"start":{"line":19,"column":29},"end":{"line":19,"column":42}},"loc":{"start":{"line":19,"column":59},"end":{"line":38,"column":1}},"line":19},"2":{"name":"assigningToken","decl":{"start":{"line":42,"column":30},"end":{"line":42,"column":44}},"loc":{"start":{"line":42,"column":51},"end":{"line":46,"column":1}},"line":42}},"branchMap":{"0":{"loc":{"start":{"line":12,"column":46},"end":{"line":12,"column":94}},"type":"cond-expr","locations":[{"start":{"line":12,"column":70},"end":{"line":12,"column":73}},{"start":{"line":12,"column":76},"end":{"line":12,"column":94}}],"line":12},"1":{"loc":{"start":{"line":12,"column":46},"end":{"line":12,"column":67}},"type":"binary-expr","locations":[{"start":{"line":12,"column":46},"end":{"line":12,"column":49}},{"start":{"line":12,"column":53},"end":{"line":12,"column":67}}],"line":12},"2":{"loc":{"start":{"line":24,"column":4},"end":{"line":32,"column":5}},"type":"if","locations":[{"start":{"line":24,"column":4},"end":{"line":32,"column":5}},{"start":{"line":24,"column":4},"end":{"line":32,"column":5}}],"line":24}},"s":{"0":1,"1":1,"2":1,"3":1,"4":2,"5":1,"6":1,"7":9,"8":9,"9":9,"10":7,"11":2,"12":2,"13":2,"14":0,"15":1,"16":1,"17":1,"18":1},"f":{"0":2,"1":9,"2":1},"b":{"0":[0,2],"1":[2,2],"2":[7,2]},"inputSourceMap":{"version":3,"sources":["verfyingToken.js"],"names":["require","config","verfyingToken","req","res","next","token","header","status","send","message","authorizedUser","jwt","verify","process","env","SECRET_KEY","error","assigningToken","data","sign","expiresIn"],"mappings":";;;;;;;AAAA;;AACA;;;;AACAA,OAAO,CAAC,QAAD,CAAP,CAAkBC,MAAlB,G,CACA;AACA;AACA;;;AACA,IAAMC,aAAa,GAAG,SAAhBA,aAAgB,CAACC,GAAD,EAAMC,GAAN,EAAWC,IAAX,EAAoB;AACtC,MAAI;AACA;AACA,QAAMC,KAAK,GAAGH,GAAG,CAACI,MAAJ,CAAW,eAAX,CAAd,CAFA,CAGA;;AACA,QAAI,CAACD,KAAL,EAAY,OAAOF,GAAG,CAACI,MAAJ,CAAW,GAAX,EAAgBC,IAAhB,CAAqB;AACpCC,MAAAA,OAAO,EAAE,qBAD2B,CAEpC;;AAFoC,KAArB,CAAP,CAAZ,KAIK;AACD,UAAMC,cAAc,GAAGC,yBAAIC,MAAJ,CAAWP,KAAX,EAAkBQ,OAAO,CAACC,GAAR,CAAYC,UAA9B,CAAvB;;AACAb,MAAAA,GAAG,CAACQ,cAAJ,GAAqBA,cAArB;AACAN,MAAAA,IAAI;AACP;AACJ,GAbD,CAaC,OAAOY,KAAP,EAAc;AACP,WAAOb,GAAG,CAACI,MAAJ,CAAW,GAAX,EAAgBC,IAAhB,CAAqB;AACxBC,MAAAA,OAAO,EAAE;AADe,KAArB,CAAP;AAGH;AACR,CAnBD;;;;AAqBA,IAAMQ,cAAc,GAAG,SAAjBA,cAAiB,CAACC,IAAD;AAAA,SAAUP,yBAAIQ,IAAJ,CAASD,IAAT,EAAeL,OAAO,CAACC,GAAR,CAAYC,UAA3B,EAAuC;AAChEK,IAAAA,SAAS,EAAE;AADqD,GAAvC,CAAV;AAAA,CAAvB,C,CAMA","sourceRoot":"C:\\Users\\user\\Desktop\\Andela\\My-Brand-Theoneste\\server\\middlewares\\","sourcesContent":["import passport from \"passport\"\r\nimport jwt from 'jsonwebtoken';\r\nrequire(\"dotenv\").config();\r\n//  format of token is gone be:\r\n// authorization : Bearer access_token\r\n// verfy token\r\nconst verfyingToken = (req, res, next) => {\r\n    try {\r\n        //get auth header value\r\n        const token = req.header('authorization');\r\n        // check if auther is undefined\r\n        if (!token) return res.status(401).send({\r\n            message: \"unauthorized access\"\r\n            // forbidden\r\n        });\r\n        else {\r\n            const authorizedUser = jwt.verify(token, process.env.SECRET_KEY);\r\n            req.authorizedUser = authorizedUser;\r\n            next();\r\n        }\r\n    }catch (error) {\r\n            return res.status(401).send({\r\n                message: \"Token is not valid\"\r\n            });\r\n        }\r\n}\r\n\r\nconst assigningToken = (data) => jwt.sign(data, process.env.SECRET_KEY, {\r\n        expiresIn: \"1d\"\r\n    });\r\n\r\n\r\n\r\n// module.exports=verfyingToken\r\nexport { verfyingToken, assigningToken} \r\n"]},"_coverageSchema":"1a1c01bbd47fc00a2c39e90264f33305004495a9","hash":"f20ed87b0712253c3b5f7330afb218edf80a13d3","contentHash":"34b564ce3315ae8d63ce3fbd4d5aab25e97106c942d37b3687a5d76147f5e121"},"C:\\Users\\user\\Desktop\\Andela\\My-Brand-Theoneste\\server\\validators\\blog.js":{"path":"C:\\Users\\user\\Desktop\\Andela\\My-Brand-Theoneste\\server\\validators\\blog.js","statementMap":{"0":{"start":{"line":3,"column":11},"end":{"line":3,"column":55}},"1":{"start":{"line":5,"column":39},"end":{"line":5,"column":95}},"2":{"start":{"line":7,"column":19},"end":{"line":24,"column":1}},"3":{"start":{"line":8,"column":15},"end":{"line":12,"column":4}},"4":{"start":{"line":14,"column":15},"end":{"line":14,"column":40}},"5":{"start":{"line":16,"column":2},"end":{"line":21,"column":3}},"6":{"start":{"line":17,"column":4},"end":{"line":20,"column":7}},"7":{"start":{"line":23,"column":2},"end":{"line":23,"column":9}},"8":{"start":{"line":26,"column":0},"end":{"line":26,"column":30}}},"fnMap":{"0":{"name":"_interopRequireDefault","decl":{"start":{"line":5,"column":9},"end":{"line":5,"column":31}},"loc":{"start":{"line":5,"column":37},"end":{"line":5,"column":97}},"line":5},"1":{"name":"blogValidate","decl":{"start":{"line":7,"column":28},"end":{"line":7,"column":40}},"loc":{"start":{"line":7,"column":57},"end":{"line":24,"column":1}},"line":7}},"branchMap":{"0":{"loc":{"start":{"line":5,"column":46},"end":{"line":5,"column":94}},"type":"cond-expr","locations":[{"start":{"line":5,"column":70},"end":{"line":5,"column":73}},{"start":{"line":5,"column":76},"end":{"line":5,"column":94}}],"line":5},"1":{"loc":{"start":{"line":5,"column":46},"end":{"line":5,"column":67}},"type":"binary-expr","locations":[{"start":{"line":5,"column":46},"end":{"line":5,"column":49}},{"start":{"line":5,"column":53},"end":{"line":5,"column":67}}],"line":5},"2":{"loc":{"start":{"line":16,"column":2},"end":{"line":21,"column":3}},"type":"if","locations":[{"start":{"line":16,"column":2},"end":{"line":21,"column":3}},{"start":{"line":16,"column":2},"end":{"line":21,"column":3}}],"line":16}},"s":{"0":1,"1":1,"2":1,"3":0,"4":0,"5":0,"6":0,"7":0,"8":1},"f":{"0":1,"1":0},"b":{"0":[0,1],"1":[1,1],"2":[0,0]},"inputSourceMap":{"version":3,"sources":["blog.js"],"names":["blogValidate","req","res","next","schema","Joi","object","topic","string","required","min","imageLink","content","result","validate","body","error","status","json","details","message","module","exports"],"mappings":";;AAAA;;;;AACA,IAAMA,YAAY,GAAG,SAAfA,YAAe,CAACC,GAAD,EAAMC,GAAN,EAAWC,IAAX,EAAoB;AAErC,MAAMC,MAAM,GAAGC,gBAAIC,MAAJ,CAAW;AACtBC,IAAAA,KAAK,EAAEF,gBAAIG,MAAJ,GAAaC,QAAb,GAAwBC,GAAxB,CAA4B,CAA5B,CADe;AAEtBC,IAAAA,SAAS,EAAEN,gBAAIG,MAAJ,EAFW;AAGtBI,IAAAA,OAAO,EAAEP,gBAAIG,MAAJ,GAAcC,QAAd,GAA0BC,GAA1B,CAA8B,CAA9B;AAHa,GAAX,CAAf;;AAMA,MAAMG,MAAM,GAAGT,MAAM,CAACU,QAAP,CAAgBb,GAAG,CAACc,IAApB,CAAf;;AACA,MAAIF,MAAM,CAACG,KAAX,EAAkB;AACf,WAAOd,GAAG,CAACe,MAAJ,CAAW,GAAX,EAAgBC,IAAhB,CAAqB;AAACD,MAAAA,MAAM,EAAE,GAAT;AAAaD,MAAAA,KAAK,YAAKH,MAAM,CAACG,KAAP,CAAaG,OAAb,CAAqB,CAArB,EAAwBC,OAA7B;AAAlB,KAArB,CAAP;AAEF;;AACDjB,EAAAA,IAAI;AACP,CAdD;;AAgBAkB,MAAM,CAACC,OAAP,GAAiBtB,YAAjB","sourceRoot":"C:\\Users\\user\\Desktop\\Andela\\My-Brand-Theoneste\\server\\validators\\","sourcesContent":["import Joi from '@hapi/joi';\r\nconst blogValidate = (req, res, next) => {\r\n\r\n    const schema = Joi.object({\r\n        topic: Joi.string().required().min(5),\r\n        imageLink: Joi.string(),\r\n        content: Joi.string() .required() .min(5)\r\n    })\r\n\r\n    const result = schema.validate(req.body);\r\n    if (result.error) {\r\n       return res.status(400).json({status: 400,error: `${result.error.details[0].message}`\r\n        })\r\n    }\r\n    next()\r\n}\r\n\r\nmodule.exports = blogValidate\r\n"]},"_coverageSchema":"1a1c01bbd47fc00a2c39e90264f33305004495a9","hash":"f1b6c20af495fbaa5309f0532b4f8f30cfbd1c82","contentHash":"6b1ec9d682666bb91e2c3749eea9d71a82ee70a853db20cd50702deacb238d49"},"C:\\Users\\user\\Desktop\\Andela\\My-Brand-Theoneste\\server\\routes\\queryRouter.js":{"path":"C:\\Users\\user\\Desktop\\Andela\\My-Brand-Theoneste\\server\\routes\\queryRouter.js","statementMap":{"0":{"start":{"line":3,"column":0},"end":{"line":5,"column":3}},"1":{"start":{"line":6,"column":0},"end":{"line":6,"column":28}},"2":{"start":{"line":8,"column":15},"end":{"line":8,"column":57}},"3":{"start":{"line":10,"column":13},"end":{"line":10,"column":69}},"4":{"start":{"line":12,"column":25},"end":{"line":12,"column":70}},"5":{"start":{"line":14,"column":21},"end":{"line":14,"column":62}},"6":{"start":{"line":16,"column":39},"end":{"line":16,"column":95}},"7":{"start":{"line":18,"column":13},"end":{"line":18,"column":41}},"8":{"start":{"line":20,"column":0},"end":{"line":20,"column":80}},"9":{"start":{"line":21,"column":0},"end":{"line":21,"column":93}},"10":{"start":{"line":22,"column":0},"end":{"line":22,"column":94}},"11":{"start":{"line":23,"column":0},"end":{"line":23,"column":100}},"12":{"start":{"line":24,"column":15},"end":{"line":24,"column":21}},"13":{"start":{"line":25,"column":0},"end":{"line":25,"column":30}}},"fnMap":{"0":{"name":"_interopRequireDefault","decl":{"start":{"line":16,"column":9},"end":{"line":16,"column":31}},"loc":{"start":{"line":16,"column":37},"end":{"line":16,"column":97}},"line":16}},"branchMap":{"0":{"loc":{"start":{"line":16,"column":46},"end":{"line":16,"column":94}},"type":"cond-expr","locations":[{"start":{"line":16,"column":70},"end":{"line":16,"column":73}},{"start":{"line":16,"column":76},"end":{"line":16,"column":94}}],"line":16},"1":{"loc":{"start":{"line":16,"column":46},"end":{"line":16,"column":67}},"type":"binary-expr","locations":[{"start":{"line":16,"column":46},"end":{"line":16,"column":49}},{"start":{"line":16,"column":53},"end":{"line":16,"column":67}}],"line":16}},"s":{"0":1,"1":1,"2":1,"3":1,"4":1,"5":1,"6":2,"7":1,"8":1,"9":1,"10":1,"11":1,"12":1,"13":1},"f":{"0":2},"b":{"0":[0,2],"1":[2,2]},"inputSourceMap":{"version":3,"sources":["queryRouter.js"],"names":["router","express","Router","post","queryValidator","createQuery","get","verfyingToken","findAllQueries","findOneQuery","deleteQuery"],"mappings":";;;;;;;AAAA;;AACA;;AACA;;AACA;;;;AACA,IAAMA,MAAM,GAAGC,oBAAQC,MAAR,EAAf;;AAEAF,MAAM,CAACG,IAAP,CAAY,eAAZ,EAA4BC,iBAA5B,EAA4CC,8BAA5C;AACAL,MAAM,CAACM,GAAP,CAAW,eAAX,EAA4BC,4BAA5B,EAA2CC,iCAA3C;AACAR,MAAM,CAACM,GAAP,CAAW,kBAAX,EAA+BC,4BAA/B,EAA8CE,+BAA9C;AACAT,MAAM,UAAN,CAAc,mBAAd,EAAmCO,4BAAnC,EAAkDG,8BAAlD;eAEeV,M","sourceRoot":"C:\\Users\\user\\Desktop\\Andela\\My-Brand-Theoneste\\server\\routes\\","sourcesContent":["import express from \"express\"\r\nimport queryValidator from \"./../validators/query\"\r\nimport { createQuery, findAllQueries, findOneQuery, deleteQuery } from \"./../controllers/queriesController\"\r\nimport { verfyingToken, assigningToken } from \"./../middlewares/verfyingToken\"\r\nconst router = express.Router();\r\n\r\nrouter.post(\"/api/queries/\",queryValidator, createQuery)\r\nrouter.get(\"/api/queries/\", verfyingToken, findAllQueries)\r\nrouter.get(\"/api/queries/:id\", verfyingToken, findOneQuery)\r\nrouter.delete(\"/api/queries/:id/\", verfyingToken, deleteQuery)\r\n\r\nexport default router;\r\n"]},"_coverageSchema":"1a1c01bbd47fc00a2c39e90264f33305004495a9","hash":"d3a4b2738bf17a34340cb5f94d7101691ca0a607","contentHash":"07118240e9e9e2d5e412e5f78ff9bd92f39cecc7a18d7abd5c12ef41bc9470f3"},"C:\\Users\\user\\Desktop\\Andela\\My-Brand-Theoneste\\server\\validators\\query.js":{"path":"C:\\Users\\user\\Desktop\\Andela\\My-Brand-Theoneste\\server\\validators\\query.js","statementMap":{"0":{"start":{"line":3,"column":11},"end":{"line":3,"column":55}},"1":{"start":{"line":5,"column":39},"end":{"line":5,"column":95}},"2":{"start":{"line":7,"column":77},"end":{"line":7,"column":175}},"3":{"start":{"line":7,"column":94},"end":{"line":7,"column":107}},"4":{"start":{"line":7,"column":121},"end":{"line":7,"column":131}},"5":{"start":{"line":7,"column":151},"end":{"line":7,"column":165}},"6":{"start":{"line":7,"column":166},"end":{"line":7,"column":173}},"7":{"start":{"line":7,"column":176},"end":{"line":7,"column":263}},"8":{"start":{"line":7,"column":193},"end":{"line":7,"column":208}},"9":{"start":{"line":7,"column":218},"end":{"line":7,"column":261}},"10":{"start":{"line":9,"column":33},"end":{"line":9,"column":387}},"11":{"start":{"line":9,"column":65},"end":{"line":9,"column":69}},"12":{"start":{"line":9,"column":78},"end":{"line":9,"column":87}},"13":{"start":{"line":9,"column":89},"end":{"line":9,"column":384}},"14":{"start":{"line":9,"column":147},"end":{"line":9,"column":167}},"15":{"start":{"line":9,"column":193},"end":{"line":9,"column":264}},"16":{"start":{"line":9,"column":290},"end":{"line":9,"column":360}},"17":{"start":{"line":9,"column":363},"end":{"line":9,"column":380}},"18":{"start":{"line":11,"column":33},"end":{"line":54,"column":3}},"19":{"start":{"line":12,"column":13},"end":{"line":49,"column":5}},"20":{"start":{"line":14,"column":4},"end":{"line":48,"column":16}},"21":{"start":{"line":15,"column":6},"end":{"line":47,"column":7}},"22":{"start":{"line":16,"column":8},"end":{"line":46,"column":9}},"23":{"start":{"line":18,"column":12},"end":{"line":23,"column":15}},"24":{"start":{"line":24,"column":12},"end":{"line":24,"column":30}},"25":{"start":{"line":25,"column":12},"end":{"line":25,"column":45}},"26":{"start":{"line":28,"column":12},"end":{"line":28,"column":35}},"27":{"start":{"line":30,"column":12},"end":{"line":33,"column":13}},"28":{"start":{"line":31,"column":14},"end":{"line":31,"column":32}},"29":{"start":{"line":32,"column":14},"end":{"line":32,"column":20}},"30":{"start":{"line":35,"column":12},"end":{"line":38,"column":16}},"31":{"start":{"line":41,"column":12},"end":{"line":41,"column":19}},"32":{"start":{"line":45,"column":12},"end":{"line":45,"column":35}},"33":{"start":{"line":51,"column":2},"end":{"line":53,"column":4}},"34":{"start":{"line":52,"column":4},"end":{"line":52,"column":39}},"35":{"start":{"line":56,"column":0},"end":{"line":56,"column":31}}},"fnMap":{"0":{"name":"_interopRequireDefault","decl":{"start":{"line":5,"column":9},"end":{"line":5,"column":31}},"loc":{"start":{"line":5,"column":37},"end":{"line":5,"column":97}},"line":5},"1":{"name":"asyncGeneratorStep","decl":{"start":{"line":7,"column":9},"end":{"line":7,"column":27}},"loc":{"start":{"line":7,"column":75},"end":{"line":7,"column":265}},"line":7},"2":{"name":"_asyncToGenerator","decl":{"start":{"line":9,"column":9},"end":{"line":9,"column":26}},"loc":{"start":{"line":9,"column":31},"end":{"line":9,"column":389}},"line":9},"3":{"name":"(anonymous_3)","decl":{"start":{"line":9,"column":40},"end":{"line":9,"column":41}},"loc":{"start":{"line":9,"column":52},"end":{"line":9,"column":386}},"line":9},"4":{"name":"(anonymous_4)","decl":{"start":{"line":9,"column":108},"end":{"line":9,"column":109}},"loc":{"start":{"line":9,"column":135},"end":{"line":9,"column":382}},"line":9},"5":{"name":"_next","decl":{"start":{"line":9,"column":178},"end":{"line":9,"column":183}},"loc":{"start":{"line":9,"column":191},"end":{"line":9,"column":266}},"line":9},"6":{"name":"_throw","decl":{"start":{"line":9,"column":276},"end":{"line":9,"column":282}},"loc":{"start":{"line":9,"column":288},"end":{"line":9,"column":362}},"line":9},"7":{"name":"(anonymous_7)","decl":{"start":{"line":11,"column":33},"end":{"line":11,"column":34}},"loc":{"start":{"line":11,"column":45},"end":{"line":54,"column":1}},"line":11},"8":{"name":"_callee","decl":{"start":{"line":12,"column":78},"end":{"line":12,"column":85}},"loc":{"start":{"line":12,"column":102},"end":{"line":49,"column":3}},"line":12},"9":{"name":"_callee$","decl":{"start":{"line":14,"column":44},"end":{"line":14,"column":52}},"loc":{"start":{"line":14,"column":63},"end":{"line":48,"column":5}},"line":14},"10":{"name":"queryValidate","decl":{"start":{"line":51,"column":18},"end":{"line":51,"column":31}},"loc":{"start":{"line":51,"column":46},"end":{"line":53,"column":3}},"line":51}},"branchMap":{"0":{"loc":{"start":{"line":5,"column":46},"end":{"line":5,"column":94}},"type":"cond-expr","locations":[{"start":{"line":5,"column":70},"end":{"line":5,"column":73}},{"start":{"line":5,"column":76},"end":{"line":5,"column":94}}],"line":5},"1":{"loc":{"start":{"line":5,"column":46},"end":{"line":5,"column":67}},"type":"binary-expr","locations":[{"start":{"line":5,"column":46},"end":{"line":5,"column":49}},{"start":{"line":5,"column":53},"end":{"line":5,"column":67}}],"line":5},"2":{"loc":{"start":{"line":7,"column":176},"end":{"line":7,"column":263}},"type":"if","locations":[{"start":{"line":7,"column":176},"end":{"line":7,"column":263}},{"start":{"line":7,"column":176},"end":{"line":7,"column":263}}],"line":7},"3":{"loc":{"start":{"line":16,"column":8},"end":{"line":46,"column":9}},"type":"switch","locations":[{"start":{"line":17,"column":10},"end":{"line":25,"column":45}},{"start":{"line":27,"column":10},"end":{"line":38,"column":16}},{"start":{"line":40,"column":10},"end":{"line":41,"column":19}},{"start":{"line":43,"column":10},"end":{"line":43,"column":17}},{"start":{"line":44,"column":10},"end":{"line":45,"column":35}}],"line":16},"4":{"loc":{"start":{"line":30,"column":12},"end":{"line":33,"column":13}},"type":"if","locations":[{"start":{"line":30,"column":12},"end":{"line":33,"column":13}},{"start":{"line":30,"column":12},"end":{"line":33,"column":13}}],"line":30}},"s":{"0":1,"1":1,"2":6,"3":6,"4":6,"5":0,"6":0,"7":6,"8":3,"9":3,"10":1,"11":3,"12":3,"13":3,"14":3,"15":6,"16":0,"17":3,"18":1,"19":1,"20":3,"21":8,"22":9,"23":3,"24":3,"25":3,"26":3,"27":3,"28":1,"29":1,"30":2,"31":1,"32":3,"33":1,"34":3,"35":1},"f":{"0":1,"1":6,"2":1,"3":3,"4":3,"5":6,"6":0,"7":1,"8":3,"9":8,"10":3},"b":{"0":[0,1],"1":[1,1],"2":[3,3],"3":[3,3,1,1,3],"4":[1,2]},"inputSourceMap":{"version":3,"sources":["query.js"],"names":["queryValidate","req","res","next","schema","Joi","object","firstName","string","required","min","lastName","email","message","validate","body","result","error","status","json","details","module","exports"],"mappings":";;AAAA;;;;;;;;AAEA,IAAMA,aAAa;AAAA,qEAAG,iBAAMC,GAAN,EAAWC,GAAX,EAAgBC,IAAhB;AAAA;AAAA;AAAA;AAAA;AAAA;AACZC,YAAAA,MADY,GACHC,gBAAIC,MAAJ,CAAW;AACtBC,cAAAA,SAAS,EAAEF,gBAAIG,MAAJ,GAAaC,QAAb,GAAwBC,GAAxB,CAA4B,CAA5B,CADW;AAEtBC,cAAAA,QAAQ,EAAEN,gBAAIG,MAAJ,GAAaC,QAAb,GAAwBC,GAAxB,CAA4B,CAA5B,CAFY;AAGtBE,cAAAA,KAAK,EAAEP,gBAAIG,MAAJ,GAAaI,KAAb,GAAqBH,QAArB,EAHe;AAItBI,cAAAA,OAAO,EAAER,gBAAIG,MAAJ,GAAaC,QAAb,GAAwBC,GAAxB,CAA4B,CAA5B;AAJa,aAAX,CADG;AAAA;AAAA,mBAOGN,MAAM,CAACU,QAAP,CAAgBb,GAAG,CAACc,IAApB,CAPH;;AAAA;AAOZC,YAAAA,MAPY;;AAAA,iBAQdA,MAAM,CAACC,KARO;AAAA;AAAA;AAAA;;AAAA,6CASPf,GAAG,CAACgB,MAAJ,CAAW,GAAX,EAAgBC,IAAhB,CAAqB;AAACD,cAAAA,MAAM,EAAE,GAAT;AAAcD,cAAAA,KAAK,YAAKD,MAAM,CAACC,KAAP,CAAaG,OAAb,CAAqB,CAArB,EAAwBP,OAA7B;AAAnB,aAArB,CATO;;AAAA;AAYlBV,YAAAA,IAAI;;AAZc;AAAA;AAAA;AAAA;AAAA;AAAA;AAAA,GAAH;;AAAA,kBAAbH,aAAa;AAAA;AAAA;AAAA,GAAnB;;AAeAqB,MAAM,CAACC,OAAP,GAAiBtB,aAAjB","sourceRoot":"C:\\Users\\user\\Desktop\\Andela\\My-Brand-Theoneste\\server\\validators\\","sourcesContent":["import Joi from '@hapi/joi'\r\n\r\nconst queryValidate = async(req, res, next) => {\r\n    const schema = Joi.object({\r\n        firstName: Joi.string().required().min(5),\r\n        lastName: Joi.string().required().min(5) ,\r\n        email: Joi.string().email().required(),\r\n        message: Joi.string().required().min(5)\r\n    })\r\n    const result = await schema.validate(req.body);\r\n    if (result.error) {\r\n        return res.status(400).json({status: 400, error: `${result.error.details[0].message}`\r\n        })\r\n    }\r\n    next()\r\n}\r\n\r\nmodule.exports = queryValidate\r\n"]},"_coverageSchema":"1a1c01bbd47fc00a2c39e90264f33305004495a9","hash":"0087897a75d686d51c17ccf8c4e3c704643b33a6","contentHash":"e729f8545b7cd060d196859d70f5c05da03e4f84575f32b0b6654e40ce35cdc3"},"C:\\Users\\user\\Desktop\\Andela\\My-Brand-Theoneste\\server\\controllers\\queriesController.js":{"path":"C:\\Users\\user\\Desktop\\Andela\\My-Brand-Theoneste\\server\\controllers\\queriesController.js","statementMap":{"0":{"start":{"line":3,"column":0},"end":{"line":5,"column":3}},"1":{"start":{"line":6,"column":0},"end":{"line":6,"column":99}},"2":{"start":{"line":8,"column":18},"end":{"line":8,"column":73}},"3":{"start":{"line":10,"column":39},"end":{"line":10,"column":95}},"4":{"start":{"line":12,"column":77},"end":{"line":12,"column":175}},"5":{"start":{"line":12,"column":94},"end":{"line":12,"column":107}},"6":{"start":{"line":12,"column":121},"end":{"line":12,"column":131}},"7":{"start":{"line":12,"column":151},"end":{"line":12,"column":165}},"8":{"start":{"line":12,"column":166},"end":{"line":12,"column":173}},"9":{"start":{"line":12,"column":176},"end":{"line":12,"column":263}},"10":{"start":{"line":12,"column":193},"end":{"line":12,"column":208}},"11":{"start":{"line":12,"column":218},"end":{"line":12,"column":261}},"12":{"start":{"line":14,"column":33},"end":{"line":14,"column":387}},"13":{"start":{"line":14,"column":65},"end":{"line":14,"column":69}},"14":{"start":{"line":14,"column":78},"end":{"line":14,"column":87}},"15":{"start":{"line":14,"column":89},"end":{"line":14,"column":384}},"16":{"start":{"line":14,"column":147},"end":{"line":14,"column":167}},"17":{"start":{"line":14,"column":193},"end":{"line":14,"column":264}},"18":{"start":{"line":14,"column":290},"end":{"line":14,"column":360}},"19":{"start":{"line":14,"column":363},"end":{"line":14,"column":380}},"20":{"start":{"line":17,"column":31},"end":{"line":62,"column":3}},"21":{"start":{"line":18,"column":13},"end":{"line":57,"column":5}},"22":{"start":{"line":20,"column":4},"end":{"line":56,"column":32}},"23":{"start":{"line":21,"column":6},"end":{"line":55,"column":7}},"24":{"start":{"line":22,"column":8},"end":{"line":54,"column":9}},"25":{"start":{"line":24,"column":12},"end":{"line":24,"column":30}},"26":{"start":{"line":25,"column":12},"end":{"line":30,"column":15}},"27":{"start":{"line":31,"column":12},"end":{"line":31,"column":30}},"28":{"start":{"line":32,"column":12},"end":{"line":37,"column":15}},"29":{"start":{"line":33,"column":14},"end":{"line":36,"column":17}},"30":{"start":{"line":40,"column":12},"end":{"line":40,"column":30}},"31":{"start":{"line":41,"column":12},"end":{"line":41,"column":18}},"32":{"start":{"line":44,"column":12},"end":{"line":44,"column":30}},"33":{"start":{"line":45,"column":12},"end":{"line":45,"column":47}},"34":{"start":{"line":46,"column":12},"end":{"line":49,"column":15}},"35":{"start":{"line":53,"column":12},"end":{"line":53,"column":35}},"36":{"start":{"line":59,"column":2},"end":{"line":61,"column":4}},"37":{"start":{"line":60,"column":4},"end":{"line":60,"column":39}},"38":{"start":{"line":65,"column":0},"end":{"line":65,"column":34}},"39":{"start":{"line":67,"column":21},"end":{"line":79,"column":1}},"40":{"start":{"line":68,"column":2},"end":{"line":78,"column":5}},"41":{"start":{"line":69,"column":4},"end":{"line":72,"column":7}},"42":{"start":{"line":74,"column":4},"end":{"line":77,"column":7}},"43":{"start":{"line":82,"column":0},"end":{"line":82,"column":40}},"44":{"start":{"line":84,"column":19},"end":{"line":98,"column":1}},"45":{"start":{"line":85,"column":2},"end":{"line":97,"column":5}},"46":{"start":{"line":88,"column":4},"end":{"line":91,"column":7}},"47":{"start":{"line":93,"column":4},"end":{"line":96,"column":7}},"48":{"start":{"line":101,"column":0},"end":{"line":101,"column":36}},"49":{"start":{"line":103,"column":31},"end":{"line":145,"column":3}},"50":{"start":{"line":104,"column":14},"end":{"line":140,"column":5}},"51":{"start":{"line":105,"column":4},"end":{"line":139,"column":33}},"52":{"start":{"line":106,"column":6},"end":{"line":138,"column":7}},"53":{"start":{"line":107,"column":8},"end":{"line":137,"column":9}},"54":{"start":{"line":109,"column":12},"end":{"line":109,"column":31}},"55":{"start":{"line":110,"column":12},"end":{"line":110,"column":31}},"56":{"start":{"line":111,"column":12},"end":{"line":113,"column":15}},"57":{"start":{"line":116,"column":12},"end":{"line":119,"column":15}},"58":{"start":{"line":120,"column":12},"end":{"line":120,"column":31}},"59":{"start":{"line":121,"column":12},"end":{"line":121,"column":18}},"60":{"start":{"line":124,"column":12},"end":{"line":124,"column":31}},"61":{"start":{"line":125,"column":12},"end":{"line":125,"column":49}},"62":{"start":{"line":127,"column":12},"end":{"line":132,"column":15}},"63":{"start":{"line":128,"column":14},"end":{"line":131,"column":17}},"64":{"start":{"line":136,"column":12},"end":{"line":136,"column":36}},"65":{"start":{"line":142,"column":2},"end":{"line":144,"column":4}},"66":{"start":{"line":143,"column":4},"end":{"line":143,"column":40}},"67":{"start":{"line":147,"column":0},"end":{"line":147,"column":34}}},"fnMap":{"0":{"name":"_interopRequireDefault","decl":{"start":{"line":10,"column":9},"end":{"line":10,"column":31}},"loc":{"start":{"line":10,"column":37},"end":{"line":10,"column":97}},"line":10},"1":{"name":"asyncGeneratorStep","decl":{"start":{"line":12,"column":9},"end":{"line":12,"column":27}},"loc":{"start":{"line":12,"column":75},"end":{"line":12,"column":265}},"line":12},"2":{"name":"_asyncToGenerator","decl":{"start":{"line":14,"column":9},"end":{"line":14,"column":26}},"loc":{"start":{"line":14,"column":31},"end":{"line":14,"column":389}},"line":14},"3":{"name":"(anonymous_3)","decl":{"start":{"line":14,"column":40},"end":{"line":14,"column":41}},"loc":{"start":{"line":14,"column":52},"end":{"line":14,"column":386}},"line":14},"4":{"name":"(anonymous_4)","decl":{"start":{"line":14,"column":108},"end":{"line":14,"column":109}},"loc":{"start":{"line":14,"column":135},"end":{"line":14,"column":382}},"line":14},"5":{"name":"_next","decl":{"start":{"line":14,"column":178},"end":{"line":14,"column":183}},"loc":{"start":{"line":14,"column":191},"end":{"line":14,"column":266}},"line":14},"6":{"name":"_throw","decl":{"start":{"line":14,"column":276},"end":{"line":14,"column":282}},"loc":{"start":{"line":14,"column":288},"end":{"line":14,"column":362}},"line":14},"7":{"name":"(anonymous_7)","decl":{"start":{"line":17,"column":31},"end":{"line":17,"column":32}},"loc":{"start":{"line":17,"column":43},"end":{"line":62,"column":1}},"line":17},"8":{"name":"_callee","decl":{"start":{"line":18,"column":78},"end":{"line":18,"column":85}},"loc":{"start":{"line":18,"column":102},"end":{"line":57,"column":3}},"line":18},"9":{"name":"_callee$","decl":{"start":{"line":20,"column":44},"end":{"line":20,"column":52}},"loc":{"start":{"line":20,"column":63},"end":{"line":56,"column":5}},"line":20},"10":{"name":"(anonymous_10)","decl":{"start":{"line":32,"column":40},"end":{"line":32,"column":41}},"loc":{"start":{"line":32,"column":52},"end":{"line":37,"column":13}},"line":32},"11":{"name":"createQuery","decl":{"start":{"line":59,"column":18},"end":{"line":59,"column":29}},"loc":{"start":{"line":59,"column":44},"end":{"line":61,"column":3}},"line":59},"12":{"name":"findAllQueries","decl":{"start":{"line":67,"column":30},"end":{"line":67,"column":44}},"loc":{"start":{"line":67,"column":61},"end":{"line":79,"column":1}},"line":67},"13":{"name":"(anonymous_13)","decl":{"start":{"line":68,"column":37},"end":{"line":68,"column":38}},"loc":{"start":{"line":68,"column":56},"end":{"line":73,"column":3}},"line":68},"14":{"name":"(anonymous_14)","decl":{"start":{"line":73,"column":14},"end":{"line":73,"column":15}},"loc":{"start":{"line":73,"column":31},"end":{"line":78,"column":3}},"line":73},"15":{"name":"findOneQuery","decl":{"start":{"line":84,"column":28},"end":{"line":84,"column":40}},"loc":{"start":{"line":84,"column":57},"end":{"line":98,"column":1}},"line":84},"16":{"name":"(anonymous_16)","decl":{"start":{"line":87,"column":10},"end":{"line":87,"column":11}},"loc":{"start":{"line":87,"column":26},"end":{"line":92,"column":3}},"line":87},"17":{"name":"(anonymous_17)","decl":{"start":{"line":92,"column":14},"end":{"line":92,"column":15}},"loc":{"start":{"line":92,"column":31},"end":{"line":97,"column":3}},"line":92},"18":{"name":"(anonymous_18)","decl":{"start":{"line":103,"column":31},"end":{"line":103,"column":32}},"loc":{"start":{"line":103,"column":43},"end":{"line":145,"column":1}},"line":103},"19":{"name":"_callee2","decl":{"start":{"line":104,"column":79},"end":{"line":104,"column":87}},"loc":{"start":{"line":104,"column":104},"end":{"line":140,"column":3}},"line":104},"20":{"name":"_callee2$","decl":{"start":{"line":105,"column":44},"end":{"line":105,"column":53}},"loc":{"start":{"line":105,"column":65},"end":{"line":139,"column":5}},"line":105},"21":{"name":"(anonymous_21)","decl":{"start":{"line":127,"column":13},"end":{"line":127,"column":14}},"loc":{"start":{"line":127,"column":30},"end":{"line":132,"column":13}},"line":127},"22":{"name":"deleteQuery","decl":{"start":{"line":142,"column":18},"end":{"line":142,"column":29}},"loc":{"start":{"line":142,"column":45},"end":{"line":144,"column":3}},"line":142}},"branchMap":{"0":{"loc":{"start":{"line":10,"column":46},"end":{"line":10,"column":94}},"type":"cond-expr","locations":[{"start":{"line":10,"column":70},"end":{"line":10,"column":73}},{"start":{"line":10,"column":76},"end":{"line":10,"column":94}}],"line":10},"1":{"loc":{"start":{"line":10,"column":46},"end":{"line":10,"column":67}},"type":"binary-expr","locations":[{"start":{"line":10,"column":46},"end":{"line":10,"column":49}},{"start":{"line":10,"column":53},"end":{"line":10,"column":67}}],"line":10},"2":{"loc":{"start":{"line":12,"column":176},"end":{"line":12,"column":263}},"type":"if","locations":[{"start":{"line":12,"column":176},"end":{"line":12,"column":263}},{"start":{"line":12,"column":176},"end":{"line":12,"column":263}}],"line":12},"3":{"loc":{"start":{"line":22,"column":8},"end":{"line":54,"column":9}},"type":"switch","locations":[{"start":{"line":23,"column":10},"end":{"line":37,"column":15}},{"start":{"line":39,"column":10},"end":{"line":41,"column":18}},{"start":{"line":43,"column":10},"end":{"line":49,"column":15}},{"start":{"line":51,"column":10},"end":{"line":51,"column":17}},{"start":{"line":52,"column":10},"end":{"line":53,"column":35}}],"line":22},"4":{"loc":{"start":{"line":107,"column":8},"end":{"line":137,"column":9}},"type":"switch","locations":[{"start":{"line":108,"column":10},"end":{"line":113,"column":15}},{"start":{"line":115,"column":10},"end":{"line":121,"column":18}},{"start":{"line":123,"column":10},"end":{"line":132,"column":15}},{"start":{"line":134,"column":10},"end":{"line":134,"column":17}},{"start":{"line":135,"column":10},"end":{"line":136,"column":36}}],"line":107}},"s":{"0":1,"1":1,"2":1,"3":1,"4":4,"5":4,"6":4,"7":0,"8":0,"9":4,"10":2,"11":2,"12":2,"13":2,"14":2,"15":2,"16":2,"17":4,"18":0,"19":2,"20":1,"21":1,"22":1,"23":2,"24":3,"25":1,"26":1,"27":1,"28":1,"29":1,"30":1,"31":1,"32":0,"33":0,"34":0,"35":1,"36":1,"37":1,"38":1,"39":1,"40":0,"41":0,"42":0,"43":1,"44":1,"45":1,"46":1,"47":0,"48":1,"49":1,"50":1,"51":1,"52":2,"53":3,"54":1,"55":1,"56":1,"57":1,"58":1,"59":1,"60":0,"61":0,"62":0,"63":0,"64":1,"65":1,"66":1,"67":1},"f":{"0":1,"1":4,"2":2,"3":2,"4":2,"5":4,"6":0,"7":1,"8":1,"9":2,"10":1,"11":1,"12":0,"13":0,"14":0,"15":1,"16":1,"17":0,"18":1,"19":1,"20":2,"21":0,"22":1},"b":{"0":[0,1],"1":[1,1],"2":[2,2],"3":[1,1,0,1,1],"4":[1,1,0,1,1]},"inputSourceMap":{"version":3,"sources":["queriesController.js"],"names":["createQuery","req","res","next","newQuery","querymodel","firstName","body","lastName","email","message","save","then","status","send","findAllQueries","find","queries","All_Messages","error","findOneQuery","findById","_id","params","id","blog","blogFound","deleteQuery","deleteOne"],"mappings":";;;;;;;AACA;;;;;;;;AAEA;AACA,IAAMA,WAAW;AAAA,qEAAG,iBAAOC,GAAP,EAAYC,GAAZ,EAAiBC,IAAjB;AAAA;AAAA;AAAA;AAAA;AAAA;AAAA;AAENC,YAAAA,QAFM,GAEK,IAAIC,sBAAJ,CAAe;AAC5BC,cAAAA,SAAS,EAAEL,GAAG,CAACM,IAAJ,CAASD,SADQ;AAE5BE,cAAAA,QAAQ,EAAEP,GAAG,CAACM,IAAJ,CAASC,QAFS;AAG5BC,cAAAA,KAAK,EAAER,GAAG,CAACM,IAAJ,CAASE,KAHY;AAI5BC,cAAAA,OAAO,EAAET,GAAG,CAACM,IAAJ,CAASG;AAJU,aAAf,CAFL;AAAA;AAAA,mBAQNN,QAAQ,CAACO,IAAT,GAAgBC,IAAhB,CAAqB,YAAM;AACzBV,cAAAA,GAAG,CAACW,MAAJ,CAAW,GAAX,EAAgBC,IAAhB,CAAqB;AAACD,gBAAAA,MAAM,EAAC,GAAR;AAAYH,gBAAAA,OAAO,EAAE;AAArB,eAArB;AACH,aAFC,CARM;;AAAA;AAAA;AAAA;;AAAA;AAAA;AAAA;AAaZR,YAAAA,GAAG,CAACW,MAAJ,CAAW,GAAX,EAAgBC,IAAhB,CAAqB;AAACD,cAAAA,MAAM,EAAC,GAAR;AAAYH,cAAAA,OAAO,EAAE;AAArB,aAArB;;AAbY;AAAA;AAAA;AAAA;AAAA;AAAA;AAAA,GAAH;;AAAA,kBAAXV,WAAW;AAAA;AAAA;AAAA,GAAjB,C,CAiBA;;;;;AACA,IAAMe,cAAc,GAAG,SAAjBA,cAAiB,CAACd,GAAD,EAAMC,GAAN,EAAWC,IAAX,EAAoB;AACvCE,yBAAWW,IAAX,GAAkBJ,IAAlB,CAAuB,UAACK,OAAD,EAAa;AAC5Bf,IAAAA,GAAG,CAACW,MAAJ,CAAW,GAAX,EAAgBC,IAAhB,CAAqB;AAAED,MAAAA,MAAM,EAAE,GAAV;AAAeK,MAAAA,YAAY,EAAED;AAA7B,KAArB;AACH,GAFL,WAEe,UAACE,KAAD,EAAW;AAClBjB,IAAAA,GAAG,CAACW,MAAJ,CAAW,GAAX,EAAgBC,IAAhB,CAAqB;AAACD,MAAAA,MAAM,EAAC,GAAR;AAAYM,MAAAA,KAAK,EAAEA;AAAnB,KAArB;AACH,GAJL;AAKH,CAND,C,CAQA;;;;;AACA,IAAMC,YAAY,GAAG,SAAfA,YAAe,CAACnB,GAAD,EAAMC,GAAN,EAAWC,IAAX,EAAoB;AACrCE,yBAAWgB,QAAX,CAAoB;AAAEC,IAAAA,GAAG,EAAErB,GAAG,CAACsB,MAAJ,CAAWC;AAAlB,GAApB,EAA2CZ,IAA3C,CAAgD,UAACa,IAAD,EAAU;AAClDvB,IAAAA,GAAG,CAACW,MAAJ,CAAW,GAAX,EAAgBC,IAAhB,CAAqB;AAACD,MAAAA,MAAM,EAAC,GAAR;AAAaa,MAAAA,SAAS,EAACD;AAAvB,KAArB;AACH,GAFL,WAEa,UAACN,KAAD,EAAW;AAChBjB,IAAAA,GAAG,CAACW,MAAJ,CAAW,GAAX,EAAgBC,IAAhB,CAAqB;AAACD,MAAAA,MAAM,EAAC,GAAR;AAAaM,MAAAA,KAAK,EAAEA;AAApB,KAArB;AACH,GAJL;AAMH,CAPD,C,CASA;;;;;AACA,IAAMQ,WAAW;AAAA,sEAAG,kBAAO1B,GAAP,EAAYC,GAAZ,EAAiBC,IAAjB;AAAA;AAAA;AAAA;AAAA;AAAA;AAAA;AAAA,mBAENE,uBAAWuB,SAAX,CAAqB;AAAEN,cAAAA,GAAG,EAAErB,GAAG,CAACsB,MAAJ,CAAWC;AAAlB,aAArB,CAFM;;AAAA;AAGZtB,YAAAA,GAAG,CAACW,MAAJ,CAAW,GAAX,EAAgBC,IAAhB,CAAqB;AAAED,cAAAA,MAAM,EAAE,GAAV;AAAeH,cAAAA,OAAO,EAAC;AAAvB,aAArB;AAHY;AAAA;;AAAA;AAAA;AAAA;;AAIR,uBAACS,KAAD,EAAW;AACXjB,cAAAA,GAAG,CAACW,MAAJ,CAAW,GAAX,EAAgBC,IAAhB,CAAqB;AAACD,gBAAAA,MAAM,EAAC,GAAR;AAAYM,gBAAAA,KAAK,EAAEA;AAAnB,eAArB;AACH,aAFG;;AAJQ;AAAA;AAAA;AAAA;AAAA;AAAA;AAAA,GAAH;;AAAA,kBAAXQ,WAAW;AAAA;AAAA;AAAA,GAAjB","sourceRoot":"C:\\Users\\user\\Desktop\\Andela\\My-Brand-Theoneste\\server\\controllers\\","sourcesContent":["// import './node_modules/regenerator-runtime/runtime'\r\nimport querymodel from \"../models/queryModel\"\r\n\r\n// create a query\r\nconst createQuery = async (req, res, next) => {\r\n    try {\r\n        const newQuery = new querymodel({\r\n            firstName: req.body.firstName,\r\n            lastName: req.body.lastName,\r\n            email: req.body.email,\r\n            message: req.body.message\r\n        });\r\n        await newQuery.save().then(() => {\r\n                res.status(201).send({status:201,message: 'Query saved successfully!'});\r\n            })\r\n    }\r\n    catch{\r\n        res.status(400).send({status:400,message: 'Query not saved!'});\r\n    }\r\n};\r\n\r\n// find all queries\r\nconst findAllQueries = (req, res, next) => {\r\n    querymodel.find().then((queries) => {\r\n            res.status(200).send({ status: 200, All_Messages: queries })\r\n        } ).catch( (error) => {\r\n            res.status(400).send({status:400,error: error});\r\n        });\r\n}\r\n\r\n// find one query\r\nconst findOneQuery = (req, res, next) => {\r\n    querymodel.findById({ _id: req.params.id}).then((blog) => {\r\n            res.status(401).send({status:401, blogFound:blog});\r\n        }).catch((error) => {\r\n            res.status(404).send({status:404, error: error });\r\n        }\r\n    );\r\n};\r\n\r\n// delete a query\r\nconst deleteQuery = async (req, res, next) => {\r\n    try {\r\n        await querymodel.deleteOne({ _id: req.params.id })\r\n        res.status(401).send({ status: 401, message:\"Qwery deleted successfylly\"})\r\n    } catch{(error) => {\r\n            res.status(404).send({status:404,error: error});\r\n        }\r\n    }\r\n}\r\n\r\nexport {createQuery, findAllQueries, findOneQuery, deleteQuery}\r\n"]},"_coverageSchema":"1a1c01bbd47fc00a2c39e90264f33305004495a9","hash":"acf92d4163767ef2ecb92b1aebcddb215ee95762","contentHash":"48c4fd48e97691209f92013e650bfcc485723f079db8b0604f09b7a7ff95a345"},"C:\\Users\\user\\Desktop\\Andela\\My-Brand-Theoneste\\server\\models\\queryModel.js":{"path":"C:\\Users\\user\\Desktop\\Andela\\My-Brand-Theoneste\\server\\models\\queryModel.js","statementMap":{"0":{"start":{"line":3,"column":16},"end":{"line":3,"column":59}},"1":{"start":{"line":5,"column":39},"end":{"line":5,"column":95}},"2":{"start":{"line":8,"column":13},"end":{"line":13,"column":2}},"3":{"start":{"line":14,"column":0},"end":{"line":14,"column":61}}},"fnMap":{"0":{"name":"_interopRequireDefault","decl":{"start":{"line":5,"column":9},"end":{"line":5,"column":31}},"loc":{"start":{"line":5,"column":37},"end":{"line":5,"column":97}},"line":5}},"branchMap":{"0":{"loc":{"start":{"line":5,"column":46},"end":{"line":5,"column":94}},"type":"cond-expr","locations":[{"start":{"line":5,"column":70},"end":{"line":5,"column":73}},{"start":{"line":5,"column":76},"end":{"line":5,"column":94}}],"line":5},"1":{"loc":{"start":{"line":5,"column":46},"end":{"line":5,"column":67}},"type":"binary-expr","locations":[{"start":{"line":5,"column":46},"end":{"line":5,"column":49}},{"start":{"line":5,"column":53},"end":{"line":5,"column":67}}],"line":5}},"s":{"0":1,"1":1,"2":1,"3":1},"f":{"0":1},"b":{"0":[0,1],"1":[1,1]},"inputSourceMap":{"version":3,"sources":["queryModel.js"],"names":["schema","mongoose","Schema","firstName","String","lastName","email","message","module","exports","model"],"mappings":";;AAEA;;;;AAFA;AAGA,IAAMA,MAAM,GAAG,IAAIC,qBAASC,MAAb,CAAoB;AAC/BC,EAAAA,SAAS,EAAEC,MADoB;AAE/BC,EAAAA,QAAQ,EAAED,MAFqB;AAG/BE,EAAAA,KAAK,EAAEF,MAHwB;AAI/BG,EAAAA,OAAO,EAAEH;AAJsB,CAApB,CAAf;AAMAI,MAAM,CAACC,OAAP,GAAiBR,qBAASS,KAAT,CAAe,OAAf,EAAwBV,MAAxB,CAAjB","sourceRoot":"C:\\Users\\user\\Desktop\\Andela\\My-Brand-Theoneste\\server\\models\\","sourcesContent":["//schema.js\r\n\r\nimport mongoose from\"mongoose\"\r\nconst schema = new mongoose.Schema({\r\n    firstName: String, \r\n    lastName: String,\r\n    email: String,\r\n    message: String,\r\n});\r\nmodule.exports = mongoose.model(\"Query\", schema);\r\n"]},"_coverageSchema":"1a1c01bbd47fc00a2c39e90264f33305004495a9","hash":"881f4fa68c344e71a417b79750453996465d60ba","contentHash":"02ef4b14c77b78ba5574cbc371687c2f3128920fb12c66833c2b72877a88b38b"},"C:\\Users\\user\\Desktop\\Andela\\My-Brand-Theoneste\\server\\routes\\UserRouter.js":{"path":"C:\\Users\\user\\Desktop\\Andela\\My-Brand-Theoneste\\server\\routes\\UserRouter.js","statementMap":{"0":{"start":{"line":3,"column":0},"end":{"line":5,"column":3}},"1":{"start":{"line":6,"column":0},"end":{"line":6,"column":28}},"2":{"start":{"line":8,"column":15},"end":{"line":8,"column":57}},"3":{"start":{"line":10,"column":12},"end":{"line":10,"column":65}},"4":{"start":{"line":12,"column":13},"end":{"line":12,"column":67}},"5":{"start":{"line":14,"column":21},"end":{"line":14,"column":62}},"6":{"start":{"line":16,"column":23},"end":{"line":16,"column":66}},"7":{"start":{"line":18,"column":22},"end":{"line":18,"column":62}},"8":{"start":{"line":20,"column":39},"end":{"line":20,"column":95}},"9":{"start":{"line":22,"column":13},"end":{"line":22,"column":41}},"10":{"start":{"line":24,"column":0},"end":{"line":24,"column":77}},"11":{"start":{"line":25,"column":0},"end":{"line":25,"column":56}},"12":{"start":{"line":26,"column":0},"end":{"line":26,"column":61}},"13":{"start":{"line":27,"column":0},"end":{"line":27,"column":64}},"14":{"start":{"line":28,"column":0},"end":{"line":28,"column":113}},"15":{"start":{"line":29,"column":0},"end":{"line":29,"column":99}},"16":{"start":{"line":30,"column":0},"end":{"line":30,"column":108}},"17":{"start":{"line":31,"column":15},"end":{"line":31,"column":21}},"18":{"start":{"line":32,"column":0},"end":{"line":32,"column":30}}},"fnMap":{"0":{"name":"_interopRequireDefault","decl":{"start":{"line":20,"column":9},"end":{"line":20,"column":31}},"loc":{"start":{"line":20,"column":37},"end":{"line":20,"column":97}},"line":20}},"branchMap":{"0":{"loc":{"start":{"line":20,"column":46},"end":{"line":20,"column":94}},"type":"cond-expr","locations":[{"start":{"line":20,"column":70},"end":{"line":20,"column":73}},{"start":{"line":20,"column":76},"end":{"line":20,"column":94}}],"line":20},"1":{"loc":{"start":{"line":20,"column":46},"end":{"line":20,"column":67}},"type":"binary-expr","locations":[{"start":{"line":20,"column":46},"end":{"line":20,"column":49}},{"start":{"line":20,"column":53},"end":{"line":20,"column":67}}],"line":20}},"s":{"0":1,"1":1,"2":1,"3":1,"4":1,"5":1,"6":1,"7":1,"8":3,"9":1,"10":1,"11":1,"12":1,"13":1,"14":1,"15":1,"16":1,"17":1,"18":1},"f":{"0":3},"b":{"0":[0,3],"1":[3,3]},"inputSourceMap":{"version":3,"sources":["UserRouter.js"],"names":["router","express","Router","post","loginValidator","userLogin","logout","get","findAllBlogs","findOneBlog","patch","verfyingToken","blogValidator","upDateBlog","deleteBlog","createBlog"],"mappings":";;;;;;;AACA;;AACA;;AACA;;AACA;;AACA;;AACA;;;;AACA,IAAMA,MAAM,GAAGC,oBAAQC,MAAR,EAAf;;AAEAF,MAAM,CAACG,IAAP,CAAY,iBAAZ,EAA+BC,iBAA/B,EAA+CC,yBAA/C;AACAL,MAAM,CAACG,IAAP,CAAY,kBAAZ,EAAgCG,sBAAhC;AACAN,MAAM,CAACO,GAAP,CAAW,iBAAX,EAA8BC,6BAA9B;AACAR,MAAM,CAACO,GAAP,CAAW,qBAAX,EAAkCE,4BAAlC;AACAT,MAAM,CAACU,KAAP,CAAa,qBAAb,EAAoCC,4BAApC,EAAmDC,gBAAnD,EAAkEC,2BAAlE;AACAb,MAAM,UAAN,CAAc,qBAAd,EAAqCW,4BAArC,EAAoDG,2BAApD;AACAd,MAAM,CAACG,IAAP,CAAY,iBAAZ,EAA+BQ,4BAA/B,EAA8CC,gBAA9C,EAA6DG,2BAA7D;eAEef,M","sourceRoot":"C:\\Users\\user\\Desktop\\Andela\\My-Brand-Theoneste\\server\\routes\\","sourcesContent":["\r\nimport express from \"express\"\r\nimport blogValidator from \"../validators/blog\"\r\nimport loginValidator from \"../validators/login\"\r\nimport { verfyingToken, assigningToken }  from \"./../middlewares/verfyingToken\"\r\nimport { createBlog, findAllBlogs, findOneBlog,upDateBlog,deleteBlog } from \"./../controllers/blogsController\"\r\nimport { userLogin, logout}from \"../controllers/userController\"\r\nconst router = express.Router();\r\n\r\nrouter.post('/api/user/login', loginValidator, userLogin)\r\nrouter.post(\"/api/user/logout\", logout)\r\nrouter.get(\"/api/user/blogs\", findAllBlogs)\r\nrouter.get(\"/api/user/blogs/:id\", findOneBlog)\r\nrouter.patch(\"/api/user/blogs/:id\", verfyingToken, blogValidator, upDateBlog)\r\nrouter.delete(\"/api/user/blogs/:id\", verfyingToken, deleteBlog)\r\nrouter.post(\"/api/user/blogs\", verfyingToken, blogValidator, createBlog)\r\n\r\nexport default router\r\n"]},"_coverageSchema":"1a1c01bbd47fc00a2c39e90264f33305004495a9","hash":"4ff286100f2f4f9ac6ba62f7610dcfa0bdbdee8c","contentHash":"69e01f66add2e5fac75f57d03964009f4c508067427a8116bd2f9cce92d1a5f7"},"C:\\Users\\user\\Desktop\\Andela\\My-Brand-Theoneste\\server\\validators\\login.js":{"path":"C:\\Users\\user\\Desktop\\Andela\\My-Brand-Theoneste\\server\\validators\\login.js","statementMap":{"0":{"start":{"line":3,"column":11},"end":{"line":3,"column":55}},"1":{"start":{"line":5,"column":39},"end":{"line":5,"column":95}},"2":{"start":{"line":7,"column":77},"end":{"line":7,"column":175}},"3":{"start":{"line":7,"column":94},"end":{"line":7,"column":107}},"4":{"start":{"line":7,"column":121},"end":{"line":7,"column":131}},"5":{"start":{"line":7,"column":151},"end":{"line":7,"column":165}},"6":{"start":{"line":7,"column":166},"end":{"line":7,"column":173}},"7":{"start":{"line":7,"column":176},"end":{"line":7,"column":263}},"8":{"start":{"line":7,"column":193},"end":{"line":7,"column":208}},"9":{"start":{"line":7,"column":218},"end":{"line":7,"column":261}},"10":{"start":{"line":9,"column":33},"end":{"line":9,"column":387}},"11":{"start":{"line":9,"column":65},"end":{"line":9,"column":69}},"12":{"start":{"line":9,"column":78},"end":{"line":9,"column":87}},"13":{"start":{"line":9,"column":89},"end":{"line":9,"column":384}},"14":{"start":{"line":9,"column":147},"end":{"line":9,"column":167}},"15":{"start":{"line":9,"column":193},"end":{"line":9,"column":264}},"16":{"start":{"line":9,"column":290},"end":{"line":9,"column":360}},"17":{"start":{"line":9,"column":363},"end":{"line":9,"column":380}},"18":{"start":{"line":11,"column":33},"end":{"line":52,"column":3}},"19":{"start":{"line":12,"column":13},"end":{"line":47,"column":5}},"20":{"start":{"line":14,"column":4},"end":{"line":46,"column":16}},"21":{"start":{"line":15,"column":6},"end":{"line":45,"column":7}},"22":{"start":{"line":16,"column":8},"end":{"line":44,"column":9}},"23":{"start":{"line":18,"column":12},"end":{"line":21,"column":15}},"24":{"start":{"line":22,"column":12},"end":{"line":22,"column":30}},"25":{"start":{"line":23,"column":12},"end":{"line":23,"column":45}},"26":{"start":{"line":26,"column":12},"end":{"line":26,"column":35}},"27":{"start":{"line":28,"column":12},"end":{"line":31,"column":13}},"28":{"start":{"line":29,"column":14},"end":{"line":29,"column":32}},"29":{"start":{"line":30,"column":14},"end":{"line":30,"column":20}},"30":{"start":{"line":33,"column":12},"end":{"line":36,"column":16}},"31":{"start":{"line":39,"column":12},"end":{"line":39,"column":19}},"32":{"start":{"line":43,"column":12},"end":{"line":43,"column":35}},"33":{"start":{"line":49,"column":2},"end":{"line":51,"column":4}},"34":{"start":{"line":50,"column":4},"end":{"line":50,"column":39}},"35":{"start":{"line":54,"column":0},"end":{"line":54,"column":31}}},"fnMap":{"0":{"name":"_interopRequireDefault","decl":{"start":{"line":5,"column":9},"end":{"line":5,"column":31}},"loc":{"start":{"line":5,"column":37},"end":{"line":5,"column":97}},"line":5},"1":{"name":"asyncGeneratorStep","decl":{"start":{"line":7,"column":9},"end":{"line":7,"column":27}},"loc":{"start":{"line":7,"column":75},"end":{"line":7,"column":265}},"line":7},"2":{"name":"_asyncToGenerator","decl":{"start":{"line":9,"column":9},"end":{"line":9,"column":26}},"loc":{"start":{"line":9,"column":31},"end":{"line":9,"column":389}},"line":9},"3":{"name":"(anonymous_3)","decl":{"start":{"line":9,"column":40},"end":{"line":9,"column
[...]
OAAO,EAAEL,GAAG,CAACM,IAAJ,CAASD,OADc;AAEhCE,IAAAA,KAAK,EAAEP,GAAG,CAACM,IAAJ,CAASC,KAFgB;AAGhCC,IAAAA,WAAW,EAAER,GAAG,CAACM,IAAJ,CAASE,WAHU;AAIhCC,IAAAA,MAAM,EAACT,GAAG,CAACM,IAAJ,CAASG;AAJgB,GAAjB,CAAnB;AAMAN,EAAAA,UAAU,CAACO,IAAX,GAAkBC,IAAlB,CAAuB,YAAM;AACzBV,IAAAA,GAAG,CAACW,MAAJ,CAAW,GAAX,EAAgBC,IAAhB,CAAqB;AAAED,MAAAA,MAAM,EAAE,GAAV;AAAeE,MAAAA,OAAO,EAAE;AAAxB,KAArB;AACC,GAFL,WAEa,UAACC,KAAD,EAAW;AAChBd,IAAAA,GAAG,CAACW,MAAJ,CAAW,GAAX,EAAgBC,IAAhB,CAAqB;AAACD,MAAAA,MAAM,EAAE,GAAT;AAAcG,MAAAA,KAAK,EAAEA;AAArB,KAArB;AACH,GAJL;AAKH,CAZD,C,CAcA;;;;;AACA,IAAMC,eAAe,GAAG,SAAlBA,eAAkB,CAAChB,GAAD,EAAMC,GAAN,EAAWC,IAAX,EAAoB;AACxCE,2BAAaa,IAAb,GAAoBN,IAApB,CAAyB,UAACO,QAAD,EAAc;AAC/BjB,IAAAA,GAAG,CAACW,MAAJ,CAAW,GAAX,EAAgBC,IAAhB,CAAqB;AAAED,MAAAA,MAAM,EAAE,GAAV;AAAeE,MAAAA,OAAO,EAACI;AAAvB,KAArB;AACH,GAFL,WAEc,UAACH,KAAD,EAAU;AAChBd,IAAAA,GAAG,CAACW,MAAJ,CAAW,GAAX,EAAgBC,IAAhB,CAAqB;AAACD,MAAAA,MAAM,EAAC,GAAR;AAAaG,MAAAA,KAAK,EAAEA;AAApB,KAArB;AACP,GAJD;AAKH,CAND,C,CAQA;;;;;AACA,IAAMI,aAAa,GAAG,SAAhBA,aAAgB,CAACnB,GAAD,EAAMC,GAAN,EAAWC,IAAX,EAAoB;AACtCE,2BAAagB,QAAb,CAAsB;AAAEC,IAAAA,GAAG,EAAErB,GAAG,CAACsB,MAAJ,CAAWC;AAAlB,GAAtB,EAA8CZ,IAA9C,CAAmD,UAACa,OAAD,EAAa;AACxD,QAAIxB,GAAG,CAACM,IAAJ,CAASD,OAAb,EAAsB;AAACmB,MAAAA,OAAO,CAACnB,OAAR,GAAkBL,GAAG,CAACM,IAAJ,CAASD,OAA3B;AAAoC;;AAC3D,QAAIL,GAAG,CAACM,IAAJ,CAASC,KAAb,EAAoB;AAAEiB,MAAAA,OAAO,CAACjB,KAAR,GAAgBP,GAAG,CAACM,IAAJ,CAASC,KAAzB;AAAgC;;AACtD,QAAIP,GAAG,CAACM,IAAJ,CAASE,WAAb,EAA0B;AAAEgB,MAAAA,OAAO,CAAChB,WAAR,GAAsBR,GAAG,CAACM,IAAJ,CAASE,WAA/B;AAA4C;;AACxE,QAAIR,GAAG,CAACM,IAAJ,CAASG,MAAb,EAAqB;AAAEe,MAAAA,OAAO,CAACf,MAAR,GAAiBT,GAAG,CAACM,IAAJ,CAASG,MAA1B;AAAiC;;AACxDe,IAAAA,OAAO,CAACd,IAAR;AACAT,IAAAA,GAAG,CAACY,IAAJ,CAAS;AAAED,MAAAA,MAAM,EAAE,GAAV;AAAeE,MAAAA,OAAO,EAAE;AAAxB,KAAT;AACH,GAPL,WAOa,UAACC,KAAD,EAAW;AACZd,IAAAA,GAAG,CAACW,MAAJ,CAAW,GAAX,EAAgBC,IAAhB,CAAqB;AAACD,MAAAA,MAAM,EAAE,GAAT;AAAaG,MAAAA,KAAK,EAAEA;AAApB,KAArB;AACP,GATL;AAUH,CAXD,C,CAaA;;;;;AACA,IAAMU,aAAa;AAAA,qEAAG,iBAAOzB,GAAP,EAAYC,GAAZ,EAAiBC,IAAjB;AAAA;AAAA;AAAA;AAAA;AAAA;AAAA;AAAA,mBAERE,yBAAasB,SAAb,CAAuB;AAAEL,cAAAA,GAAG,EAAErB,GAAG,CAACsB,MAAJ,CAAWC;AAAlB,aAAvB,CAFQ;;AAAA;AAGdtB,YAAAA,GAAG,CAACW,MAAJ,CAAW,GAAX,EAAgBC,IAAhB,CAAqB;AAAED,cAAAA,MAAM,EAAE,GAAV;AAAeE,cAAAA,OAAO,EAAE;AAAxB,aAArB;AAHc;AAAA;;AAAA;AAAA;AAAA;;AAIV,uBAACC,KAAD,EAAW;AACXd,cAAAA,GAAG,CAACW,MAAJ,CAAW,GAAX,EAAgBC,IAAhB,CAAqB;AAACD,gBAAAA,MAAM,EAAE,GAAT;AAAcG,gBAAAA,KAAK,EAAE;AAArB,eAArB;AACH,aAFG;;AAJU;AAAA;AAAA;AAAA;AAAA;AAAA;AAAA,GAAH;;AAAA,kBAAbU,aAAa;AAAA;AAAA;AAAA,GAAnB","sourceRoot":"C:\\Users\\user\\Desktop\\Andela\\My-Brand-Theoneste\\server\\controllers\\","sourcesContent":["// controllers\r\n// importing runtime to support async in es6\r\nimport 'regenerator-runtime/runtime'\r\nimport profileModel from \"../models/profileModel\"\r\n\r\n// controller, create one profile\r\nconst createProfile = (req, res, next) => {\r\n    const newProfile = new profileModel({\r\n        picture: req.body.picture,\r\n        title: req.body.title,\r\n        description: req.body.description,\r\n        skills:req.body.skills\r\n    });\r\n    newProfile.save().then(() => {\r\n        res.status(201).send({ status: 201, message: \"Profile created successfully\" })\r\n        }).catch((error) => {\r\n            res.status(400).send({status: 400, error: error});\r\n        });\r\n};\r\n\r\n// find all Profiles\r\nconst findAllProfiles = (req, res, next) => {\r\n    profileModel.find().then((Profiles) => {\r\n            res.status(200).send({ status: 200, message:Profiles })\r\n        } ).catch((error)=> {\r\n            res.status(400).send({status:400, error: error});\r\n    });\r\n}\r\n\r\n// update one Profile\r\nconst upDateProfile = (req, res, next) => {\r\n    profileModel.findById({ _id: req.params.id }).then((Profile) => {\r\n            if (req.body.picture) {Profile.picture = req.body.picture }\r\n            if (req.body.title) { Profile.title = req.body.title }\r\n            if (req.body.description) { Profile.description = req.body.description }\r\n            if (req.body.skills) { Profile.skills = req.body.skills}\r\n            Profile.save()\r\n            res.send({ status: 200, message: \"profile updated successfully\" })\r\n        }).catch((error) => {\r\n                res.status(404).send({status: 404,error: error });\r\n        })\r\n}\r\n            \r\n// dele one Profile\r\nconst deleteProfile = async (req, res, next) => {\r\n    try {\r\n        await profileModel.deleteOne({ _id: req.params.id })\r\n        res.status(204).send({ status: 204, message: \"User profile deleted successfully\" })\r\n    } catch{(error) => {\r\n            res.status(404).send({status: 404, error: \"Profile deleted\"});\r\n        }}\r\n}\r\n\r\nexport { createProfile, deleteProfile, findAllProfiles, upDateProfile }\r\n"]},"_coverageSchema":"1a1c01bbd47fc00a2c39e90264f33305004495a9","hash":"ebff961c17f5c0392c1075eb8b9c178cd6cae93c","contentHash":"67fb7473281664cbee275478d464d27ebb4d43e6c72e7db3c4c45a06be503add"},"C:\\Users\\user\\Desktop\\Andela\\My-Brand-Theoneste\\server\\models\\profileModel.js":{"path":"C:\\Users\\user\\Desktop\\Andela\\My-Brand-Theoneste\\server\\models\\profileModel.js","statementMap":{"0":{"start":{"line":3,"column":16},"end":{"line":3,"column":59}},"1":{"start":{"line":5,"column":39},"end":{"line":5,"column":95}},"2":{"start":{"line":7,"column":13},"end":{"line":23,"column":2}},"3":{"start":{"line":24,"column":0},"end":{"line":24,"column":63}}},"fnMap":{"0":{"name":"_interopRequireDefault","decl":{"start":{"line":5,"column":9},"end":{"line":5,"column":31}},"loc":{"start":{"line":5,"column":37},"end":{"line":5,"column":97}},"line":5}},"branchMap":{"0":{"loc":{"start":{"line":5,"column":46},"end":{"line":5,"column":94}},"type":"cond-expr","locations":[{"start":{"line":5,"column":70},"end":{"line":5,"column":73}},{"start":{"line":5,"column":76},"end":{"line":5,"column":94}}],"line":5},"1":{"loc":{"start":{"line":5,"column":46},"end":{"line":5,"column":67}},"type":"binary-expr","locations":[{"start":{"line":5,"column":46},"end":{"line":5,"column":49}},{"start":{"line":5,"column":53},"end":{"line":5,"column":67}}],"line":5}},"s":{"0":1,"1":1,"2":1,"3":1},"f":{"0":1},"b":{"0":[0,1],"1":[1,1]},"inputSourceMap":{"version":3,"sources":["profileModel.js"],"names":["schema","mongoose","Schema","picture","type","String","required","title","description","skills","Array","module","exports","model"],"mappings":";;AAAA;;;;AACA,IAAMA,MAAM,GAAG,IAAIC,qBAASC,MAAb,CAAoB;AAC/BC,EAAAA,OAAO,EAAE;AAAEC,IAAAA,IAAI,EAAEC,MAAR;AAAgBC,IAAAA,QAAQ,EAAE;AAA1B,GADsB;AAE/BC,EAAAA,KAAK,EAAE;AAACH,IAAAA,IAAI,EAAEC,MAAP;AAAcC,IAAAA,QAAQ,EAAE;AAAxB,GAFwB;AAG/BE,EAAAA,WAAW,EAAE;AAAEJ,IAAAA,IAAI,EAAEC,MAAR;AAAeC,IAAAA,QAAQ,EAAE;AAAzB,GAHkB;AAI/BG,EAAAA,MAAM,EAAE;AAAEL,IAAAA,IAAI,EAAEM;AAAR;AAJuB,CAApB,CAAf;AAMAC,MAAM,CAACC,OAAP,GAAiBX,qBAASY,KAAT,CAAe,SAAf,EAA0Bb,MAA1B,CAAjB","sourceRoot":"C:\\Users\\user\\Desktop\\Andela\\My-Brand-Theoneste\\server\\models\\","sourcesContent":["import mongoose from \"mongoose\"\r\nconst schema = new mongoose.Schema({\r\n    picture: { type: String, required: true },\r\n    title: {type: String,required: true},\r\n    description: { type: String,required: true},\r\n    skills: { type: Array}\r\n});\r\nmodule.exports = mongoose.model(\"Profile\", schema);\r\n"]},"_coverageSchema":"1a1c01bbd47fc00a2c39e90264f33305004495a9","hash":"49b867103c1dc0c20607a8a411f2b55fd1bb7de5","contentHash":"0a363f0f7c8876e0d9d49c1a588550277afd51bd88398bb07c26f84adfe67766"},"C:\\Users\\user\\Desktop\\Andela\\My-Brand-Theoneste\\server\\config\\passport.js":{"path":"C:\\Users\\user\\Desktop\\Andela\\My-Brand-Theoneste\\server\\config\\passport.js","statementMap":{"0":{"start":{"line":3,"column":15},"end":{"line":3,"column":34}},"1":{"start":{"line":5,"column":20},"end":{"line":5,"column":54}},"2":{"start":{"line":7,"column":16},"end":{"line":7,"column":46}},"3":{"start":{"line":9,"column":0},"end":{"line":35,"column":4}},"4":{"start":{"line":12,"column":2},"end":{"line":34,"column":5}},"5":{"start":{"line":15,"column":4},"end":{"line":29,"column":5}},"6":{"start":{"line":18,"column":6},"end":{"line":20,"column":9}},"7":{"start":{"line":22,"column":6},"end":{"line":28,"column":7}},"8":{"start":{"line":22,"column":38},"end":{"line":22,"column":55}},"9":{"start":{"line":25,"column":8},"end":{"line":27,"column":11}},"10":{"start":{"line":31,"column":4},"end":{"line":33,"column":7}},"11":{"start":{"line":36,"column":0},"end":{"line":38,"column":3}},"12":{"start":{"line":37,"column":2},"end":{"line":37,"column":19}},"13":{"start":{"line":39,"column":0},"end":{"line":41,"column":3}},"14":{"start":{"line":40,"column":2},"end":{"line":40,"column":17}},"15":{"start":{"line":42,"column":0},"end":{"line":42,"column":26}}},"fnMap":{"0":{"name":"(anonymous_0)","decl":{"start":{"line":11,"column":3},"end":{"line":11,"column":4}},"loc":{"start":{"line":11,"column":36},"end":{"line":35,"column":1}},"line":11},"1":{"name":"(anonymous_1)","decl":{"start":{"line":14,"column":10},"end":{"line":14,"column":11}},"loc":{"start":{"line":14,"column":26},"end":{"line":30,"column":3}},"line":14},"2":{"name":"(anonymous_2)","decl":{"start":{"line":30,"column":14},"end":{"line":30,"column":15}},"loc":{"start":{"line":30,"column":31},"end":{"line":34,"column":3}},"line":30},"3":{"name":"(anonymous_3)","decl":{"start":{"line":36,"column":23},"end":{"line":36,"column":24}},"loc":{"start":{"line":36,"column":45},"end":{"line":38,"column":1}},"line":36},"4":{"name":"(anonymous_4)","decl":{"start":{"line":39,"column":25},"end":{"line":39,"column":26}},"loc":{"start":{"line":39,"column":45},"end":{"line":41,"column":1}},"line":39}},"branchMap":{"0":{"loc":{"start":{"line":15,"column":4},"end":{"line":29,"column":5}},"type":"if","locations":[{"start":{"line":15,"column":4},"end":{"line":29,"column":5}},{"start":{"line":15,"column":4},"end":{"line":29,"column":5}}],"line":15},"1":{"loc":{"start":{"line":22,"column":6},"end":{"line":28,"column":7}},"type":"if","locations":[{"start":{"line":22,"column":6},"end":{"line":28,"column":7}},{"start":{"line":22,"column":6},"end":{"line":28,"column":7}}],"line":22}},"s":{"0":1,"1":1,"2":1,"3":1,"4":0,"5":0,"6":0,"7":0,"8":0,"9":0,"10":0,"11":1,"12":0,"13":1,"14":0,"15":1},"f":{"0":0,"1":0,"2":0,"3":0,"4":0},"b":{"0":[0,0],"1":[0,0]},"inputSourceMap":{"version":3,"sources":["passport.js"],"names":["passport","require","LocalStrategy","Strategy","UserLogin","use","usernameField","email","password","done","findOne","then","user","message","error","serializeUser","deserializeUser","id","module","exports"],"mappings":";;AAAA,IAAMA,QAAQ,GAAGC,OAAO,CAAC,UAAD,CAAxB;;AACA,IAAMC,aAAa,GAAGD,OAAO,CAAC,gBAAD,CAAP,CAA0BE,QAAhD;;AACA,IAAMC,SAAS,GAAEH,OAAO,CAAC,qBAAD,CAAxB;;AAEAD,QAAQ,CAACK,GAAT,CACI,IAAIH,aAAJ,CAAkB;AAAEI,EAAAA,aAAa,EAAE;AAAjB,CAAlB,EAA8C,UAACC,KAAD,EAAQC,QAAR,EAAkBC,IAAlB,EAA2B;AACrEL,EAAAA,SAAS,CAACM,OAAV,CAAkB;AAAEH,IAAAA,KAAK,EAALA;AAAF,GAAlB,EACKI,IADL,CACU,UAACC,IAAD,EAAU;AACZ,QAAI,CAACA,IAAL,EAAW;AACP;AACA;AACAH,MAAAA,IAAI,CAAC,IAAD,EAAO,KAAP,EAAc;AAAEI,QAAAA,OAAO,EAAE;AAAX,OAAd,CAAJ;AACH,KAJD,MAIO;AACH,UAAID,IAAI,CAACJ,QAAL,KAAkBA,QAAtB,EAAgCC,IAAI,CAAC,IAAD,EAAOG,IAAP,CAAJ,CAAhC,KACK;AACD;AACA;AACAH,QAAAA,IAAI,CAAC,IAAD,EAAO,KAAP,EAAc;AAAEI,UAAAA,OAAO,EAAE;AAAX,SAAd,CAAJ;AACH;AACJ;AACJ,GAdL,WAeW,UAACC,KAAD;AAAA,WAAWL,IAAI,CAAC;AAAEK,MAAAA,KAAK,EAAE;AAAT,KAAD,CAAf;AAAA,GAfX;AAgBH,CAjBD,CADJ;AAqBAd,QAAQ,CAACe,aAAT,CAAuB,UAAUH,IAAV,EAAgBH,IAAhB,EAAsB;AACzCA,EAAAA,IAAI,CAAC,IAAD,EAAOG,IAAP,CAAJ;AACH,CAFD;AAIAZ,QAAQ,CAACgB,eAAT,CAAyB,UAAUC,EAAV,EAAcR,IAAd,EAAoB;AACzCA,EAAAA,IAAI,CAAC,IAAD,EAAOQ,EAAP,CAAJ;AACH,CAFD;AAIAC,MAAM,CAACC,OAAP,GAAiBnB,QAAjB","sourceRoot":"C:\\Users\\user\\Desktop\\Andela\\My-Brand-Theoneste\\server\\config\\","sourcesContent":["const passport = require(\"passport\");\r\nconst LocalStrategy = require(\"passport-local\").Strategy;\r\nconst UserLogin= require(\"../models/userModel\")\r\n\r\npassport.use(\r\n    new LocalStrategy({ usernameField: \"email\" }, (email, password, done) => {\r\n        UserLogin.findOne({ email })\r\n            .then((user) => {\r\n                if (!user) {\r\n                    //   res.status(404);\r\n                    //   res.send(\"User not found.\");\r\n                    done(null, false, { message: \"User not found.\" });\r\n                } else {\r\n                    if (user.password === password) done(null, user);\r\n                    else {\r\n                        // res.status(404);\r\n                        // res.send(\"Incorrect password.\");\r\n                        done(null, false, { message: \"Incorrect password.\" });\r\n                    }\r\n                }\r\n            })\r\n            .catch((error) => done({ error: \"Unauthorized Access\" }));\r\n    })\r\n);\r\n\r\npassport.serializeUser(function (user, done) {\r\n    done(null, user);\r\n});\r\n\r\npassport.deserializeUser(function (id, done) {\r\n    done(null, id);\r\n});\r\n\r\nmodule.exports = passport;\r\n"]},"_coverageSchema":"1a1c01bbd47fc00a2c39e90264f33305004495a9","hash":"d15d33b18923fd78057a445b42203990aa34e152","contentHash":"f971252b1327a7ddbd23577fcc32d1172c7b57f56fd2365d2cd13a0d2df7ec54"},"C:\\Users\\user\\Desktop\\Andela\\My-Brand-Theoneste\\server\\routes\\secure-route.js":{"path":"C:\\Users\\user\\Desktop\\Andela\\My-Brand-Theoneste\\server\\routes\\secure-route.js","statementMap":{"0":{"start":{"line":3,"column":21},"end":{"line":3,"column":86}},"1":{"start":{"line":5,"column":39},"end":{"line":5,"column":95}},"2":{"start":{"line":7,"column":14},"end":{"line":7,"column":32}},"3":{"start":{"line":9,"column":13},"end":{"line":9,"column":29}},"4":{"start":{"line":11,"column":0},"end":{"line":11,"column":54}},"5":{"start":{"line":12,"column":0},"end":{"line":12,"column":24}}},"fnMap":{"0":{"name":"_interopRequireDefault","decl":{"start":{"line":5,"column":9},"end":{"line":5,"column":31}},"loc":{"start":{"line":5,"column":37},"end":{"line":5,"column":97}},"line":5}},"branchMap":{"0":{"loc":{"start":{"line":5,"column":46},"end":{"line":5,"column":94}},"type":"cond-expr","locations":[{"start":{"line":5,"column":70},"end":{"line":5,"column":73}},{"start":{"line":5,"column":76},"end":{"line":5,"column":94}}],"line":5},"1":{"loc":{"start":{"line":5,"column":46},"end":{"line":5,"column":67}},"type":"binary-expr","locations":[{"start":{"line":5,"column":46},"end":{"line":5,"column":49}},{"start":{"line":5,"column":53},"end":{"line":5,"column":67}}],"line":5}},"s":{"0":1,"1":1,"2":1,"3":1,"4":1,"5":1},"f":{"0":1},"b":{"0":[1,0],"1":[1,1]},"inputSourceMap":{"version":3,"sources":["secure-route.js"],"names":["express","require","router","Router","get","secure_RouterController","module","exports"],"mappings":";;AAEA;;;;AADA,IAAMA,OAAO,GAAGC,OAAO,CAAC,SAAD,CAAvB;;AAEA,IAAMC,MAAM,GAAGF,OAAO,CAACG,MAAR,EAAf,C,CAEA;;AACAD,MAAM,CAACE,GAAP,CAAW,cAAX,EAA0BC,yBAA1B;AAEAC,MAAM,CAACC,OAAP,GAAiBL,MAAjB","sourceRoot":"C:\\Users\\user\\Desktop\\Andela\\My-Brand-Theoneste\\server\\routes\\","sourcesContent":["\r\nconst express = require('express');\r\nimport secure_RouterController from\"./../controllers/secure_router\"\r\nconst router = express.Router();\r\n\r\n//Let's say the route below is very sensitive and we want only authorized users to have access\r\nrouter.get('/api/profile',secure_RouterController);\r\n\r\nmodule.exports = router;\r\n"]},"_coverageSchema":"1a1c01bbd47fc00a2c39e90264f33305004495a9","hash":"741eca303c9bd6af0b68e1a0f075fc4ef0ea55b3","contentHash":"8d4fa6ececee3b555e65f6597cad63c701308190fc067bee6d5903fac823f8b5"},"C:\\Users\\user\\Desktop\\Andela\\My-Brand-Theoneste\\server\\controllers\\secure_router.js":{"path":"C:\\Users\\user\\Desktop\\Andela\\My-Brand-Theoneste\\server\\controllers\\secure_router.js","statementMap":{"0":{"start":{"line":3,"column":0},"end":{"line":5,"column":3}},"1":{"start":{"line":6,"column":0},"end":{"line":6,"column":28}},"2":{"start":{"line":8,"column":20},"end":{"line":15,"column":1}},"3":{"start":{"line":10,"column":2},"end":{"line":14,"column":5}},"4":{"start":{"line":17,"column":15},"end":{"line":17,"column":28}},"5":{"start":{"line":18,"column":0},"end":{"line":18,"column":30}}},"fnMap":{"0":{"name":"secure_router","decl":{"start":{"line":8,"column":29},"end":{"line":8,"column":42}},"loc":{"start":{"line":8,"column":59},"end":{"line":15,"column":1}},"line":8}},"branchMap":{},"s":{"0":1,"1":1,"2":1,"3":0,"4":1,"5":1},"f":{"0":0},"b":{},"inputSourceMap":{"version":3,"sources":["secure_router.js"],"names":["secure_router","req","res","next","json","message","user","token","query","secret_token"],"mappings":";;;;;;;AAEA,IAAMA,aAAa,GAAG,SAAhBA,aAAgB,CAACC,GAAD,EAAMC,GAAN,EAAWC,IAAX,EAAoB;AACtC;AACAD,EAAAA,GAAG,CAACE,IAAJ,CAAS;AACLC,IAAAA,OAAO,EAAE,iCADJ;AAELC,IAAAA,IAAI,EAAEL,GAAG,CAACK,IAFL;AAGLC,IAAAA,KAAK,EAAEN,GAAG,CAACO,KAAJ,CAAUC;AAHZ,GAAT;AAKH,CAPD;;eAQeT,a","sourceRoot":"C:\\Users\\user\\Desktop\\Andela\\My-Brand-Theoneste\\server\\controllers\\","sourcesContent":["\r\n\r\nconst secure_router = (req, res, next) => {\r\n    //We'll just send back the user details and the token\r\n    res.json({\r\n        message: 'You made it to the secure route',\r\n        user: req.user,\r\n        token: req.query.secret_token\r\n    })\r\n}\r\nexport default secure_router\r\n"]},"_coverageSchema":"1a1c01bbd47fc00a2c39e90264f33305004495a9","hash":"240b168b0de26e65d2e60cb2c11b1c9693162d3d","contentHash":"9da0bd0f92316a833d29d8caf53fa3e0a2090e6bf038b630d14e6a052b2dd7c7"},"C:\\Users\\user\\Desktop\\Andela\\My-Brand-Theoneste\\server\\seeds\\admin.js":{"path":"C:\\Users\\user\\Desktop\\Andela\\My-Brand-Theoneste\\server\\seeds\\admin.js","statementMap":{"0":{"start":{"line":3,"column":17},"end":{"line":3,"column":73}},"1":{"start":{"line":5,"column":14},"end":{"line":5,"column":55}},"2":{"start":{"line":7,"column":39},"end":{"line":7,"column":95}},"3":{"start":{"line":9,"column":0},"end":{"line":9,"column":28}},"4":{"start":{"line":11,"column":12},"end":{"line":14,"column":1}},"5":{"start":{"line":15,"column":14},"end":{"line":15,"column":46}},"6":{"start":{"line":17,"column":0},"end":{"line":17,"column":25}}},"fnMap":{"0":{"name":"_interopRequireDefault","decl":{"start":{"line":7,"column":9},"end":{"line":7,"column":31}},"loc":{"start":{"line":7,"column":37},"end":{"line":7,"column":97}},"line":7}},"branchMap":{"0":{"loc":{"start":{"line":7,"column":46},"end":{"line":7,"column":94}},"type":"cond-expr","locations":[{"start":{"line":7,"column":70},"end":{"line":7,"column":73}},{"start":{"line":7,"column":76},"end":{"line":7,"column":94}}],"line":7},"1":{"loc":{"start":{"line":7,"column":46},"end":{"line":7,"column":67}},"type":"binary-expr","locations":[{"start":{"line":7,"column":46},"end":{"line":7,"column":49}},{"start":{"line":7,"column":53},"end":{"line":7,"column":67}}],"line":7}},"s":{"0":1,"1":1,"2":2,"3":1,"4":1,"5":1,"6":1},"f":{"0":2},"b":{"0":[1,1],"1":[2,2]},"inputSourceMap":{"version":3,"sources":["admin.js"],"names":["dotenv","config","admin","email","process","env","ADMIN_EMAIL","password","ADMIN_PASSWORD","newUser","User","module","exports"],"mappings":";;AAAA;;AACA;;;;AAEAA,mBAAOC,MAAP;;AAEA,IAAMC,KAAK,GAAG;AACVC,EAAAA,KAAK,EAAEC,OAAO,CAACC,GAAR,CAAYC,WADT;AAEVC,EAAAA,QAAQ,EAAEH,OAAO,CAACC,GAAR,CAAYG;AAFZ,CAAd;AAKA,IAAMC,OAAO,GAAG,IAAIC,qBAAJ,CAASR,KAAT,CAAhB,C,CACA;;AAEAS,MAAM,CAACC,OAAP,GAAiBH,OAAjB","sourceRoot":"C:\\Users\\user\\Desktop\\Andela\\My-Brand-Theoneste\\server\\seeds\\","sourcesContent":["import User from \"./../models/userModel\"\r\nimport dotenv from 'dotenv';\r\n\r\ndotenv.config();\r\n\r\nconst admin = {\r\n    email: process.env.ADMIN_EMAIL,\r\n    password: process.env.ADMIN_PASSWORD\r\n};\r\n\r\nconst newUser = new User(admin);\r\n// newUser.save();\r\n\r\nmodule.exports = newUser;\r\n"]},"_coverageSchema":"1a1c01bbd47fc00a2c39e90264f33305004495a9","hash":"6bf882feb23ce0a914e953e0e1afa79d6fed34d8","contentHash":"e701aaacfc07b995cdf8f111941204f1b1721e0351b8d1a84c79365640bced26"}}