{"C:\\Users\\user\\Desktop\\Andela\\My-Brand-Theoneste\\server\\server.js":{"path":"C:\\Users\\user\\Desktop\\Andela\\My-Brand-Theoneste\\server\\server.js","statementMap":{"0":{"start":{"line":3,"column":0},"end":{"line":5,"column":3}},"1":{"start":{"line":6,"column":0},"end":{"line":6,"column":28}},"2":{"start":{"line":8,"column":14},"end":{"line":8,"column":55}},"3":{"start":{"line":10,"column":15},"end":{"line":10,"column":57}},"4":{"start":{"line":12,"column":16},"end":{"line":12,"column":59}},"5":{"start":{"line":14,"column":22},"end":{"line":14,"column":72}},"6":{"start":{"line":16,"column":18},"end":{"line":16,"column":72}},"7":{"start":{"line":18,"column":19},"end":{"line":18,"column":74}},"8":{"start":{"line":20,"column":18},"end":{"line":20,"column":72}},"9":{"start":{"line":22,"column":26},"end":{"line":22,"column":88}},"10":{"start":{"line":24,"column":21},"end":{"line":24,"column":78}},"11":{"start":{"line":26,"column":24},"end":{"line":26,"column":77}},"12":{"start":{"line":28,"column":15},"end":{"line":28,"column":67}},"13":{"start":{"line":30,"column":39},"end":{"line":30,"column":95}},"14":{"start":{"line":34,"column":10},"end":{"line":34,"column":36}},"15":{"start":{"line":35,"column":0},"end":{"line":35,"column":36}},"16":{"start":{"line":37,"column":0},"end":{"line":37,"column":28}},"17":{"start":{"line":39,"column":0},"end":{"line":39,"column":114}},"18":{"start":{"line":41,"column":0},"end":{"line":41,"column":37}},"19":{"start":{"line":42,"column":0},"end":{"line":42,"column":45}},"20":{"start":{"line":43,"column":0},"end":{"line":43,"column":38}},"21":{"start":{"line":44,"column":0},"end":{"line":44,"column":40}},"22":{"start":{"line":45,"column":0},"end":{"line":45,"column":37}},"23":{"start":{"line":47,"column":0},"end":{"line":69,"column":3}},"24":{"start":{"line":51,"column":2},"end":{"line":51,"column":41}},"25":{"start":{"line":53,"column":2},"end":{"line":53,"column":27}},"26":{"start":{"line":55,"column":2},"end":{"line":55,"column":38}},"27":{"start":{"line":57,"column":2},"end":{"line":61,"column":6}},"28":{"start":{"line":63,"column":13},"end":{"line":63,"column":37}},"29":{"start":{"line":64,"column":2},"end":{"line":66,"column":5}},"30":{"start":{"line":65,"column":4},"end":{"line":65,"column":52}},"31":{"start":{"line":68,"column":2},"end":{"line":68,"column":33}},"32":{"start":{"line":71,"column":0},"end":{"line":73,"column":3}},"33":{"start":{"line":72,"column":2},"end":{"line":72,"column":28}},"34":{"start":{"line":75,"column":0},"end":{"line":75,"column":46}},"35":{"start":{"line":77,"column":15},"end":{"line":77,"column":18}},"36":{"start":{"line":78,"column":0},"end":{"line":78,"column":30}}},"fnMap":{"0":{"name":"_interopRequireDefault","decl":{"start":{"line":30,"column":9},"end":{"line":30,"column":31}},"loc":{"start":{"line":30,"column":37},"end":{"line":30,"column":97}},"line":30},"1":{"name":"(anonymous_1)","decl":{"start":{"line":50,"column":8},"end":{"line":50,"column":9}},"loc":{"start":{"line":50,"column":20},"end":{"line":67,"column":1}},"line":50},"2":{"name":"(anonymous_2)","decl":{"start":{"line":64,"column":19},"end":{"line":64,"column":20}},"loc":{"start":{"line":64,"column":31},"end":{"line":66,"column":3}},"line":64},"3":{"name":"(anonymous_3)","decl":{"start":{"line":67,"column":12},"end":{"line":67,"column":13}},"loc":{"start":{"line":67,"column":29},"end":{"line":69,"column":1}},"line":67},"4":{"name":"(anonymous_4)","decl":{"start":{"line":71,"column":44},"end":{"line":71,"column":45}},"loc":{"start":{"line":71,"column":61},"end":{"line":73,"column":1}},"line":71}},"branchMap":{"0":{"loc":{"start":{"line":30,"column":46},"end":{"line":30,"column":94}},"type":"cond-expr","locations":[{"start":{"line":30,"column":70},"end":{"line":30,"column":73}},{"start":{"line":30,"column":76},"end":{"line":30,"column":94}}],"line":30},"1":{"loc":{"start":{"line":30,"column":46},"end":{"line":30,"column":67}},"type":"binary-expr","locations":[{"start":{"line":30,"column":46},"end":{"line":30,"column":49}},{"start":{"line":30,"column":53},"end":{"line":30,"column":67}}],"line":30},"2":{"loc":{"start":{"line":63,"column":13},"end":{"line":63,"column":37}},"type":"binary-expr","locations":[{"start":{"line":63,"column":13},"end":{"line":63,"column":29}},{"start":{"line":63,"column":33},"end":{"line":63,"column":37}}],"line":63}},"s":{"0":1,"1":1,"2":1,"3":1,"4":1,"5":1,"6":1,"7":1,"8":1,"9":1,"10":1,"11":1,"12":1,"13":11,"14":1,"15":1,"16":1,"17":1,"18":1,"19":1,"20":1,"21":1,"22":1,"23":1,"24":1,"25":1,"26":1,"27":1,"28":1,"29":1,"30":1,"31":0,"32":1,"33":0,"34":1,"35":1,"36":1},"f":{"0":11,"1":1,"2":1,"3":0,"4":0},"b":{"0":[5,6],"1":[11,11],"2":[1,1]},"inputSourceMap":{"version":3,"sources":["server.js"],"names":["app","use","express","json","dotenv","config","swaggerUi","serve","setup","swaggerDocument","blogRouter","actionOnBlog","queryRouter","profileRouter","userRouter","mongoose","connect","process","env","DbConnection","useNewUrlParser","useUnifiedTopology","then","console","log","require","secret","resave","saveUninitialized","PORT","listen","error","connection","on","Promise","global"],"mappings":";;;;;;;AACA;;AACA;;AACA;;AACA;;AACA;;AACA;;AACA;;AACA;;AACA;;AAEA;;AACA;;;;AAIA;AACA;AACA,IAAMA,GAAG,GAAG,0BAAZ;AACAA,GAAG,CAACC,GAAJ,CAAQC,oBAAQC,IAAR,EAAR;;AACAC,mBAAOC,MAAP;;AAEAL,GAAG,CAACC,GAAJ,CAAQ,WAAR,EAAqBK,6BAAUC,KAA/B,EAAsCD,6BAAUE,KAAV,CAAgBC,mBAAhB,CAAtC,E,CAEA;;AACAT,GAAG,CAACC,GAAJ,CAAQ,GAAR,EAAaS,sBAAb;AACAV,GAAG,CAACC,GAAJ,CAAQ,GAAR,EAAYU,8BAAZ;AACAX,GAAG,CAACC,GAAJ,CAAQ,GAAR,EAAaW,uBAAb;AACAZ,GAAG,CAACC,GAAJ,CAAQ,GAAR,EAAYY,yBAAZ;AAEAb,GAAG,CAACC,GAAJ,CAAQ,GAAR,EAAaa,sBAAb;;AAEAC,qBAASC,OAAT,CAAiBC,OAAO,CAACC,GAAR,CAAYC,YAA7B,EAA2C;AACvCC,EAAAA,eAAe,EAAE,IADsB;AAEvCC,EAAAA,kBAAkB,EAAE;AAFmB,CAA3C,EAGGC,IAHH,CAGQ,YAAM;AACVC,EAAAA,OAAO,CAACC,GAAR,CAAY,yBAAZ,EADU,CAEV;;AACAC,EAAAA,OAAO,CAAC,eAAD,CAAP;;AACAzB,EAAAA,GAAG,CAACC,GAAJ,CAAQC,oBAAQC,IAAR,EAAR,EAJU,CAMd;;AACIH,EAAAA,GAAG,CAACC,GAAJ,CAAQ,gCAAQ;AACZyB,IAAAA,MAAM,EAAE,QADI;AAEZC,IAAAA,MAAM,EAAE,IAFI;AAGZC,IAAAA,iBAAiB,EAAE;AAHP,GAAR,CAAR,EAPU,CAcV;;AACA,MAAMC,IAAI,GAAGZ,OAAO,CAACC,GAAR,CAAYW,IAAZ,IAAoB,IAAjC;AACA7B,EAAAA,GAAG,CAAC8B,MAAJ,CAAWD,IAAX,EAAiB,YAAM;AACnBN,IAAAA,OAAO,CAACC,GAAR,8BAAkCK,IAAlC;AACH,GAFD;AAIH,CAvBD,WAuBS,UAACE,KAAD,EAAW;AAChBR,EAAAA,OAAO,CAACC,GAAR,CAAY,UAAZ,EAAwBO,KAAxB;AACH,CAzBD;;AA4BAhB,qBAASiB,UAAT,CAAoBC,EAApB,CAAuB,OAAvB,EAAgC,UAAAF,KAAK;AAAA,SAAIR,OAAO,CAACC,GAAR,CAAYO,KAAZ,CAAJ;AAAA,CAArC;;AACAhB,qBAASmB,OAAT,GAAmBC,MAAM,CAACD,OAA1B,C,CAEA;;eAEelC,G","sourceRoot":"C:\\Users\\user\\Desktop\\Andela\\My-Brand-Theoneste\\server\\","sourcesContent":["\r\nimport dotenv from \"dotenv\";\r\nimport express from \"express\";\r\nimport mongoose from \"mongoose\";\r\nimport session from \"express-session\"\r\nimport blogRouter from \"./routes/blogRouter\";\r\nimport queryRouter from \"./routes/queryRouter\";\r\nimport userRouter from \"./routes/UserRouter\";\r\nimport actionOnBlog from \"./routes/actionOnBlogRouter\"\r\nimport profileRouter from \"./routes/profileRouter\"\r\n\r\nimport swaggerUi from 'swagger-ui-express';\r\nimport swaggerDocument from './../swagger.json';\r\n\r\n\r\n\r\n// import passportConfig from \"./config/passport\"\r\n// import secureRoute from './routes/secure-route';\r\nconst app = express()\r\napp.use(express.json());\r\ndotenv.config();\r\n\r\napp.use('/api-docs', swaggerUi.serve, swaggerUi.setup(swaggerDocument));\r\n\r\n// calling the routes of blogs\r\napp.use(\"/\", blogRouter)\r\napp.use(\"/\",actionOnBlog)\r\napp.use(\"/\", queryRouter)\r\napp.use(\"/\",profileRouter)\r\n\r\napp.use(\"/\", userRouter)\r\n\r\nmongoose.connect(process.env.DbConnection, {\r\n    useNewUrlParser: true,\r\n    useUnifiedTopology: true\r\n}).then(() => {\r\n    console.log(\"db connect successfully\")\r\n    //insert admin\r\n    require('./seeds/admin');\r\n    app.use(express.json());\r\n\r\n// enable express session\r\n    app.use(session({\r\n        secret: 'secret',\r\n        resave: true,\r\n        saveUninitialized: true\r\n    }))\r\n\r\n\r\n    // default, router is 8000\r\n    const PORT = process.env.PORT || 3000;\r\n    app.listen(PORT, () => {\r\n        console.log(`server has started ${PORT}`)\r\n    });\r\n\r\n}).catch((error) => {\r\n    console.log(\"Error : \", error)\r\n})\r\n\r\n\r\nmongoose.connection.on('error', error => console.log(error));\r\nmongoose.Promise = global.Promise;\r\n\r\n// app.use(\"/\", secureRoute)\r\n\r\nexport default app;\r\n"]},"_coverageSchema":"1a1c01bbd47fc00a2c39e90264f33305004495a9","hash":"07356342f01348a99ae5d29496c07fef013ad918","contentHash":"b306e6ca51e4ced84a216382e7f89eaae874e0dc2626138278dd0b3c2e0edff4"},"C:\\Users\\user\\Desktop\\Andela\\My-Brand-Theoneste\\server\\routes\\blogRouter.js":{"path":"C:\\Users\\user\\Desktop\\Andela\\My-Brand-Theoneste\\server\\routes\\blogRouter.js","statementMap":{"0":{"start":{"line":3,"column":0},"end":{"line":5,"column":3}},"1":{"start":{"line":6,"column":0},"end":{"line":6,"column":28}},"2":{"start":{"line":8,"column":15},"end":{"line":8,"column":57}},"3":{"start":{"line":10,"column":23},"end":{"line":10,"column":64}},"4":{"start":{"line":12,"column":21},"end":{"line":12,"column":60}},"5":{"start":{"line":14,"column":12},"end":{"line":14,"column":65}},"6":{"start":{"line":16,"column":39},"end":{"line":16,"column":95}},"7":{"start":{"line":18,"column":13},"end":{"line":18,"column":41}},"8":{"start":{"line":20,"column":0},"end":{"line":20,"column":104}},"9":{"start":{"line":21,"column":0},"end":{"line":21,"column":57}},"10":{"start":{"line":22,"column":0},"end":{"line":22,"column":59}},"11":{"start":{"line":23,"column":0},"end":{"line":23,"column":108}},"12":{"start":{"line":24,"column":0},"end":{"line":24,"column":95}},"13":{"start":{"line":25,"column":15},"end":{"line":25,"column":21}},"14":{"start":{"line":26,"column":0},"end":{"line":26,"column":30}}},"fnMap":{"0":{"name":"_interopRequireDefault","decl":{"start":{"line":16,"column":9},"end":{"line":16,"column":31}},"loc":{"start":{"line":16,"column":37},"end":{"line":16,"column":97}},"line":16}},"branchMap":{"0":{"loc":{"start":{"line":16,"column":46},"end":{"line":16,"column":94}},"type":"cond-expr","locations":[{"start":{"line":16,"column":70},"end":{"line":16,"column":73}},{"start":{"line":16,"column":76},"end":{"line":16,"column":94}}],"line":16},"1":{"loc":{"start":{"line":16,"column":46},"end":{"line":16,"column":67}},"type":"binary-expr","locations":[{"start":{"line":16,"column":46},"end":{"line":16,"column":49}},{"start":{"line":16,"column":53},"end":{"line":16,"column":67}}],"line":16}},"s":{"0":1,"1":1,"2":1,"3":1,"4":1,"5":1,"6":2,"7":1,"8":1,"9":1,"10":1,"11":1,"12":1,"13":1,"14":1},"f":{"0":2},"b":{"0":[0,2],"1":[2,2]},"inputSourceMap":{"version":3,"sources":["blogRouter.js"],"names":["router","express","Router","post","verfyingToken","blogValidator","createBlog","get","findAllBlogs","findOneBlog","patch","upDateBlog","deleteBlog"],"mappings":";;;;;;;AAAA;;AACA;;AACA;;AACA;;;;AACA,IAAMA,MAAM,GAAGC,oBAAQC,MAAR,EAAf;;AAEAF,MAAM,CAACG,IAAP,CAAY,aAAZ,EAA2BC,4BAA3B,EAA0CC,gBAA1C,EAAyDC,2BAAzD;AACAN,MAAM,CAACO,GAAP,CAAW,aAAX,EAA0BC,6BAA1B;AACAR,MAAM,CAACO,GAAP,CAAW,gBAAX,EAA6BE,4BAA7B;AACAT,MAAM,CAACU,KAAP,CAAa,gBAAb,EAA+BN,4BAA/B,EAA8CC,gBAA9C,EAA6DM,2BAA7D;AACAX,MAAM,UAAN,CAAc,iBAAd,EAAiCI,4BAAjC,EAAgDQ,2BAAhD;eAEeZ,M","sourceRoot":"C:\\Users\\user\\Desktop\\Andela\\My-Brand-Theoneste\\server\\routes\\","sourcesContent":["import express from \"express\"\r\nimport { createBlog, deleteBlog, findAllBlogs, findOneBlog, upDateBlog } from \"../controllers/blogsController\"\r\nimport { verfyingToken, assigningToken } from \"../middlewares/verfyingToken\"\r\nimport blogValidator from \"../validators/blog\"\r\nconst router = express.Router();\r\n\r\nrouter.post(\"/api/blogs/\", verfyingToken, blogValidator, createBlog)\r\nrouter.get(\"/api/blogs/\", findAllBlogs)\r\nrouter.get(\"/api/blogs/:id\", findOneBlog)\r\nrouter.patch(\"/api/blogs/:id\", verfyingToken, blogValidator, upDateBlog)\r\nrouter.delete(\"/api/blogs/:id/\", verfyingToken, deleteBlog)\r\n\r\nexport default router;\r\n"]},"_coverageSchema":"1a1c01bbd47fc00a2c39e90264f33305004495a9","hash":"f9ef92e7710176246d90e6d9aa1b116215a4ff2f","contentHash":"ba8004a8f3646a5ccbd926b9939e6313d71592473c57ec16bdb454668fa7c54d"},"C:\\Users\\user\\Desktop\\Andela\\My-Brand-Theoneste\\server\\controllers\\blogsController.js":{"path":"C:\\Users\\user\\Desktop\\Andela\\My-Brand-Theoneste\\server\\controllers\\blogsController.js","statementMap":{"0":{"start":{"line":3,"column":0},"end":{"line":5,"column":3}},"1":{"start":{"line":6,"column":0},"end":{"line":6,"column":115}},"2":{"start":{"line":8,"column":0},"end":{"line":8,"column":39}},"3":{"start":{"line":10,"column":17},"end":{"line":10,"column":71}},"4":{"start":{"line":12,"column":39},"end":{"line":12,"column":95}},"5":{"start":{"line":14,"column":77},"end":{"line":14,"column":175}},"6":{"start":{"line":14,"column":94},"end":{"line":14,"column":107}},"7":{"start":{"line":14,"column":121},"end":{"line":14,"column":131}},"8":{"start":{"line":14,"column":151},"end":{"line":14,"column":165}},"9":{"start":{"line":14,"column":166},"end":{"line":14,"column":173}},"10":{"start":{"line":14,"column":176},"end":{"line":14,"column":263}},"11":{"start":{"line":14,"column":193},"end":{"line":14,"column":208}},"12":{"start":{"line":14,"column":218},"end":{"line":14,"column":261}},"13":{"start":{"line":16,"column":33},"end":{"line":16,"column":387}},"14":{"start":{"line":16,"column":65},"end":{"line":16,"column":69}},"15":{"start":{"line":16,"column":78},"end":{"line":16,"column":87}},"16":{"start":{"line":16,"column":89},"end":{"line":16,"column":384}},"17":{"start":{"line":16,"column":147},"end":{"line":16,"column":167}},"18":{"start":{"line":16,"column":193},"end":{"line":16,"column":264}},"19":{"start":{"line":16,"column":290},"end":{"line":16,"column":360}},"20":{"start":{"line":16,"column":363},"end":{"line":16,"column":380}},"21":{"start":{"line":19,"column":19},"end":{"line":31,"column":1}},"22":{"start":{"line":20,"column":2},"end":{"line":30,"column":5}},"23":{"start":{"line":21,"column":4},"end":{"line":24,"column":7}},"24":{"start":{"line":26,"column":4},"end":{"line":29,"column":7}},"25":{"start":{"line":34,"column":0},"end":{"line":34,"column":36}},"26":{"start":{"line":36,"column":17},"end":{"line":48,"column":1}},"27":{"start":{"line":37,"column":16},"end":{"line":37,"column":51}},"28":{"start":{"line":38,"column":2},"end":{"line":47,"column":5}},"29":{"start":{"line":39,"column":4},"end":{"line":41,"column":7}},"30":{"start":{"line":43,"column":4},"end":{"line":46,"column":7}},"31":{"start":{"line":51,"column":0},"end":{"line":51,"column":32}},"32":{"start":{"line":53,"column":18},"end":{"line":67,"column":1}},"33":{"start":{"line":54,"column":2},"end":{"line":66,"column":5}},"34":{"start":{"line":57,"column":4},"end":{"line":60,"column":7}},"35":{"start":{"line":62,"column":4},"end":{"line":65,"column":7}},"36":{"start":{"line":70,"column":0},"end":{"line":70,"column":34}},"37":{"start":{"line":72,"column":17},"end":{"line":99,"column":1}},"38":{"start":{"line":73,"column":2},"end":{"line":98,"column":5}},"39":{"start":{"line":76,"column":4},"end":{"line":78,"column":5}},"40":{"start":{"line":77,"column":6},"end":{"line":77,"column":42}},"41":{"start":{"line":80,"column":4},"end":{"line":82,"column":5}},"42":{"start":{"line":81,"column":6},"end":{"line":81,"column":34}},"43":{"start":{"line":84,"column":4},"end":{"line":86,"column":5}},"44":{"start":{"line":85,"column":6},"end":{"line":85,"column":38}},"45":{"start":{"line":88,"column":4},"end":{"line":88,"column":16}},"46":{"start":{"line":89,"column":4},"end":{"line":92,"column":7}},"47":{"start":{"line":94,"column":4},"end":{"line":97,"column":7}},"48":{"start":{"line":102,"column":0},"end":{"line":102,"column":32}},"49":{"start":{"line":104,"column":30},"end":{"line":144,"column":3}},"50":{"start":{"line":105,"column":13},"end":{"line":139,"column":5}},"51":{"start":{"line":106,"column":4},"end":{"line":138,"column":32}},"52":{"start":{"line":107,"column":6},"end":{"line":137,"column":7}},"53":{"start":{"line":108,"column":8},"end":{"line":136,"column":9}},"54":{"start":{"line":110,"column":12},"end":{"line":110,"column":30}},"55":{"start":{"line":111,"column":12},"end":{"line":111,"column":30}},"56":{"start":{"line":112,"column":12},"end":{"line":114,"column":15}},"57":{"start":{"line":117,"column":12},"end":{"line":120,"column":16}},"58":{"start":{"line":123,"column":12},"end":{"line":123,"column":30}},"59":{"start":{"line":124,"column":12},"end":{"line":124,"column":47}},"60":{"start":{"line":126,"column":12},"end":{"line":131,"column":15}},"61":{"start":{"line":127,"column":14},"end":{"line":130,"column":17}},"62":{"start":{"line":135,"column":12},"end":{"line":135,"column":35}},"63":{"start":{"line":141,"column":2},"end":{"line":143,"column":4}},"64":{"start":{"line":142,"column":4},"end":{"line":142,"column":39}},"65":{"start":{"line":146,"column":0},"end":{"line":146,"column":32}}},"fnMap":{"0":{"name":"_interopRequireDefault","decl":{"start":{"line":12,"column":9},"end":{"line":12,"column":31}},"loc":{"start":{"line":12,"column":37},"end":{"line":12,"column":97}},"line":12},"1":{"name":"asyncGeneratorStep","decl":{"start":{"line":14,"column":9},"end":{"line":14,"column":27}},"loc":{"start":{"line":14,"column":75},"end":{"line":14,"column":265}},"line":14},"2":{"name":"_asyncToGenerator","decl":{"start":{"line":16,"column":9},"end":{"line":16,"column":26}},"loc":{"start":{"line":16,"column":31},"end":{"line":16,"column":389}},"line":16},"3":{"name":"(anonymous_3)","decl":{"start":{"line":16,"column":40},"end":{"line":16,"column":41}},"loc":{"start":{"line":16,"column":52},"end":{"line":16,"column":386}},"line":16},"4":{"name":"(anonymous_4)","decl":{"start":{"line":16,"column":108},"end":{"line":16,"column":109}},"loc":{"start":{"line":16,"column":135},"end":{"line":16,"column":382}},"line":16},"5":{"name":"_next","decl":{"start":{"line":16,"column":178},"end":{"line":16,"column":183}},"loc":{"start":{"line":16,"column":191},"end":{"line":16,"column":266}},"line":16},"6":{"name":"_throw","decl":{"start":{"line":16,"column":276},"end":{"line":16,"column":282}},"loc":{"start":{"line":16,"column":288},"end":{"line":16,"column":362}},"line":16},"7":{"name":"findAllBlogs","decl":{"start":{"line":19,"column":28},"end":{"line":19,"column":40}},"loc":{"start":{"line":19,"column":57},"end":{"line":31,"column":1}},"line":19},"8":{"name":"(anonymous_8)","decl":{"start":{"line":20,"column":36},"end":{"line":20,"column":37}},"loc":{"start":{"line":20,"column":53},"end":{"line":25,"column":3}},"line":20},"9":{"name":"(anonymous_9)","decl":{"start":{"line":25,"column":14},"end":{"line":25,"column":15}},"loc":{"start":{"line":25,"column":31},"end":{"line":30,"column":3}},"line":25},"10":{"name":"createBlog","decl":{"start":{"line":36,"column":26},"end":{"line":36,"column":36}},"loc":{"start":{"line":36,"column":47},"end":{"line":48,"column":1}},"line":36},"11":{"name":"(anonymous_11)","decl":{"start":{"line":38,"column":22},"end":{"line":38,"column":23}},"loc":{"start":{"line":38,"column":34},"end":{"line":42,"column":3}},"line":38},"12":{"name":"(anonymous_12)","decl":{"start":{"line":42,"column":14},"end":{"line":42,"column":15}},"loc":{"start":{"line":42,"column":31},"end":{"line":47,"column":3}},"line":42},"13":{"name":"findOneBlog","decl":{"start":{"line":53,"column":27},"end":{"line":53,"column":38}},"loc":{"start":{"line":53,"column":55},"end":{"line":67,"column":1}},"line":53},"14":{"name":"(anonymous_14)","decl":{"start":{"line":56,"column":10},"end":{"line":56,"column":11}},"loc":{"start":{"line":56,"column":26},"end":{"line":61,"column":3}},"line":56},"15":{"name":"(anonymous_15)","decl":{"start":{"line":61,"column":14},"end":{"line":61,"column":15}},"loc":{"start":{"line":61,"column":31},"end":{"line":66,"column":3}},"line":61},"16":{"name":"upDateBlog","decl":{"start":{"line":72,"column":26},"end":{"line":72,"column":36}},"loc":{"start":{"line":72,"column":53},"end":{"line":99,"column":1}},"line":72},"17":{"name":"(anonymous_17)","decl":{"start":{"line":75,"column":10},"end":{"line":75,"column":11}},"loc":{"start":{"line":75,"column":26},"end":{"line":93,"column":3}},"line":75},"18":{"name":"(anonymous_18)","decl":{"start":{"line":93,"column":14},"end":{"line":93,"column":15}},"loc":{"start":{"line":93,"column":31},"end":{"line":98,"column":3}},"line":93},"19":{"name":"(anonymous_19)","decl":{"start":{"line":104,"column":30},"end":{"line":104,"column":31}},"loc":{"start":{"line":104,"column":42},"end":{"line":144,"column":1}},"line":104},"20":{"name":"_callee","decl":{"start":{"line":105,"column":78},"end":{"line":105,"column":85}},"loc":{"start":{"line":105,"column":102},"end":{"line":139,"column":3}},"line":105},"21":{"name":"_callee$","decl":{"start":{"line":106,"column":44},"end":{"line":106,"column":52}},"loc":{"start":{"line":106,"column":63},"end":{"line":138,"column":5}},"line":106},"22":{"name":"(anonymous_22)","decl":{"start":{"line":126,"column":13},"end":{"line":126,"column":14}},"loc":{"start":{"line":126,"column":30},"end":{"line":131,"column":13}},"line":126},"23":{"name":"deleteBlog","decl":{"start":{"line":141,"column":18},"end":{"line":141,"column":28}},"loc":{"start":{"line":141,"column":43},"end":{"line":143,"column":3}},"line":141}},"branchMap":{"0":{"loc":{"start":{"line":12,"column":46},"end":{"line":12,"column":94}},"type":"cond-expr","locations":[{"start":{"line":12,"column":70},"end":{"line":12,"column":73}},{"start":{"line":12,"column":76},"end":{"line":12,"column":94}}],"line":12},"1":{"loc":{"start":{"line":12,"column":46},"end":{"line":12,"column":67}},"type":"binary-expr","locations":[{"start":{"line":12,"column":46},"end":{"line":12,"column":49}},{"start":{"line":12,"column":53},"end":{"line":12,"column":67}}],"line":12},"2":{"loc":{"start":{"line":14,"column":176},"end":{"line":14,"column":263}},"type":"if","locations":[{"start":{"line":14,"column":176},"end":{"line":14,"column":263}},{"start":{"line":14,"column":176},"end":{"line":14,"column":263}}],"line":14},"3":{"loc":{"start":{"line":76,"column":4},"end":{"line":78,"column":5}},"type":"if","locations":[{"start":{"line":76,"column":4},"end":{"line":78,"column":5}},{"start":{"line":76,"column":4},"end":{"line":78,"column":5}}],"line":76},"4":{"loc":{"start":{"line":80,"column":4},"end":{"line":82,"column":5}},"type":"if","locations":[{"start":{"line":80,"column":4},"end":{"line":82,"column":5}},{"start":{"line":80,"column":4},"end":{"line":82,"column":5}}],"line":80},"5":{"loc":{"start":{"line":84,"column":4},"end":{"line":86,"column":5}},"type":"if","locations":[{"start":{"line":84,"column":4},"end":{"line":86,"column":5}},{"start":{"line":84,"column":4},"end":{"line":86,"column":5}}],"line":84},"6":{"loc":{"start":{"line":108,"column":8},"end":{"line":136,"column":9}},"type":"switch","locations":[{"start":{"line":109,"column":10},"end":{"line":114,"column":15}},{"start":{"line":116,"column":10},"end":{"line":120,"column":16}},{"start":{"line":122,"column":10},"end":{"line":131,"column":15}},{"start":{"line":133,"column":10},"end":{"line":133,"column":17}},{"start":{"line":134,"column":10},"end":{"line":135,"column":35}}],"line":108}},"s":{"0":1,"1":1,"2":1,"3":1,"4":1,"5":2,"6":2,"7":2,"8":0,"9":0,"10":2,"11":1,"12":1,"13":1,"14":1,"15":1,"16":1,"17":1,"18":2,"19":0,"20":1,"21":1,"22":1,"23":1,"24":0,"25":1,"26":1,"27":1,"28":1,"29":1,"30":0,"31":1,"32":1,"33":2,"34":1,"35":1,"36":1,"37":1,"38":2,"39":1,"40":1,"41":1,"42":1,"43":1,"44":1,"45":1,"46":1,"47":1,"48":1,"49":1,"50":1,"51":1,"52":3,"53":3,"54":1,"55":1,"56":1,"57":1,"58":0,"59":0,"60":0,"61":0,"62":1,"63":1,"64":1,"65":1},"f":{"0":1,"1":2,"2":1,"3":1,"4":1,"5":2,"6":0,"7":1,"8":1,"9":0,"10":1,"11":1,"12":0,"13":2,"14":1,"15":1,"16":2,"17":1,"18":1,"19":1,"20":1,"21":3,"22":0,"23":1},"b":{"0":[0,1],"1":[1,1],"2":[1,1],"3":[1,0],"4":[1,0],"5":[1,0],"6":[1,1,0,0,1]},"inputSourceMap":{"version":3,"sources":["blogsController.js"],"names":["findAllBlogs","req","res","next","blogmodel","find","then","blogs","status","send","data","error","createBlog","newBlog","body","save","findOneBlog","findById","_id","params","id","blog","upDateBlog","imageLink","topic","content","message","deleteBlog","deleteOne"],"mappings":";;;;;;;AAEA;;AACA;;;;;;;;AAEA;AACA,IAAMA,YAAY,GAAG,SAAfA,YAAe,CAACC,GAAD,EAAMC,GAAN,EAAWC,IAAX,EAAoB;AACrCC,wBAAUC,IAAV,GAAiBC,IAAjB,CAAsB,UAACC,KAAD,EAAW;AAC1B,WAAOL,GAAG,CAACM,MAAJ,CAAW,GAAX,EAAgBC,IAAhB,CAAqB;AAAED,MAAAA,MAAM,EAAE,GAAV;AAAeE,MAAAA,IAAI,EAAEH;AAArB,KAArB,CAAP;AACF,GAFL,WAEa,UAACI,KAAD,EAAU;AACf,WAAOT,GAAG,CAACM,MAAJ,CAAW,GAAX,EAAgBC,IAAhB,CAAqB;AAACD,MAAAA,MAAM,EAAC,GAAR;AAAaG,MAAAA,KAAK,EAAEA;AAApB,KAArB,CAAP;AACH,GAJL;AAKH,CAND,C,CAQI;;;;;AACJ,IAAMC,UAAU,GAAG,SAAbA,UAAa,CAACX,GAAD,EAAMC,GAAN,EAAc;AAC7B,MAAMW,OAAO,GAAG,IAAIT,qBAAJ,CAAcH,GAAG,CAACa,IAAlB,CAAhB;AACAD,EAAAA,OAAO,CAACE,IAAR,GAAeT,IAAf,CAAoB,YAAM;AACtB,WAAOJ,GAAG,CAACM,MAAJ,CAAW,GAAX,EAAgBC,IAAhB,CAAqB;AAAEC,MAAAA,IAAI,EAAEG;AAAR,KAArB,CAAP;AACC,GAFL,WAEa,UAACF,KAAD,EAAW;AAClB,WAAQT,GAAG,CAACM,MAAJ,CAAW,GAAX,EAAgBC,IAAhB,CAAqB;AAACD,MAAAA,MAAM,EAAC,GAAR;AAAaG,MAAAA,KAAK,EAACA;AAAnB,KAArB,CAAR;AACD,GAJL;AAKH,CAPD,C,CASA;;;;;AACA,IAAMK,WAAW,GAAG,SAAdA,WAAc,CAACf,GAAD,EAAMC,GAAN,EAAWC,IAAX,EAAoB;AACpCC,wBAAUa,QAAV,CAAmB;AAAEC,IAAAA,GAAG,EAAEjB,GAAG,CAACkB,MAAJ,CAAWC;AAAlB,GAAnB,EAA0Cd,IAA1C,CAA+C,UAACe,IAAD,EAAU;AAClD,WAAOnB,GAAG,CAACM,MAAJ,CAAW,GAAX,EAAgBC,IAAhB,CAAqB;AAAED,MAAAA,MAAM,EAAC,GAAT;AAAcE,MAAAA,IAAI,EAACW;AAAnB,KAArB,CAAP;AACF,GAFL,WAEa,UAACV,KAAD,EAAW;AAClB,WAAOT,GAAG,CAACM,MAAJ,CAAW,GAAX,EAAgBC,IAAhB,CAAqB;AAACD,MAAAA,MAAM,EAAC,GAAR;AAAYG,MAAAA,KAAK,EAAEA;AAAnB,KAArB,CAAP;AACD,GAJL;AAKH,CAND,C,CAQA;;;;;AACA,IAAMW,UAAU,GAAG,SAAbA,UAAa,CAACrB,GAAD,EAAMC,GAAN,EAAWC,IAAX,EAAoB;AACnCC,wBAAUa,QAAV,CAAmB;AAAEC,IAAAA,GAAG,EAAEjB,GAAG,CAACkB,MAAJ,CAAWC;AAAlB,GAAnB,EAA2Cd,IAA3C,CAAgD,UAACe,IAAD,EAAU;AAClD,QAAIpB,GAAG,CAACa,IAAJ,CAASS,SAAb,EAAwB;AAACF,MAAAA,IAAI,CAACE,SAAL,GAAiBtB,GAAG,CAACa,IAAJ,CAASS,SAA1B;AAAoC;;AAC7D,QAAItB,GAAG,CAACa,IAAJ,CAASU,KAAb,EAAoB;AAACH,MAAAA,IAAI,CAACG,KAAL,GAAavB,GAAG,CAACa,IAAJ,CAASU,KAAtB;AAA4B;;AACjD,QAAIvB,GAAG,CAACa,IAAJ,CAASW,OAAb,EAAsB;AAACJ,MAAAA,IAAI,CAACI,OAAL,GAAexB,GAAG,CAACa,IAAJ,CAASW,OAAxB;AAAgC;;AACvDJ,IAAAA,IAAI,CAACN,IAAL;AACD,WAAOb,GAAG,CAACO,IAAJ,CAAS;AAACD,MAAAA,MAAM,EAAC,GAAR;AAAakB,MAAAA,OAAO,EAAC;AAArB,KAAT,CAAP;AACF,GANL,WAMa,UAACf,KAAD,EAAW;AACb,WAAOT,GAAG,CAACM,MAAJ,CAAW,GAAX,EAAgBC,IAAhB,CAAqB;AAAED,MAAAA,MAAM,EAAC,GAAT;AAAcG,MAAAA,KAAK,EAAEA;AAArB,KAArB,CAAP;AACF,GART;AASH,CAVD,C,CAYI;;;;;AACJ,IAAMgB,UAAU;AAAA,qEAAG,iBAAO1B,GAAP,EAAYC,GAAZ,EAAiBC,IAAjB;AAAA;AAAA;AAAA;AAAA;AAAA;AAAA;AAAA,mBAELC,sBAAUwB,SAAV,CAAoB;AAAEV,cAAAA,GAAG,EAAEjB,GAAG,CAACkB,MAAJ,CAAWC;AAAlB,aAApB,CAFK;;AAAA;AAAA,6CAGJlB,GAAG,CAACM,MAAJ,CAAW,GAAX,EAAgBC,IAAhB,CAAqB;AAACD,cAAAA,MAAM,EAAC,GAAR;AAAakB,cAAAA,OAAO,EAAC;AAArB,aAArB,CAHI;;AAAA;AAAA;AAAA;;AAIP,uBAACf,KAAD,EAAW;AACZ,qBAAOT,GAAG,CAACM,MAAJ,CAAW,GAAX,EAAgBC,IAAhB,CAAqB;AAACD,gBAAAA,MAAM,EAAC,GAAR;AAAYG,gBAAAA,KAAK,EAAE;AAAnB,eAArB,CAAP;AACF,aAFG;;AAJO;AAAA;AAAA;AAAA;AAAA;AAAA;AAAA,GAAH;;AAAA,kBAAVgB,UAAU;AAAA;AAAA;AAAA,GAAhB","sourceRoot":"C:\\Users\\user\\Desktop\\Andela\\My-Brand-Theoneste\\server\\controllers\\","sourcesContent":["// controllers\r\n// importing runtime to support async in es6\r\nimport 'regenerator-runtime/runtime'\r\nimport blogmodel from \"../models/blogModel\"\r\n\r\n// find all blogs\r\nconst findAllBlogs = (req, res, next) => {\r\n    blogmodel.find().then((blogs) => {\r\n           return res.status(200).send({ status: 200, data: blogs })\r\n        }).catch((error)=> {\r\n            return res.status(404).send({status:404, error: error });\r\n        });\r\n}\r\n\r\n    // controller, create one blog\r\nconst createBlog = (req, res) => {\r\n    const newBlog = new blogmodel(req.body)\r\n    newBlog.save().then(() => {\r\n        return res.status(201).send({ data: newBlog});\r\n        }).catch((error) => {\r\n          return  res.status(400).send({status:400, error:error});\r\n        });\r\n};\r\n\r\n// find only one blog\r\nconst findOneBlog = (req, res, next) => {\r\n    blogmodel.findById({ _id: req.params.id}).then((blog) => {\r\n           return res.status(200).send({ status:200, data:blog});\r\n        }).catch((error) => {\r\n          return res.status(404).send({status:404,error: error});\r\n        });\r\n}\r\n\r\n// update one blog\r\nconst upDateBlog = (req, res, next) => {\r\n    blogmodel.findById({ _id: req.params.id }).then((blog) => {\r\n            if (req.body.imageLink) {blog.imageLink = req.body.imageLink}\r\n            if (req.body.topic) {blog.topic = req.body.topic}\r\n            if (req.body.content) {blog.content = req.body.content}\r\n            blog.save()\r\n           return res.send({status:200, message:\"blog updated successfully\"})\r\n        }).catch((error) => {\r\n               return res.status(404).send({ status:404, error: error});\r\n            })\r\n}\r\n\r\n    // dele one blog\r\nconst deleteBlog = async (req, res, next) => {\r\n    try {\r\n        await blogmodel.deleteOne({ _id: req.params.id })\r\n        return res.status(204).send({status:204, message:\"blog deleted\"} )\r\n    } catch{(error) => {\r\n           return res.status(404).send({status:404,error: \"blog deleted\"});\r\n        }}\r\n}\r\n\r\nexport {createBlog, deleteBlog, findAllBlogs,findOneBlog, upDateBlog }\r\n"]},"_coverageSchema":"1a1c01bbd47fc00a2c39e90264f33305004495a9","hash":"09086642ebf70f0f3e97d05b667a9221aa47fa6b","contentHash":"4fd1ec26490f90824bb273642e85ee92e2592a4007689c6049a1d83fac5805ea"},"C:\\Users\\user\\Desktop\\Andela\\My-Brand-Theoneste\\server\\models\\blogModel.js":{"path":"C:\\Users\\user\\Desktop\\Andela\\My-Brand-Theoneste\\server\\models\\blogModel.js","statementMap":{"0":{"start":{"line":3,"column":16},"end":{"line":3,"column":59}},"1":{"start":{"line":5,"column":39},"end":{"line":5,"column":95}},"2":{"start":{"line":7,"column":13},"end":{"line":31,"column":2}},"3":{"start":{"line":32,"column":0},"end":{"line":32,"column":60}}},"fnMap":{"0":{"name":"_interopRequireDefault","decl":{"start":{"line":5,"column":9},"end":{"line":5,"column":31}},"loc":{"start":{"line":5,"column":37},"end":{"line":5,"column":97}},"line":5}},"branchMap":{"0":{"loc":{"start":{"line":5,"column":46},"end":{"line":5,"column":94}},"type":"cond-expr","locations":[{"start":{"line":5,"column":70},"end":{"line":5,"column":73}},{"start":{"line":5,"column":76},"end":{"line":5,"column":94}}],"line":5},"1":{"loc":{"start":{"line":5,"column":46},"end":{"line":5,"column":67}},"type":"binary-expr","locations":[{"start":{"line":5,"column":46},"end":{"line":5,"column":49}},{"start":{"line":5,"column":53},"end":{"line":5,"column":67}}],"line":5}},"s":{"0":1,"1":1,"2":1,"3":1},"f":{"0":1},"b":{"0":[0,1],"1":[1,1]},"inputSourceMap":{"version":3,"sources":["blogModel.js"],"names":["schema","mongoose","Schema","topic","type","String","required","imageLink","content","comments","Array","likes","Number","dislikes","module","exports","model"],"mappings":";;AAAA;;;;AACA,IAAMA,MAAM,GAAG,IAAIC,qBAASC,MAAb,CAAoB;AAC/BC,EAAAA,KAAK,EAAE;AAACC,IAAAA,IAAI,EAAEC,MAAP;AAAcC,IAAAA,QAAQ,EAAE;AAAxB,GADwB;AAE/BC,EAAAA,SAAS,EAAE;AAAEH,IAAAA,IAAI,EAAEC,MAAR;AAAeC,IAAAA,QAAQ,EAAE;AAAzB,GAFoB;AAG/BE,EAAAA,OAAO,EAAE;AAACJ,IAAAA,IAAI,EAAEC,MAAP;AAAcC,IAAAA,QAAQ,EAAE;AAAxB,GAHsB;AAI/BG,EAAAA,QAAQ,EAAE;AAAEL,IAAAA,IAAI,EAACM;AAAP,GAJqB;AAK/BC,EAAAA,KAAK,EAAC;AAAEP,IAAAA,IAAI,EAAEQ,MAAR;AAAgB,eAAS;AAAzB,GALyB;AAM/BC,EAAAA,QAAQ,EAAE;AAAET,IAAAA,IAAI,EAAEQ,MAAR;AAAgB,eAAS;AAAzB;AANqB,CAApB,CAAf;AAQAE,MAAM,CAACC,OAAP,GAAiBd,qBAASe,KAAT,CAAe,MAAf,EAAuBhB,MAAvB,CAAjB","sourceRoot":"C:\\Users\\user\\Desktop\\Andela\\My-Brand-Theoneste\\server\\models\\","sourcesContent":["import mongoose from \"mongoose\"\r\nconst schema = new mongoose.Schema({\r\n    topic: {type: String,required: true},\r\n    imageLink: { type: String,required: true},\r\n    content: {type: String,required: true},\r\n    comments: { type:Array},\r\n    likes:{ type: Number, default: 0},\r\n    dislikes: { type: Number, default: 0}\r\n});\r\nmodule.exports = mongoose.model(\"Blog\", schema);\r\n"]},"_coverageSchema":"1a1c01bbd47fc00a2c39e90264f33305004495a9","hash":"a540f8623b7e1b39d937abd1cdb733602cde7be3","contentHash":"15f12c28366e79b5ab0a67c1caa830ce92a016d5327d144c7dc22bf007dcb09b"},"C:\\Users\\user\\Desktop\\Andela\\My-Brand-Theoneste\\server\\middlewares\\verfyingToken.js":{"path":"C:\\Users\\user\\Desktop\\Andela\\My-Brand-Theoneste\\server\\middlewares\\verfyingToken.js","statementMap":{"0":{"start":{"line":3,"column":0},"end":{"line":5,"column":3}},"1":{"start":{"line":6,"column":0},"end":{"line":6,"column":56}},"2":{"start":{"line":8,"column":16},"end":{"line":8,"column":59}},"3":{"start":{"line":10,"column":20},"end":{"line":10,"column":67}},"4":{"start":{"line":12,"column":39},"end":{"line":12,"column":95}},"5":{"start":{"line":14,"column":0},"end":{"line":14,"column":27}},"6":{"start":{"line":19,"column":20},"end":{"line":38,"column":1}},"7":{"start":{"line":20,"column":2},"end":{"line":37,"column":3}},"8":{"start":{"line":22,"column":16},"end":{"line":22,"column":43}},"9":{"start":{"line":24,"column":4},"end":{"line":32,"column":5}},"10":{"start":{"line":24,"column":16},"end":{"line":27,"column":7}},"11":{"start":{"line":28,"column":27},"end":{"line":28,"column":89}},"12":{"start":{"line":30,"column":6},"end":{"line":30,"column":42}},"13":{"start":{"line":31,"column":6},"end":{"line":31,"column":13}},"14":{"start":{"line":34,"column":4},"end":{"line":36,"column":7}},"15":{"start":{"line":40,"column":0},"end":{"line":40,"column":38}},"16":{"start":{"line":42,"column":21},"end":{"line":46,"column":1}},"17":{"start":{"line":43,"column":2},"end":{"line":45,"column":5}},"18":{"start":{"line":49,"column":0},"end":{"line":49,"column":40}}},"fnMap":{"0":{"name":"_interopRequireDefault","decl":{"start":{"line":12,"column":9},"end":{"line":12,"column":31}},"loc":{"start":{"line":12,"column":37},"end":{"line":12,"column":97}},"line":12},"1":{"name":"verfyingToken","decl":{"start":{"line":19,"column":29},"end":{"line":19,"column":42}},"loc":{"start":{"line":19,"column":59},"end":{"line":38,"column":1}},"line":19},"2":{"name":"assigningToken","decl":{"start":{"line":42,"column":30},"end":{"line":42,"column":44}},"loc":{"start":{"line":42,"column":51},"end":{"line":46,"column":1}},"line":42}},"branchMap":{"0":{"loc":{"start":{"line":12,"column":46},"end":{"line":12,"column":94}},"type":"cond-expr","locations":[{"start":{"line":12,"column":70},"end":{"line":12,"column":73}},{"start":{"line":12,"column":76},"end":{"line":12,"column":94}}],"line":12},"1":{"loc":{"start":{"line":12,"column":46},"end":{"line":12,"column":67}},"type":"binary-expr","locations":[{"start":{"line":12,"column":46},"end":{"line":12,"column":49}},{"start":{"line":12,"column":53},"end":{"line":12,"column":67}}],"line":12},"2":{"loc":{"start":{"line":24,"column":4},"end":{"line":32,"column":5}},"type":"if","locations":[{"start":{"line":24,"column":4},"end":{"line":32,"column":5}},{"start":{"line":24,"column":4},"end":{"line":32,"column":5}}],"line":24}},"s":{"0":1,"1":1,"2":1,"3":1,"4":2,"5":1,"6":1,"7":19,"8":19,"9":19,"10":6,"11":13,"12":13,"13":13,"14":0,"15":1,"16":1,"17":4,"18":1},"f":{"0":2,"1":19,"2":4},"b":{"0":[0,2],"1":[2,2],"2":[6,13]},"inputSourceMap":{"version":3,"sources":["verfyingToken.js"],"names":["require","config","verfyingToken","req","res","next","token","header","status","send","message","authorizedUser","jwt","verify","process","env","SECRET_KEY","error","assigningToken","data","sign","expiresIn"],"mappings":";;;;;;;AAAA;;AACA;;;;AACAA,OAAO,CAAC,QAAD,CAAP,CAAkBC,MAAlB,G,CACA;AACA;AACA;;;AACA,IAAMC,aAAa,GAAG,SAAhBA,aAAgB,CAACC,GAAD,EAAMC,GAAN,EAAWC,IAAX,EAAoB;AACtC,MAAI;AACA;AACA,QAAMC,KAAK,GAAGH,GAAG,CAACI,MAAJ,CAAW,eAAX,CAAd,CAFA,CAGA;;AACA,QAAI,CAACD,KAAL,EAAY,OAAOF,GAAG,CAACI,MAAJ,CAAW,GAAX,EAAgBC,IAAhB,CAAqB;AACpCC,MAAAA,OAAO,EAAE,qBAD2B,CAEpC;;AAFoC,KAArB,CAAP,CAAZ,KAIK;AACD,UAAMC,cAAc,GAAGC,yBAAIC,MAAJ,CAAWP,KAAX,EAAkBQ,OAAO,CAACC,GAAR,CAAYC,UAA9B,CAAvB;;AACAb,MAAAA,GAAG,CAACQ,cAAJ,GAAqBA,cAArB;AACAN,MAAAA,IAAI;AACP;AACJ,GAbD,CAaC,OAAOY,KAAP,EAAc;AACP,WAAOb,GAAG,CAACI,MAAJ,CAAW,GAAX,EAAgBC,IAAhB,CAAqB;AACxBC,MAAAA,OAAO,EAAE;AADe,KAArB,CAAP;AAGH;AACR,CAnBD;;;;AAqBA,IAAMQ,cAAc,GAAG,SAAjBA,cAAiB,CAACC,IAAD;AAAA,SAAUP,yBAAIQ,IAAJ,CAASD,IAAT,EAAeL,OAAO,CAACC,GAAR,CAAYC,UAA3B,EAAuC;AAChEK,IAAAA,SAAS,EAAE;AADqD,GAAvC,CAAV;AAAA,CAAvB,C,CAMA","sourceRoot":"C:\\Users\\user\\Desktop\\Andela\\My-Brand-Theoneste\\server\\middlewares\\","sourcesContent":["import passport from \"passport\"\r\nimport jwt from 'jsonwebtoken';\r\nrequire(\"dotenv\").config();\r\n//  format of token is gone be:\r\n// authorization : Bearer access_token\r\n// verfy token\r\nconst verfyingToken = (req, res, next) => {\r\n    try {\r\n        //get auth header value\r\n        const token = req.header('authorization');\r\n        // check if auther is undefined\r\n        if (!token) return res.status(401).send({\r\n            message: \"unauthorized access\"\r\n            // forbidden\r\n        });\r\n        else {\r\n            const authorizedUser = jwt.verify(token, process.env.SECRET_KEY);\r\n            req.authorizedUser = authorizedUser;\r\n            next();\r\n        }\r\n    }catch (error) {\r\n            return res.status(401).send({\r\n                message: \"Token is not valid\"\r\n            });\r\n        }\r\n}\r\n\r\nconst assigningToken = (data) => jwt.sign(data, process.env.SECRET_KEY, {\r\n        expiresIn: \"1d\"\r\n    });\r\n\r\n\r\n\r\n// module.exports=verfyingToken\r\nexport { verfyingToken, assigningToken} \r\n"]},"_coverageSchema":"1a1c01bbd47fc00a2c39e90264f33305004495a9","hash":"f20ed87b0712253c3b5f7330afb218edf80a13d3","contentHash":"34b564ce3315ae8d63ce3fbd4d5aab25e97106c942d37b3687a5d76147f5e121"},"C:\\Users\\user\\Desktop\\Andela\\My-Brand-Theoneste\\server\\validators\\blog.js":{"path":"C:\\Users\\user\\Desktop\\Andela\\My-Brand-Theoneste\\server\\validators\\blog.js","statementMap":{"0":{"start":{"line":3,"column":11},"end":{"line":3,"column":49}},"1":{"start":{"line":5,"column":0},"end":{"line":5,"column":39}},"2":{"start":{"line":7,"column":39},"end":{"line":7,"column":95}},"3":{"start":{"line":9,"column":19},"end":{"line":26,"column":1}},"4":{"start":{"line":10,"column":15},"end":{"line":14,"column":4}},"5":{"start":{"line":16,"column":15},"end":{"line":16,"column":40}},"6":{"start":{"line":18,"column":2},"end":{"line":23,"column":3}},"7":{"start":{"line":19,"column":4},"end":{"line":22,"column":7}},"8":{"start":{"line":25,"column":2},"end":{"line":25,"column":9}},"9":{"start":{"line":28,"column":0},"end":{"line":28,"column":30}}},"fnMap":{"0":{"name":"_interopRequireDefault","decl":{"start":{"line":7,"column":9},"end":{"line":7,"column":31}},"loc":{"start":{"line":7,"column":37},"end":{"line":7,"column":97}},"line":7},"1":{"name":"blogValidate","decl":{"start":{"line":9,"column":28},"end":{"line":9,"column":40}},"loc":{"start":{"line":9,"column":57},"end":{"line":26,"column":1}},"line":9}},"branchMap":{"0":{"loc":{"start":{"line":7,"column":46},"end":{"line":7,"column":94}},"type":"cond-expr","locations":[{"start":{"line":7,"column":70},"end":{"line":7,"column":73}},{"start":{"line":7,"column":76},"end":{"line":7,"column":94}}],"line":7},"1":{"loc":{"start":{"line":7,"column":46},"end":{"line":7,"column":67}},"type":"binary-expr","locations":[{"start":{"line":7,"column":46},"end":{"line":7,"column":49}},{"start":{"line":7,"column":53},"end":{"line":7,"column":67}}],"line":7},"2":{"loc":{"start":{"line":18,"column":2},"end":{"line":23,"column":3}},"type":"if","locations":[{"start":{"line":18,"column":2},"end":{"line":23,"column":3}},{"start":{"line":18,"column":2},"end":{"line":23,"column":3}}],"line":18}},"s":{"0":1,"1":1,"2":1,"3":1,"4":4,"5":4,"6":4,"7":1,"8":3,"9":1},"f":{"0":1,"1":4},"b":{"0":[0,1],"1":[1,1],"2":[1,3]},"inputSourceMap":{"version":3,"sources":["blog.js"],"names":["blogValidate","req","res","next","schema","Joi","object","topic","string","required","min","imageLink","content","result","validate","body","error","status","json","details","message","module","exports"],"mappings":";;AAAA;;AACA;;;;AACA,IAAMA,YAAY,GAAG,SAAfA,YAAe,CAACC,GAAD,EAAMC,GAAN,EAAWC,IAAX,EAAoB;AAErC,MAAMC,MAAM,GAAGC,gBAAIC,MAAJ,CAAW;AACtBC,IAAAA,KAAK,EAAEF,gBAAIG,MAAJ,GAAaC,QAAb,GAAwBC,GAAxB,CAA4B,CAA5B,CADe;AAEtBC,IAAAA,SAAS,EAAEN,gBAAIG,MAAJ,EAFW;AAGtBI,IAAAA,OAAO,EAAEP,gBAAIG,MAAJ,GAAcC,QAAd,GAA0BC,GAA1B,CAA8B,CAA9B;AAHa,GAAX,CAAf;;AAMA,MAAMG,MAAM,GAAGT,MAAM,CAACU,QAAP,CAAgBb,GAAG,CAACc,IAApB,CAAf;;AACA,MAAIF,MAAM,CAACG,KAAX,EAAkB;AACf,WAAOd,GAAG,CAACe,MAAJ,CAAW,GAAX,EAAgBC,IAAhB,CAAqB;AAACD,MAAAA,MAAM,EAAE,GAAT;AAAaD,MAAAA,KAAK,YAAKH,MAAM,CAACG,KAAP,CAAaG,OAAb,CAAqB,CAArB,EAAwBC,OAA7B;AAAlB,KAArB,CAAP;AAEF;;AACDjB,EAAAA,IAAI;AACP,CAdD;;AAgBAkB,MAAM,CAACC,OAAP,GAAiBtB,YAAjB","sourceRoot":"C:\\Users\\user\\Desktop\\Andela\\My-Brand-Theoneste\\server\\validators\\","sourcesContent":["import Joi from 'joi';\r\nimport 'regenerator-runtime/runtime'\r\nconst blogValidate = (req, res, next) => {\r\n\r\n    const schema = Joi.object({\r\n        topic: Joi.string().required().min(5),\r\n        imageLink: Joi.string(),\r\n        content: Joi.string() .required() .min(5)\r\n    })\r\n\r\n    const result = schema.validate(req.body);\r\n    if (result.error) {\r\n       return res.status(400).json({status: 400,error: `${result.error.details[0].message}`\r\n        })\r\n    }\r\n    next()\r\n}\r\n\r\nmodule.exports = blogValidate\r\n"]},"_coverageSchema":"1a1c01bbd47fc00a2c39e90264f33305004495a9","hash":"dd631168be615eaddb6083c9e4c1adddbd900439","contentHash":"10732b633c2267551cc66dcbbb1896bf6d57b4a2702ba37b4f8a378c11254c68"},"C:\\Users\\user\\Desktop\\Andela\\My-Brand-Theoneste\\server\\routes\\queryRouter.js":{"path":"C:\\Users\\user\\Desktop\\Andela\\My-Brand-Theoneste\\server\\routes\\queryRouter.js","statementMap":{"0":{"start":{"line":3,"column":0},"end":{"line":5,"column":3}},"1":{"start":{"line":6,"column":0},"end":{"line":6,"column":28}},"2":{"start":{"line":8,"column":15},"end":{"line":8,"column":57}},"3":{"start":{"line":10,"column":13},"end":{"line":10,"column":69}},"4":{"start":{"line":12,"column":25},"end":{"line":12,"column":70}},"5":{"start":{"line":14,"column":21},"end":{"line":14,"column":62}},"6":{"start":{"line":16,"column":39},"end":{"line":16,"column":95}},"7":{"start":{"line":18,"column":13},"end":{"line":18,"column":41}},"8":{"start":{"line":20,"column":0},"end":{"line":20,"column":85}},"9":{"start":{"line":21,"column":0},"end":{"line":21,"column":98}},"10":{"start":{"line":22,"column":0},"end":{"line":22,"column":99}},"11":{"start":{"line":23,"column":0},"end":{"line":23,"column":105}},"12":{"start":{"line":24,"column":15},"end":{"line":24,"column":21}},"13":{"start":{"line":25,"column":0},"end":{"line":25,"column":30}}},"fnMap":{"0":{"name":"_interopRequireDefault","decl":{"start":{"line":16,"column":9},"end":{"line":16,"column":31}},"loc":{"start":{"line":16,"column":37},"end":{"line":16,"column":97}},"line":16}},"branchMap":{"0":{"loc":{"start":{"line":16,"column":46},"end":{"line":16,"column":94}},"type":"cond-expr","locations":[{"start":{"line":16,"column":70},"end":{"line":16,"column":73}},{"start":{"line":16,"column":76},"end":{"line":16,"column":94}}],"line":16},"1":{"loc":{"start":{"line":16,"column":46},"end":{"line":16,"column":67}},"type":"binary-expr","locations":[{"start":{"line":16,"column":46},"end":{"line":16,"column":49}},{"start":{"line":16,"column":53},"end":{"line":16,"column":67}}],"line":16}},"s":{"0":1,"1":1,"2":1,"3":1,"4":1,"5":1,"6":2,"7":1,"8":1,"9":1,"10":1,"11":1,"12":1,"13":1},"f":{"0":2},"b":{"0":[0,2],"1":[2,2]},"inputSourceMap":{"version":3,"sources":["queryRouter.js"],"names":["router","express","Router","post","queryValidator","createQuery","get","verfyingToken","findAllQueries","findOneQuery","deleteQuery"],"mappings":";;;;;;;AAAA;;AACA;;AACA;;AACA;;;;AACA,IAAMA,MAAM,GAAGC,oBAAQC,MAAR,EAAf;;AAEAF,MAAM,CAACG,IAAP,CAAY,oBAAZ,EAAiCC,iBAAjC,EAAiDC,8BAAjD;AACAL,MAAM,CAACM,GAAP,CAAW,oBAAX,EAAiCC,4BAAjC,EAAgDC,iCAAhD;AACAR,MAAM,CAACM,GAAP,CAAW,uBAAX,EAAoCC,4BAApC,EAAmDE,+BAAnD;AACAT,MAAM,UAAN,CAAc,wBAAd,EAAwCO,4BAAxC,EAAuDG,8BAAvD;eAEeV,M","sourceRoot":"C:\\Users\\user\\Desktop\\Andela\\My-Brand-Theoneste\\server\\routes\\","sourcesContent":["import express from \"express\"\r\nimport queryValidator from \"./../validators/query\"\r\nimport { createQuery, findAllQueries, findOneQuery, deleteQuery } from \"./../controllers/queriesController\"\r\nimport { verfyingToken, assigningToken } from \"./../middlewares/verfyingToken\"\r\nconst router = express.Router();\r\n\r\nrouter.post(\"/api/user/queries/\",queryValidator, createQuery)\r\nrouter.get(\"/api/user/queries/\", verfyingToken, findAllQueries)\r\nrouter.get(\"/api/user/queries/:id\", verfyingToken, findOneQuery)\r\nrouter.delete(\"/api/user/queries/:id/\", verfyingToken, deleteQuery)\r\n\r\nexport default router;\r\n"]},"_coverageSchema":"1a1c01bbd47fc00a2c39e90264f33305004495a9","hash":"f85e8d383c291ffe2b22538a06a48c05902fc0f9","contentHash":"0b84bfbf13641b06bcc8360803ca5602c9c699327ff9ae0ed24bddb696a3493d"},"C:\\Users\\user\\Desktop\\Andela\\My-Brand-Theoneste\\server\\validators\\query.js":{"path":"C:\\Users\\user\\Desktop\\Andela\\My-Brand-Theoneste\\server\\validators\\query.js","statementMap":{"0":{"start":{"line":3,"column":11},"end":{"line":3,"column":49}},"1":{"start":{"line":5,"column":0},"end":{"line":5,"column":39}},"2":{"start":{"line":7,"column":39},"end":{"line":7,"column":95}},"3":{"start":{"line":9,"column":77},"end":{"line":9,"column":175}},"4":{"start":{"line":9,"column":94},"end":{"line":9,"column":107}},"5":{"start":{"line":9,"column":121},"end":{"line":9,"column":131}},"6":{"start":{"line":9,"column":151},"end":{"line":9,"column":165}},"7":{"start":{"line":9,"column":166},"end":{"line":9,"column":173}},"8":{"start":{"line":9,"column":176},"end":{"line":9,"column":263}},"9":{"start":{"line":9,"column":193},"end":{"line":9,"column":208}},"10":{"start":{"line":9,"column":218},"end":{"line":9,"column":261}},"11":{"start":{"line":11,"column":33},"end":{"line":11,"column":387}},"12":{"start":{"line":11,"column":65},"end":{"line":11,"column":69}},"13":{"start":{"line":11,"column":78},"end":{"line":11,"column":87}},"14":{"start":{"line":11,"column":89},"end":{"line":11,"column":384}},"15":{"start":{"line":11,"column":147},"end":{"line":11,"column":167}},"16":{"start":{"line":11,"column":193},"end":{"line":11,"column":264}},"17":{"start":{"line":11,"column":290},"end":{"line":11,"column":360}},"18":{"start":{"line":11,"column":363},"end":{"line":11,"column":380}},"19":{"start":{"line":13,"column":33},"end":{"line":56,"column":3}},"20":{"start":{"line":14,"column":13},"end":{"line":51,"column":5}},"21":{"start":{"line":16,"column":4},"end":{"line":50,"column":16}},"22":{"start":{"line":17,"column":6},"end":{"line":49,"column":7}},"23":{"start":{"line":18,"column":8},"end":{"line":48,"column":9}},"24":{"start":{"line":20,"column":12},"end":{"line":25,"column":15}},"25":{"start":{"line":26,"column":12},"end":{"line":26,"column":30}},"26":{"start":{"line":27,"column":12},"end":{"line":27,"column":45}},"27":{"start":{"line":30,"column":12},"end":{"line":30,"column":35}},"28":{"start":{"line":32,"column":12},"end":{"line":35,"column":13}},"29":{"start":{"line":33,"column":14},"end":{"line":33,"column":32}},"30":{"start":{"line":34,"column":14},"end":{"line":34,"column":20}},"31":{"start":{"line":37,"column":12},"end":{"line":40,"column":16}},"32":{"start":{"line":43,"column":12},"end":{"line":43,"column":19}},"33":{"start":{"line":47,"column":12},"end":{"line":47,"column":35}},"34":{"start":{"line":53,"column":2},"end":{"line":55,"column":4}},"35":{"start":{"line":54,"column":4},"end":{"line":54,"column":39}},"36":{"start":{"line":58,"column":0},"end":{"line":58,"column":31}}},"fnMap":{"0":{"name":"_interopRequireDefault","decl":{"start":{"line":7,"column":9},"end":{"line":7,"column":31}},"loc":{"start":{"line":7,"column":37},"end":{"line":7,"column":97}},"line":7},"1":{"name":"asyncGeneratorStep","decl":{"start":{"line":9,"column":9},"end":{"line":9,"column":27}},"loc":{"start":{"line":9,"column":75},"end":{"line":9,"column":265}},"line":9},"2":{"name":"_asyncToGenerator","decl":{"start":{"line":11,"column":9},"end":{"line":11,"column":26}},"loc":{"start":{"line":11,"column":31},"end":{"line":11,"column":389}},"line":11},"3":{"name":"(anonymous_3)","decl":{"start":{"line":11,"column":40},"end":{"line":11,"column":41}},"loc":{"start":{"line":11,"column":52},"end":{"line":11,"column":386}},"line":11},"4":{"name":"(anonymous_4)","decl":{"start":{"line":11,"column":108},"end":{"line":11,"column":109}},"loc":{"start":{"line":11,"column":135},"end":{"line":11,"column":382}},"line":11},"5":{"name":"_next","decl":{"start":{"line":11,"column":178},"end":{"line":11,"column":183}},"loc":{"start":{"line":11,"column":191},"end":{"line":11,"column":266}},"line":11},"6":{"name":"_throw","decl":{"start":{"line":11,"column":276},"end":{"line":11,"column":282}},"loc":{"start":{"line":11,"column":288},"end":{"line":11,"column":362}},"line":11},"7":{"name":"(anonymous_7)","decl":{"start":{"line":13,"column":33},"end":{"line":13,"column":34}},"loc":{"start":{"line":13,"column":45},"end":{"line":56,"column":1}},"line":13},"8":{"name":"_callee","decl":{"start":{"line":14,"column":78},"end":{"line":14,"column":85}},"loc":{"start":{"line":14,"column":102},"end":{"line":51,"column":3}},"line":14},"9":{"name":"_callee$","decl":{"start":{"line":16,"column":44},"end":{"line":16,"column":52}},"loc":{"start":{"line":16,"column":63},"end":{"line":50,"column":5}},"line":16},"10":{"name":"queryValidate","decl":{"start":{"line":53,"column":18},"end":{"line":53,"column":31}},"loc":{"start":{"line":53,"column":46},"end":{"line":55,"column":3}},"line":53}},"branchMap":{"0":{"loc":{"start":{"line":7,"column":46},"end":{"line":7,"column":94}},"type":"cond-expr","locations":[{"start":{"line":7,"column":70},"end":{"line":7,"column":73}},{"start":{"line":7,"column":76},"end":{"line":7,"column":94}}],"line":7},"1":{"loc":{"start":{"line":7,"column":46},"end":{"line":7,"column":67}},"type":"binary-expr","locations":[{"start":{"line":7,"column":46},"end":{"line":7,"column":49}},{"start":{"line":7,"column":53},"end":{"line":7,"column":67}}],"line":7},"2":{"loc":{"start":{"line":9,"column":176},"end":{"line":9,"column":263}},"type":"if","locations":[{"start":{"line":9,"column":176},"end":{"line":9,"column":263}},{"start":{"line":9,"column":176},"end":{"line":9,"column":263}}],"line":9},"3":{"loc":{"start":{"line":18,"column":8},"end":{"line":48,"column":9}},"type":"switch","locations":[{"start":{"line":19,"column":10},"end":{"line":27,"column":45}},{"start":{"line":29,"column":10},"end":{"line":40,"column":16}},{"start":{"line":42,"column":10},"end":{"line":43,"column":19}},{"start":{"line":45,"column":10},"end":{"line":45,"column":17}},{"start":{"line":46,"column":10},"end":{"line":47,"column":35}}],"line":18},"4":{"loc":{"start":{"line":32,"column":12},"end":{"line":35,"column":13}},"type":"if","locations":[{"start":{"line":32,"column":12},"end":{"line":35,"column":13}},{"start":{"line":32,"column":12},"end":{"line":35,"column":13}}],"line":32}},"s":{"0":1,"1":1,"2":1,"3":6,"4":6,"5":6,"6":0,"7":0,"8":6,"9":3,"10":3,"11":1,"12":3,"13":3,"14":3,"15":3,"16":6,"17":0,"18":3,"19":1,"20":1,"21":3,"22":8,"23":9,"24":3,"25":3,"26":3,"27":3,"28":3,"29":1,"30":1,"31":2,"32":1,"33":3,"34":1,"35":3,"36":1},"f":{"0":1,"1":6,"2":1,"3":3,"4":3,"5":6,"6":0,"7":1,"8":3,"9":8,"10":3},"b":{"0":[0,1],"1":[1,1],"2":[3,3],"3":[3,3,1,1,3],"4":[1,2]},"inputSourceMap":{"version":3,"sources":["query.js"],"names":["queryValidate","req","res","next","schema","Joi","object","firstName","string","required","min","lastName","email","message","validate","body","result","error","status","json","details","module","exports"],"mappings":";;AAAA;;AACA;;;;;;;;AACA,IAAMA,aAAa;AAAA,qEAAG,iBAAMC,GAAN,EAAWC,GAAX,EAAgBC,IAAhB;AAAA;AAAA;AAAA;AAAA;AAAA;AACZC,YAAAA,MADY,GACHC,gBAAIC,MAAJ,CAAW;AACtBC,cAAAA,SAAS,EAAEF,gBAAIG,MAAJ,GAAaC,QAAb,GAAwBC,GAAxB,CAA4B,CAA5B,CADW;AAEtBC,cAAAA,QAAQ,EAAEN,gBAAIG,MAAJ,GAAaC,QAAb,GAAwBC,GAAxB,CAA4B,CAA5B,CAFY;AAGtBE,cAAAA,KAAK,EAAEP,gBAAIG,MAAJ,GAAaI,KAAb,GAAqBH,QAArB,EAHe;AAItBI,cAAAA,OAAO,EAAER,gBAAIG,MAAJ,GAAaC,QAAb,GAAwBC,GAAxB,CAA4B,CAA5B;AAJa,aAAX,CADG;AAAA;AAAA,mBAOGN,MAAM,CAACU,QAAP,CAAgBb,GAAG,CAACc,IAApB,CAPH;;AAAA;AAOZC,YAAAA,MAPY;;AAAA,iBAQdA,MAAM,CAACC,KARO;AAAA;AAAA;AAAA;;AAAA,6CASPf,GAAG,CAACgB,MAAJ,CAAW,GAAX,EAAgBC,IAAhB,CAAqB;AAACD,cAAAA,MAAM,EAAE,GAAT;AAAcD,cAAAA,KAAK,YAAKD,MAAM,CAACC,KAAP,CAAaG,OAAb,CAAqB,CAArB,EAAwBP,OAA7B;AAAnB,aAArB,CATO;;AAAA;AAYlBV,YAAAA,IAAI;;AAZc;AAAA;AAAA;AAAA;AAAA;AAAA;AAAA,GAAH;;AAAA,kBAAbH,aAAa;AAAA;AAAA;AAAA,GAAnB;;AAeAqB,MAAM,CAACC,OAAP,GAAiBtB,aAAjB","sourceRoot":"C:\\Users\\user\\Desktop\\Andela\\My-Brand-Theoneste\\server\\validators\\","sourcesContent":["import Joi from 'joi'\r\nimport 'regenerator-runtime/runtime'\r\nconst queryValidate = async(req, res, next) => {\r\n    const schema = Joi.object({\r\n        firstName: Joi.string().required().min(5),\r\n        lastName: Joi.string().required().min(5) ,\r\n        email: Joi.string().email().required(),\r\n        message: Joi.string().required().min(5)\r\n    })\r\n    const result = await schema.validate(req.body);\r\n    if (result.error) {\r\n        return res.status(400).json({status: 400, error: `${result.error.details[0].message}`\r\n        })\r\n    }\r\n    next()\r\n}\r\n\r\nmodule.exports = queryValidate\r\n"]},"_coverageSchema":"1a1c01bbd47fc00a2c39e90264f33305004495a9","hash":"0b22d0a9442d7e0796784cb53671fd76969da7c2","contentHash":"981b0c64808fa790656a51a10da6566821198e161b901062dde22866816285e9"},"C:\\Users\\user\\Desktop\\Andela\\My-Brand-Theoneste\\server\\controllers\\queriesController.js":{"path":"C:\\Users\\user\\Desktop\\Andela\\My-Brand-Theoneste\\server\\controllers\\queriesController.js","statementMap":{"0":{"start":{"line":3,"column":0},"end":{"line":5,"column":3}},"1":{"start":{"line":6,"column":0},"end":{"line":6,"column":99}},"2":{"start":{"line":8,"column":0},"end":{"line":8,"column":39}},"3":{"start":{"line":10,"column":18},"end":{"line":10,"column":73}},"4":{"start":{"line":12,"column":39},"end":{"line":12,"column":95}},"5":{"start":{"line":14,"column":77},"end":{"line":14,"column":175}},"6":{"start":{"line":14,"column":94},"end":{"line":14,"column":107}},"7":{"start":{"line":14,"column":121},"end":{"line":14,"column":131}},"8":{"start":{"line":14,"column":151},"end":{"line":14,"column":165}},"9":{"start":{"line":14,"column":166},"end":{"line":14,"column":173}},"10":{"start":{"line":14,"column":176},"end":{"line":14,"column":263}},"11":{"start":{"line":14,"column":193},"end":{"line":14,"column":208}},"12":{"start":{"line":14,"column":218},"end":{"line":14,"column":261}},"13":{"start":{"line":16,"column":33},"end":{"line":16,"column":387}},"14":{"start":{"line":16,"column":65},"end":{"line":16,"column":69}},"15":{"start":{"line":16,"column":78},"end":{"line":16,"column":87}},"16":{"start":{"line":16,"column":89},"end":{"line":16,"column":384}},"17":{"start":{"line":16,"column":147},"end":{"line":16,"column":167}},"18":{"start":{"line":16,"column":193},"end":{"line":16,"column":264}},"19":{"start":{"line":16,"column":290},"end":{"line":16,"column":360}},"20":{"start":{"line":16,"column":363},"end":{"line":16,"column":380}},"21":{"start":{"line":19,"column":31},"end":{"line":63,"column":3}},"22":{"start":{"line":20,"column":13},"end":{"line":58,"column":5}},"23":{"start":{"line":22,"column":4},"end":{"line":57,"column":32}},"24":{"start":{"line":23,"column":6},"end":{"line":56,"column":7}},"25":{"start":{"line":24,"column":8},"end":{"line":55,"column":9}},"26":{"start":{"line":26,"column":12},"end":{"line":26,"column":30}},"27":{"start":{"line":27,"column":12},"end":{"line":32,"column":15}},"28":{"start":{"line":33,"column":12},"end":{"line":33,"column":30}},"29":{"start":{"line":34,"column":12},"end":{"line":38,"column":15}},"30":{"start":{"line":35,"column":14},"end":{"line":37,"column":17}},"31":{"start":{"line":41,"column":12},"end":{"line":41,"column":30}},"32":{"start":{"line":42,"column":12},"end":{"line":42,"column":18}},"33":{"start":{"line":45,"column":12},"end":{"line":45,"column":30}},"34":{"start":{"line":46,"column":12},"end":{"line":46,"column":47}},"35":{"start":{"line":47,"column":12},"end":{"line":50,"column":16}},"36":{"start":{"line":54,"column":12},"end":{"line":54,"column":35}},"37":{"start":{"line":60,"column":2},"end":{"line":62,"column":4}},"38":{"start":{"line":61,"column":4},"end":{"line":61,"column":39}},"39":{"start":{"line":66,"column":0},"end":{"line":66,"column":34}},"40":{"start":{"line":68,"column":21},"end":{"line":80,"column":1}},"41":{"start":{"line":69,"column":2},"end":{"line":79,"column":5}},"42":{"start":{"line":70,"column":4},"end":{"line":73,"column":7}},"43":{"start":{"line":75,"column":4},"end":{"line":78,"column":7}},"44":{"start":{"line":83,"column":0},"end":{"line":83,"column":40}},"45":{"start":{"line":85,"column":19},"end":{"line":99,"column":1}},"46":{"start":{"line":86,"column":2},"end":{"line":98,"column":5}},"47":{"start":{"line":89,"column":4},"end":{"line":92,"column":7}},"48":{"start":{"line":94,"column":4},"end":{"line":97,"column":7}},"49":{"start":{"line":102,"column":0},"end":{"line":102,"column":36}},"50":{"start":{"line":104,"column":31},"end":{"line":144,"column":3}},"51":{"start":{"line":105,"column":14},"end":{"line":139,"column":5}},"52":{"start":{"line":106,"column":4},"end":{"line":138,"column":33}},"53":{"start":{"line":107,"column":6},"end":{"line":137,"column":7}},"54":{"start":{"line":108,"column":8},"end":{"line":136,"column":9}},"55":{"start":{"line":110,"column":12},"end":{"line":110,"column":31}},"56":{"start":{"line":111,"column":12},"end":{"line":111,"column":31}},"57":{"start":{"line":112,"column":12},"end":{"line":114,"column":15}},"58":{"start":{"line":117,"column":12},"end":{"line":120,"column":16}},"59":{"start":{"line":123,"column":12},"end":{"line":123,"column":31}},"60":{"start":{"line":124,"column":12},"end":{"line":124,"column":49}},"61":{"start":{"line":126,"column":12},"end":{"line":131,"column":15}},"62":{"start":{"line":127,"column":14},"end":{"line":130,"column":17}},"63":{"start":{"line":135,"column":12},"end":{"line":135,"column":36}},"64":{"start":{"line":141,"column":2},"end":{"line":143,"column":4}},"65":{"start":{"line":142,"column":4},"end":{"line":142,"column":40}},"66":{"start":{"line":146,"column":0},"end":{"line":146,"column":34}}},"fnMap":{"0":{"name":"_interopRequireDefault","decl":{"start":{"line":12,"column":9},"end":{"line":12,"column":31}},"loc":{"start":{"line":12,"column":37},"end":{"line":12,"column":97}},"line":12},"1":{"name":"asyncGeneratorStep","decl":{"start":{"line":14,"column":9},"end":{"line":14,"column":27}},"loc":{"start":{"line":14,"column":75},"end":{"line":14,"column":265}},"line":14},"2":{"name":"_asyncToGenerator","decl":{"start":{"line":16,"column":9},"end":{"line":16,"column":26}},"loc":{"start":{"line":16,"column":31},"end":{"line":16,"column":389}},"line":16},"3":{"name":"(anonymous_3)","decl":{"start":{"line":16,"column":40},"end":{"line":16,"column":41}},"loc":{"start":{"line":16,"column":52},"end":{"line":16,"column":386}},"line":16},"4":{"name":"(anonymous_4)","decl":{"start":{"line":16,"column":108},"end":{"line":16,"column":109}},"loc":{"start":{"line":16,"column":135},"end":{"line":16,"column":382}},"line":16},"5":{"name":"_next","decl":{"start":{"line":16,"column":178},"end":{"line":16,"column":183}},"loc":{"start":{"line":16,"column":191},"end":{"line":16,"column":266}},"line":16},"6":{"name":"_throw","decl":{"start":{"line":16,"column":276},"end":{"line":16,"column":282}},"loc":{"start":{"line":16,"column":288},"end":{"line":16,"column":362}},"line":16},"7":{"name":"(anonymous_7)","decl":{"start":{"line":19,"column":31},"end":{"line":19,"column":32}},"loc":{"start":{"line":19,"column":43},"end":{"line":63,"column":1}},"line":19},"8":{"name":"_callee","decl":{"start":{"line":20,"column":78},"end":{"line":20,"column":85}},"loc":{"start":{"line":20,"column":102},"end":{"line":58,"column":3}},"line":20},"9":{"name":"_callee$","decl":{"start":{"line":22,"column":44},"end":{"line":22,"column":52}},"loc":{"start":{"line":22,"column":63},"end":{"line":57,"column":5}},"line":22},"10":{"name":"(anonymous_10)","decl":{"start":{"line":34,"column":40},"end":{"line":34,"column":41}},"loc":{"start":{"line":34,"column":52},"end":{"line":38,"column":13}},"line":34},"11":{"name":"createQuery","decl":{"start":{"line":60,"column":18},"end":{"line":60,"column":29}},"loc":{"start":{"line":60,"column":44},"end":{"line":62,"column":3}},"line":60},"12":{"name":"findAllQueries","decl":{"start":{"line":68,"column":30},"end":{"line":68,"column":44}},"loc":{"start":{"line":68,"column":61},"end":{"line":80,"column":1}},"line":68},"13":{"name":"(anonymous_13)","decl":{"start":{"line":69,"column":37},"end":{"line":69,"column":38}},"loc":{"start":{"line":69,"column":56},"end":{"line":74,"column":3}},"line":69},"14":{"name":"(anonymous_14)","decl":{"start":{"line":74,"column":14},"end":{"line":74,"column":15}},"loc":{"start":{"line":74,"column":31},"end":{"line":79,"column":3}},"line":74},"15":{"name":"findOneQuery","decl":{"start":{"line":85,"column":28},"end":{"line":85,"column":40}},"loc":{"start":{"line":85,"column":57},"end":{"line":99,"column":1}},"line":85},"16":{"name":"(anonymous_16)","decl":{"start":{"line":88,"column":10},"end":{"line":88,"column":11}},"loc":{"start":{"line":88,"column":27},"end":{"line":93,"column":3}},"line":88},"17":{"name":"(anonymous_17)","decl":{"start":{"line":93,"column":14},"end":{"line":93,"column":15}},"loc":{"start":{"line":93,"column":31},"end":{"line":98,"column":3}},"line":93},"18":{"name":"(anonymous_18)","decl":{"start":{"line":104,"column":31},"end":{"line":104,"column":32}},"loc":{"start":{"line":104,"column":43},"end":{"line":144,"column":1}},"line":104},"19":{"name":"_callee2","decl":{"start":{"line":105,"column":79},"end":{"line":105,"column":87}},"loc":{"start":{"line":105,"column":104},"end":{"line":139,"column":3}},"line":105},"20":{"name":"_callee2$","decl":{"start":{"line":106,"column":44},"end":{"line":106,"column":53}},"loc":{"start":{"line":106,"column":65},"end":{"line":138,"column":5}},"line":106},"21":{"name":"(anonymous_21)","decl":{"start":{"line":126,"column":13},"end":{"line":126,"column":14}},"loc":{"start":{"line":126,"column":30},"end":{"line":131,"column":13}},"line":126},"22":{"name":"deleteQuery","decl":{"start":{"line":141,"column":18},"end":{"line":141,"column":29}},"loc":{"start":{"line":141,"column":45},"end":{"line":143,"column":3}},"line":141}},"branchMap":{"0":{"loc":{"start":{"line":12,"column":46},"end":{"line":12,"column":94}},"type":"cond-expr","locations":[{"start":{"line":12,"column":70},"end":{"line":12,"column":73}},{"start":{"line":12,"column":76},"end":{"line":12,"column":94}}],"line":12},"1":{"loc":{"start":{"line":12,"column":46},"end":{"line":12,"column":67}},"type":"binary-expr","locations":[{"start":{"line":12,"column":46},"end":{"line":12,"column":49}},{"start":{"line":12,"column":53},"end":{"line":12,"column":67}}],"line":12},"2":{"loc":{"start":{"line":14,"column":176},"end":{"line":14,"column":263}},"type":"if","locations":[{"start":{"line":14,"column":176},"end":{"line":14,"column":263}},{"start":{"line":14,"column":176},"end":{"line":14,"column":263}}],"line":14},"3":{"loc":{"start":{"line":24,"column":8},"end":{"line":55,"column":9}},"type":"switch","locations":[{"start":{"line":25,"column":10},"end":{"line":38,"column":15}},{"start":{"line":40,"column":10},"end":{"line":42,"column":18}},{"start":{"line":44,"column":10},"end":{"line":50,"column":16}},{"start":{"line":52,"column":10},"end":{"line":52,"column":17}},{"start":{"line":53,"column":10},"end":{"line":54,"column":35}}],"line":24},"4":{"loc":{"start":{"line":108,"column":8},"end":{"line":136,"column":9}},"type":"switch","locations":[{"start":{"line":109,"column":10},"end":{"line":114,"column":15}},{"start":{"line":116,"column":10},"end":{"line":120,"column":16}},{"start":{"line":122,"column":10},"end":{"line":131,"column":15}},{"start":{"line":133,"column":10},"end":{"line":133,"column":17}},{"start":{"line":134,"column":10},"end":{"line":135,"column":36}}],"line":108}},"s":{"0":1,"1":1,"2":1,"3":1,"4":1,"5":4,"6":4,"7":4,"8":0,"9":0,"10":4,"11":2,"12":2,"13":2,"14":2,"15":2,"16":2,"17":2,"18":4,"19":0,"20":2,"21":1,"22":1,"23":1,"24":2,"25":3,"26":1,"27":1,"28":1,"29":1,"30":1,"31":1,"32":1,"33":0,"34":0,"35":0,"36":1,"37":1,"38":1,"39":1,"40":1,"41":1,"42":1,"43":0,"44":1,"45":1,"46":1,"47":1,"48":0,"49":1,"50":1,"51":1,"52":1,"53":3,"54":3,"55":1,"56":1,"57":1,"58":1,"59":0,"60":0,"61":0,"62":0,"63":1,"64":1,"65":1,"66":1},"f":{"0":1,"1":4,"2":2,"3":2,"4":2,"5":4,"6":0,"7":1,"8":1,"9":2,"10":1,"11":1,"12":1,"13":1,"14":0,"15":1,"16":1,"17":0,"18":1,"19":1,"20":3,"21":0,"22":1},"b":{"0":[0,1],"1":[1,1],"2":[2,2],"3":[1,1,0,1,1],"4":[1,1,0,0,1]},"inputSourceMap":{"version":3,"sources":["queriesController.js"],"names":["createQuery","req","res","next","newQuery","querymodel","firstName","body","lastName","email","message","save","then","status","send","queries","findAllQueries","find","error","findOneQuery","findById","_id","params","id","query","deleteQuery","deleteOne"],"mappings":";;;;;;;AACA;;AACA;;;;;;;;AAEA;AACA,IAAMA,WAAW;AAAA,qEAAG,iBAAOC,GAAP,EAAYC,GAAZ,EAAiBC,IAAjB;AAAA;AAAA;AAAA;AAAA;AAAA;AAAA;AAENC,YAAAA,QAFM,GAEK,IAAIC,sBAAJ,CAAe;AAC5BC,cAAAA,SAAS,EAAEL,GAAG,CAACM,IAAJ,CAASD,SADQ;AAE5BE,cAAAA,QAAQ,EAAEP,GAAG,CAACM,IAAJ,CAASC,QAFS;AAG5BC,cAAAA,KAAK,EAAER,GAAG,CAACM,IAAJ,CAASE,KAHY;AAI5BC,cAAAA,OAAO,EAAET,GAAG,CAACM,IAAJ,CAASG;AAJU,aAAf,CAFL;AAAA;AAAA,mBAQNN,QAAQ,CAACO,IAAT,GAAgBC,IAAhB,CAAqB,YAAM;AAC1B,qBAAOV,GAAG,CAACW,MAAJ,CAAW,GAAX,EAAgBC,IAAhB,CAAqB;AAACC,gBAAAA,OAAO,EAACX;AAAT,eAArB,CAAP;AACF,aAFC,CARM;;AAAA;AAAA;AAAA;;AAAA;AAAA;AAAA;AAAA,6CAaNF,GAAG,CAACW,MAAJ,CAAW,GAAX,EAAgBC,IAAhB,CAAqB;AAACD,cAAAA,MAAM,EAAC,GAAR;AAAYH,cAAAA,OAAO,EAAE;AAArB,aAArB,CAbM;;AAAA;AAAA;AAAA;AAAA;AAAA;AAAA;AAAA,GAAH;;AAAA,kBAAXV,WAAW;AAAA;AAAA;AAAA,GAAjB,C,CAiBA;;;;;AACA,IAAMgB,cAAc,GAAG,SAAjBA,cAAiB,CAACf,GAAD,EAAMC,GAAN,EAAWC,IAAX,EAAoB;AACvCE,yBAAWY,IAAX,GAAkBL,IAAlB,CAAuB,UAACG,OAAD,EAAa;AAC9B,WAAQb,GAAG,CAACW,MAAJ,CAAW,GAAX,EAAgBC,IAAhB,CAAqB;AAAED,MAAAA,MAAM,EAAE,GAAV;AAAeE,MAAAA,OAAO,EAAEA;AAAxB,KAArB,CAAR;AACD,GAFL,WAEe,UAACG,KAAD,EAAW;AACnB,WAAOhB,GAAG,CAACW,MAAJ,CAAW,GAAX,EAAgBC,IAAhB,CAAqB;AAACD,MAAAA,MAAM,EAAC,GAAR;AAAYK,MAAAA,KAAK,EAAEA;AAAnB,KAArB,CAAP;AACF,GAJL;AAKH,CAND,C,CAQA;;;;;AACA,IAAMC,YAAY,GAAG,SAAfA,YAAe,CAAClB,GAAD,EAAMC,GAAN,EAAWC,IAAX,EAAoB;AACrCE,yBAAWe,QAAX,CAAoB;AAAEC,IAAAA,GAAG,EAAEpB,GAAG,CAACqB,MAAJ,CAAWC;AAAlB,GAApB,EAA2CX,IAA3C,CAAgD,UAACY,KAAD,EAAW;AACrD,WAAQtB,GAAG,CAACW,MAAJ,CAAW,GAAX,EAAgBC,IAAhB,CAAqB;AAACD,MAAAA,MAAM,EAAC,GAAR;AAAaE,MAAAA,OAAO,EAACS;AAArB,KAArB,CAAR;AACD,GAFL,WAEa,UAACN,KAAD,EAAW;AAClB,WAAQhB,GAAG,CAACW,MAAJ,CAAW,GAAX,EAAgBC,IAAhB,CAAqB;AAACD,MAAAA,MAAM,EAAC,GAAR;AAAaK,MAAAA,KAAK,EAAEA;AAApB,KAArB,CAAR;AACD,GAJL;AAMH,CAPD,C,CASA;;;;;AACA,IAAMO,WAAW;AAAA,sEAAG,kBAAOxB,GAAP,EAAYC,GAAZ,EAAiBC,IAAjB;AAAA;AAAA;AAAA;AAAA;AAAA;AAAA;AAAA,mBAENE,uBAAWqB,SAAX,CAAqB;AAAEL,cAAAA,GAAG,EAAEpB,GAAG,CAACqB,MAAJ,CAAWC;AAAlB,aAArB,CAFM;;AAAA;AAAA,8CAGLrB,GAAG,CAACW,MAAJ,CAAW,GAAX,EAAgBC,IAAhB,CAAqB;AAAED,cAAAA,MAAM,EAAE,GAAV;AAAeH,cAAAA,OAAO,EAAC;AAAvB,aAArB,CAHK;;AAAA;AAAA;AAAA;;AAIR,uBAACQ,KAAD,EAAW;AACd,qBAAQhB,GAAG,CAACW,MAAJ,CAAW,GAAX,EAAgBC,IAAhB,CAAqB;AAACD,gBAAAA,MAAM,EAAC,GAAR;AAAYK,gBAAAA,KAAK,EAAEA;AAAnB,eAArB,CAAR;AACA,aAFG;;AAJQ;AAAA;AAAA;AAAA;AAAA;AAAA;AAAA,GAAH;;AAAA,kBAAXO,WAAW;AAAA;AAAA;AAAA,GAAjB","sourceRoot":"C:\\Users\\user\\Desktop\\Andela\\My-Brand-Theoneste\\server\\controllers\\","sourcesContent":["// import './node_modules/regenerator-runtime/runtime'\r\nimport 'regenerator-runtime/runtime'\r\nimport querymodel from \"../models/queryModel\"\r\n\r\n// create a query\r\nconst createQuery = async (req, res, next) => {\r\n    try {\r\n        const newQuery = new querymodel({\r\n            firstName: req.body.firstName,\r\n            lastName: req.body.lastName,\r\n            email: req.body.email,\r\n            message: req.body.message\r\n        });\r\n        await newQuery.save().then(() => {\r\n               return res.status(201).send({queries:newQuery});\r\n            })\r\n    }\r\n    catch{\r\n       return res.status(400).send({status:400,message: 'Query not saved!'});\r\n    }\r\n};\r\n\r\n// find all queries\r\nconst findAllQueries = (req, res, next) => {\r\n    querymodel.find().then((queries) => {\r\n          return  res.status(200).send({ status: 200, queries: queries })\r\n        } ).catch( (error) => {\r\n           return res.status(401).send({status:401,error: error});\r\n        });\r\n}\r\n\r\n// find one query\r\nconst findOneQuery = (req, res, next) => {\r\n    querymodel.findById({ _id: req.params.id}).then((query) => {\r\n          return  res.status(200).send({status:200, queries:query});\r\n        }).catch((error) => {\r\n          return  res.status(401).send({status:401, error: error });\r\n        }\r\n    );\r\n};\r\n\r\n// delete a query\r\nconst deleteQuery = async (req, res, next) => {\r\n    try {\r\n        await querymodel.deleteOne({ _id: req.params.id })\r\n       return  res.status(200).send({ status: 200, message:\"Qwery deleted successfylly\"})\r\n    } catch{(error) => {\r\n         return  res.status(404).send({status:404,error: error});\r\n        }\r\n    }\r\n}\r\nexport {createQuery, findAllQueries, findOneQuery, deleteQuery}\r\n"]},"_coverageSchema":"1a1c01bbd47fc00a2c39e90264f33305004495a9","hash":"5d53c9aef69f6e3df78161df4f5dccc7b701f932","contentHash":"853989605357749cb6655b9c46765695108cac4dde617b46a6552d0bbc1c8b03"},"C:\\Users\\user\\Desktop\\Andela\\My-Brand-Theoneste\\server\\models\\queryModel.js":{"path":"C:\\Users\\user\\Desktop\\Andela\\My-Brand-Theoneste\\server\\models\\queryModel.js","statementMap":{"0":{"start":{"line":3,"column":16},"end":{"line":3,"column":59}},"1":{"start":{"line":5,"column":39},"end":{"line":5,"column":95}},"2":{"start":{"line":8,"column":13},"end":{"line":13,"column":2}},"3":{"start":{"line":14,"column":0},"end":{"line":14,"column":61}}},"fnMap":{"0":{"name":"_interopRequireDefault","decl":{"start":{"line":5,"column":9},"end":{"line":5,"column":31}},"loc":{"start":{"line":5,"column":37},"end":{"line":5,"column":97}},"line":5}},"branchMap":{"0":{"loc":{"start":{"line":5,"column":46},"end":{"line":5,"column":94}},"type":"cond-expr","locations":[{"start":{"line":5,"column":70},"end":{"line":5,"column":73}},{"start":{"line":5,"column":76},"end":{"line":5,"column":94}}],"line":5},"1":{"loc":{"start":{"line":5,"column":46},"end":{"line":5,"column":67}},"type":"binary-expr","locations":[{"start":{"line":5,"column":46},"end":{"line":5,"column":49}},{"start":{"line":5,"column":53},"end":{"line":5,"column":67}}],"line":5}},"s":{"0":1,"1":1,"2":1,"3":1},"f":{"0":1},"b":{"0":[0,1],"1":[1,1]},"inputSourceMap":{"version":3,"sources":["queryModel.js"],"names":["schema","mongoose","Schema","firstName","String","lastName","email","message","module","exports","model"],"mappings":";;AAEA;;;;AAFA;AAGA,IAAMA,MAAM,GAAG,IAAIC,qBAASC,MAAb,CAAoB;AAC/BC,EAAAA,SAAS,EAAEC,MADoB;AAE/BC,EAAAA,QAAQ,EAAED,MAFqB;AAG/BE,EAAAA,KAAK,EAAEF,MAHwB;AAI/BG,EAAAA,OAAO,EAAEH;AAJsB,CAApB,CAAf;AAMAI,MAAM,CAACC,OAAP,GAAiBR,qBAASS,KAAT,CAAe,OAAf,EAAwBV,MAAxB,CAAjB","sourceRoot":"C:\\Users\\user\\Desktop\\Andela\\My-Brand-Theoneste\\server\\models\\","sourcesContent":["//schema.js\r\n\r\nimport mongoose from\"mongoose\"\r\nconst schema = new mongoose.Schema({\r\n    firstName: String, \r\n    lastName: String,\r\n    email: String,\r\n    message: String,\r\n});\r\nmodule.exports = mongoose.model(\"Query\", schema);\r\n"]},"_coverageSchema":"1a1c01bbd47fc00a2c39e90264f33305004495a9","hash":"881f4fa68c344e71a417b79750453996465d60ba","contentHash":"02ef4b14c77b78ba5574cbc371687c2f3128920fb12c66833c2b72877a88b38b"},"C:\\Users\\user\\Desktop\\Andela\\My-Brand-Theoneste\\server\\routes\\UserRouter.js":{"path":"C:\\Users\\user\\Desktop\\Andela\\My-Brand-Theoneste\\server\\routes\\UserRouter.js","statementMap":{"0":{"start":{"line":3,"column":0},"end":{"line":5,"column":3}},"1":{"start":{"line":6,"column":0},"end":{"line":6,"column":28}},"2":{"start":{"line":8,"column":15},"end":{"line":8,"column":57}},"3":{"start":{"line":10,"column":12},"end":{"line":10,"column":65}},"4":{"start":{"line":12,"column":13},"end":{"line":12,"column":69}},"5":{"start":{"line":14,"column":21},"end":{"line":14,"column":62}},"6":{"start":{"line":16,"column":23},"end":{"line":16,"column":66}},"7":{"start":{"line":18,"column":22},"end":{"line":18,"column":62}},"8":{"start":{"line":20,"column":39},"end":{"line":20,"column":95}},"9":{"start":{"line":22,"column":13},"end":{"line":22,"column":41}},"10":{"start":{"line":24,"column":0},"end":{"line":24,"column":77}},"11":{"start":{"line":25,"column":0},"end":{"line":25,"column":56}},"12":{"start":{"line":26,"column":0},"end":{"line":26,"column":61}},"13":{"start":{"line":27,"column":0},"end":{"line":27,"column":64}},"14":{"start":{"line":28,"column":0},"end":{"line":28,"column":113}},"15":{"start":{"line":29,"column":0},"end":{"line":29,"column":99}},"16":{"start":{"line":30,"column":0},"end":{"line":30,"column":108}},"17":{"start":{"line":31,"column":15},"end":{"line":31,"column":21}},"18":{"start":{"line":32,"column":0},"end":{"line":32,"column":30}}},"fnMap":{"0":{"name":"_interopRequireDefault","decl":{"start":{"line":20,"column":9},"end":{"line":20,"column":31}},"loc":{"start":{"line":20,"column":37},"end":{"line":20,"column":97}},"line":20}},"branchMap":{"0":{"loc":{"start":{"line":20,"column":46},"end":{"line":20,"column":94}},"type":"cond-expr","locations":[{"start":{"line":20,"column":70},"end":{"line":20,"column":73}},{"start":{"line":20,"column":76},"end":{"line":20,"column":94}}],"line":20},"1":{"loc":{"start":{"line":20,"column":46},"end":{"line":20,"column":67}},"type":"binary-expr","locations":[{"start":{"line":20,"column":46},"end":{"line":20,"column":49}},{"start":{"line":20,"column":53},"end":{"line":20,"column":67}}],"line":20}},"s":{"0":1,"1":1,"2":1,"3":1,"4":1,"5":1,"6":1,"7":1,"8":3,"9":1,"10":1,"11":1,"12":1,"13":1,"14":1,"15":1,"16":1,"17":1,"18":1},"f":{"0":3},"b":{"0":[0,3],"1":[3,3]},"inputSourceMap":{"version":3,"sources":["UserRouter.js"],"names":["router","express","Router","post","loginValidator","userLogin","logout","get","findAllBlogs","findOneBlog","patch","verfyingToken","blogValidator","upDateBlog","deleteBlog","createBlog"],"mappings":";;;;;;;AACA;;AACA;;AACA;;AACA;;AACA;;AACA;;;;AACA,IAAMA,MAAM,GAAGC,oBAAQC,MAAR,EAAf;;AAEAF,MAAM,CAACG,IAAP,CAAY,iBAAZ,EAA+BC,iBAA/B,EAA+CC,yBAA/C;AACAL,MAAM,CAACG,IAAP,CAAY,kBAAZ,EAAgCG,sBAAhC;AACAN,MAAM,CAACO,GAAP,CAAW,iBAAX,EAA8BC,6BAA9B;AACAR,MAAM,CAACO,GAAP,CAAW,qBAAX,EAAkCE,4BAAlC;AACAT,MAAM,CAACU,KAAP,CAAa,qBAAb,EAAoCC,4BAApC,EAAmDC,gBAAnD,EAAkEC,2BAAlE;AACAb,MAAM,UAAN,CAAc,qBAAd,EAAqCW,4BAArC,EAAoDG,2BAApD;AACAd,MAAM,CAACG,IAAP,CAAY,iBAAZ,EAA+BQ,4BAA/B,EAA8CC,gBAA9C,EAA6DG,2BAA7D;eAEef,M","sourceRoot":"C:\\Users\\user\\Desktop\\Andela\\My-Brand-Theoneste\\server\\routes\\","sourcesContent":["\r\nimport express from \"express\"\r\nimport blogValidator from \"../validators/blog\"\r\nimport loginValidator from \"./../validators/login\"\r\nimport { verfyingToken}  from \"./../middlewares/verfyingToken\"\r\nimport { createBlog, findAllBlogs, findOneBlog,upDateBlog,deleteBlog } from \"./../controllers/blogsController\"\r\nimport { userLogin, logout}from \"../controllers/userController\"\r\nconst router = express.Router();\r\n\r\nrouter.post('/api/user/login', loginValidator, userLogin)\r\nrouter.post(\"/api/user/logout\", logout)\r\nrouter.get(\"/api/user/blogs\", findAllBlogs)\r\nrouter.get(\"/api/user/blogs/:id\", findOneBlog)\r\nrouter.patch(\"/api/user/blogs/:id\", verfyingToken, blogValidator, upDateBlog)\r\nrouter.delete(\"/api/user/blogs/:id\", verfyingToken, deleteBlog)\r\nrouter.post(\"/api/user/blogs\", verfyingToken, blogValidator, createBlog)\r\n\r\nexport default router\r\n"]},"_coverageSchema":"1a1c01bbd47fc00a2c39e90264f33305004495a9","hash":"089cf5328b57b084a7e7c097c8c917610bd953ed","contentHash":"f97defce6ef6d496b5a4abf83e86adc95725117b60ee5ffd2f4a355d74836275"},"C:\\Users\\user\\Desktop\\Andela\\My-Brand-Theoneste\\server\\validators\\login.js":{"path":"C:\\Users\\user\\Desktop\\Andela\\My-Brand-Theoneste\\server\\validators\\login.js","statementMap":{"0":{"start":{"line":3,"column":11},"end":{"line":3,"column":49}},"1":{"start":{"line":5,"column":39},"end":{"line":5,"column":95}},"2":{"start":{"line":7,"column":77},"end":{"line":7,"column":175}},"3":{"start":{"line":7,"column":94},"end":{"line":7,"column":107}},"4":{"start":{"line":7,"column":121},"end":{"line":7,"column":131}},"5":{"start":{"line":7,"column":151},"end":{"line":7,"column":165}},"6":{"start":{"line":7,"column":166},"end":{"line":7,"column":173}},"7":{"start":{"line":7,"column":176},"end":{"line":7,"column":263}},"8":{"start":{"line":7,"column":193},"end":{"line":7,"column":208}},"9":{"start":{"line":7,"column":218},"end":{"line":7,"column":261}},"10":{"start":{"line":9,"column":33},"end":{"line":9,"column":387}},"11":{"start":{"line":9,"column":65},"end":{"line":9,"column":69}},"12":{"start":{"line":9,"column":78},"end":{"line":9,"column":87}},"13":{"start":{"line":9,"column":89},"end":{"line":9,"column":384}},"14":{"start":{"line":9,"column":147},"end":{"line":9,"column":167}},"15":{"start":{"line":9,"column":193},"end":{"line":9,"column":264}},"16":{"start":{"line":9,"column":290},"end":{"line":9,"column":360}},"17":{"start":{"line":9,"column":363},"end":{"line":9,"column":380}},"18":{"start":{"line":11,"column":33},"end":{"line":52,"column":3}},"19":{"start":{"line":12,"column":13},"end":{"line":47,"column":5}},"20":{"start":{"line":14,"column":4},"end":{"line":46,"column":16}},"21":{"start":{"line":15,"column":6},"end":{"line":45,"column":7}},"22":{"start":{"line":16,"column":8},"end":{"line":44,"column":9}},"23":{"start":{"line":18,"column":12},"end":{"line":21,"column":15}},"24":{"start":{"line":22,"column":12},"end":{"line":22,"column":30}},"25":{"start":{"line":23,"column":12},"end":{"line":23,"column":45}},"26":{"start":{"line":26,"column":12},"end":{"line":26,"column":35}},"27":{"start":{"line":28,"column":12},"end":{"line":31,"column":13}},"28":{"start":{"line":29,"column":14},"end":{"line":29,"column":32}},"29":{"start":{"line":30,"column":14},"end":{"line":30,"column":20}},"30":{"start":{"line":33,"column":12},"end":{"line":36,"column":16}},"31":{"start":{"line":39,"column":12},"end":{"line":39,"column":19}},"32":{"start":{"line":43,"column":12},"end":{"line":43,"column":35}},"33":{"start":{"line":49,"column":2},"end":{"line":51,"column":4}},"34":{"start":{"line":50,"column":4},"end":{"line":50,"column":39}},"35":{"start":{"line":54,"column":0},"end":{"line":54,"column":31}}},"fnMap":{"0":{"name":"_interopRequireDefault","decl":{"start":{"line":5,"column":9},"end":{"line":5,"column":31}},"loc":{"start":{"line":5,"column":37},"end":{"line":5,"column":97}},"line":5},"1":{"name":"asyncGeneratorStep","decl":{"start":{"line":7,"column":9},"end":{"line":7,"column":27}},"loc":{"start":{"line":7,"column":75},"end":{"line":7,"column":265}},"line":7},"2":{"name":"_asyncToGenerator","decl":{"start":{"line":9,"column":9},"end":{"line":9,"column":26}},"loc":{"start":{"line":9,"column":31},"end":{"line":9,"column":389}},"line":9},"3":{"name":"(anonymous_3)","decl":{"start":{"line":9,"column":40},"end":{"line":9,"column":41}},"loc":{"start":{"line":9,"column":52},"end":{"li
[...]
nd":{"line":36,"column":5}},"24":{"start":{"line":27,"column":4},"end":{"line":30,"column":7}},"25":{"start":{"line":32,"column":4},"end":{"line":35,"column":7}},"26":{"start":{"line":40,"column":0},"end":{"line":40,"column":38}},"27":{"start":{"line":42,"column":22},"end":{"line":54,"column":1}},"28":{"start":{"line":43,"column":2},"end":{"line":53,"column":5}},"29":{"start":{"line":44,"column":4},"end":{"line":47,"column":7}},"30":{"start":{"line":49,"column":4},"end":{"line":52,"column":7}},"31":{"start":{"line":57,"column":0},"end":{"line":57,"column":42}},"32":{"start":{"line":59,"column":20},"end":{"line":90,"column":1}},"33":{"start":{"line":60,"column":2},"end":{"line":89,"column":5}},"34":{"start":{"line":63,"column":4},"end":{"line":65,"column":5}},"35":{"start":{"line":64,"column":6},"end":{"line":64,"column":41}},"36":{"start":{"line":67,"column":4},"end":{"line":69,"column":5}},"37":{"start":{"line":68,"column":6},"end":{"line":68,"column":37}},"38":{"start":{"line":71,"column":4},"end":{"line":73,"column":5}},"39":{"start":{"line":72,"column":6},"end":{"line":72,"column":49}},"40":{"start":{"line":75,"column":4},"end":{"line":77,"column":5}},"41":{"start":{"line":76,"column":6},"end":{"line":76,"column":39}},"42":{"start":{"line":79,"column":4},"end":{"line":79,"column":19}},"43":{"start":{"line":80,"column":4},"end":{"line":83,"column":7}},"44":{"start":{"line":85,"column":4},"end":{"line":88,"column":7}},"45":{"start":{"line":93,"column":0},"end":{"line":93,"column":38}},"46":{"start":{"line":95,"column":33},"end":{"line":135,"column":3}},"47":{"start":{"line":96,"column":13},"end":{"line":130,"column":5}},"48":{"start":{"line":97,"column":4},"end":{"line":129,"column":32}},"49":{"start":{"line":98,"column":6},"end":{"line":128,"column":7}},"50":{"start":{"line":99,"column":8},"end":{"line":127,"column":9}},"51":{"start":{"line":101,"column":12},"end":{"line":101,"column":30}},"52":{"start":{"line":102,"column":12},"end":{"line":102,"column":30}},"53":{"start":{"line":103,"column":12},"end":{"line":105,"column":15}},"54":{"start":{"line":108,"column":12},"end":{"line":111,"column":16}},"55":{"start":{"line":114,"column":12},"end":{"line":114,"column":30}},"56":{"start":{"line":115,"column":12},"end":{"line":115,"column":47}},"57":{"start":{"line":117,"column":12},"end":{"line":122,"column":15}},"58":{"start":{"line":118,"column":14},"end":{"line":121,"column":17}},"59":{"start":{"line":126,"column":12},"end":{"line":126,"column":35}},"60":{"start":{"line":132,"column":2},"end":{"line":134,"column":4}},"61":{"start":{"line":133,"column":4},"end":{"line":133,"column":39}},"62":{"start":{"line":137,"column":0},"end":{"line":137,"column":38}}},"fnMap":{"0":{"name":"_interopRequireDefault","decl":{"start":{"line":12,"column":9},"end":{"line":12,"column":31}},"loc":{"start":{"line":12,"column":37},"end":{"line":12,"column":97}},"line":12},"1":{"name":"asyncGeneratorStep","decl":{"start":{"line":14,"column":9},"end":{"line":14,"column":27}},"loc":{"start":{"line":14,"column":75},"end":{"line":14,"column":265}},"line":14},"2":{"name":"_asyncToGenerator","decl":{"start":{"line":16,"column":9},"end":{"line":16,"column":26}},"loc":{"start":{"line":16,"column":31},"end":{"line":16,"column":389}},"line":16},"3":{"name":"(anonymous_3)","decl":{"start":{"line":16,"column":40},"end":{"line":16,"column":41}},"loc":{"start":{"line":16,"column":52},"end":{"line":16,"column":386}},"line":16},"4":{"name":"(anonymous_4)","decl":{"start":{"line":16,"column":108},"end":{"line":16,"column":109}},"loc":{"start":{"line":16,"column":135},"end":{"line":16,"column":382}},"line":16},"5":{"name":"_next","decl":{"start":{"line":16,"column":178},"end":{"line":16,"column":183}},"loc":{"start":{"line":16,"column":191},"end":{"line":16,"column":266}},"line":16},"6":{"name":"_throw","decl":{"start":{"line":16,"column":276},"end":{"line":16,"column":282}},"loc":{"start":{"line":16,"column":288},"end":{"line":16,"column":362}},"line":16},"7":{"name":"createProfile","decl":{"start":{"line":19,"column":29},"end":{"line":19,"column":42}},"loc":{"start":{"line":19,"column":59},"end":{"line":37,"column":1}},"line":19},"8":{"name":"(anonymous_8)","decl":{"start":{"line":26,"column":25},"end":{"line":26,"column":26}},"loc":{"start":{"line":26,"column":37},"end":{"line":31,"column":3}},"line":26},"9":{"name":"(anonymous_9)","decl":{"start":{"line":31,"column":14},"end":{"line":31,"column":15}},"loc":{"start":{"line":31,"column":31},"end":{"line":36,"column":3}},"line":31},"10":{"name":"findAllProfiles","decl":{"start":{"line":42,"column":31},"end":{"line":42,"column":46}},"loc":{"start":{"line":42,"column":63},"end":{"line":54,"column":1}},"line":42},"11":{"name":"(anonymous_11)","decl":{"start":{"line":43,"column":39},"end":{"line":43,"column":40}},"loc":{"start":{"line":43,"column":59},"end":{"line":48,"column":3}},"line":43},"12":{"name":"(anonymous_12)","decl":{"start":{"line":48,"column":14},"end":{"line":48,"column":15}},"loc":{"start":{"line":48,"column":31},"end":{"line":53,"column":3}},"line":48},"13":{"name":"upDateProfile","decl":{"start":{"line":59,"column":29},"end":{"line":59,"column":42}},"loc":{"start":{"line":59,"column":59},"end":{"line":90,"column":1}},"line":59},"14":{"name":"(anonymous_14)","decl":{"start":{"line":62,"column":10},"end":{"line":62,"column":11}},"loc":{"start":{"line":62,"column":29},"end":{"line":84,"column":3}},"line":62},"15":{"name":"(anonymous_15)","decl":{"start":{"line":84,"column":14},"end":{"line":84,"column":15}},"loc":{"start":{"line":84,"column":31},"end":{"line":89,"column":3}},"line":84},"16":{"name":"(anonymous_16)","decl":{"start":{"line":95,"column":33},"end":{"line":95,"column":34}},"loc":{"start":{"line":95,"column":45},"end":{"line":135,"column":1}},"line":95},"17":{"name":"_callee","decl":{"start":{"line":96,"column":78},"end":{"line":96,"column":85}},"loc":{"start":{"line":96,"column":102},"end":{"line":130,"column":3}},"line":96},"18":{"name":"_callee$","decl":{"start":{"line":97,"column":44},"end":{"line":97,"column":52}},"loc":{"start":{"line":97,"column":63},"end":{"line":129,"column":5}},"line":97},"19":{"name":"(anonymous_19)","decl":{"start":{"line":117,"column":13},"end":{"line":117,"column":14}},"loc":{"start":{"line":117,"column":30},"end":{"line":122,"column":13}},"line":117},"20":{"name":"deleteProfile","decl":{"start":{"line":132,"column":18},"end":{"line":132,"column":31}},"loc":{"start":{"line":132,"column":46},"end":{"line":134,"column":3}},"line":132}},"branchMap":{"0":{"loc":{"start":{"line":12,"column":46},"end":{"line":12,"column":94}},"type":"cond-expr","locations":[{"start":{"line":12,"column":70},"end":{"line":12,"column":73}},{"start":{"line":12,"column":76},"end":{"line":12,"column":94}}],"line":12},"1":{"loc":{"start":{"line":12,"column":46},"end":{"line":12,"column":67}},"type":"binary-expr","locations":[{"start":{"line":12,"column":46},"end":{"line":12,"column":49}},{"start":{"line":12,"column":53},"end":{"line":12,"column":67}}],"line":12},"2":{"loc":{"start":{"line":14,"column":176},"end":{"line":14,"column":263}},"type":"if","locations":[{"start":{"line":14,"column":176},"end":{"line":14,"column":263}},{"start":{"line":14,"column":176},"end":{"line":14,"column":263}}],"line":14},"3":{"loc":{"start":{"line":63,"column":4},"end":{"line":65,"column":5}},"type":"if","locations":[{"start":{"line":63,"column":4},"end":{"line":65,"column":5}},{"start":{"line":63,"column":4},"end":{"line":65,"column":5}}],"line":63},"4":{"loc":{"start":{"line":67,"column":4},"end":{"line":69,"column":5}},"type":"if","locations":[{"start":{"line":67,"column":4},"end":{"line":69,"column":5}},{"start":{"line":67,"column":4},"end":{"line":69,"column":5}}],"line":67},"5":{"loc":{"start":{"line":71,"column":4},"end":{"line":73,"column":5}},"type":"if","locations":[{"start":{"line":71,"column":4},"end":{"line":73,"column":5}},{"start":{"line":71,"column":4},"end":{"line":73,"column":5}}],"line":71},"6":{"loc":{"start":{"line":75,"column":4},"end":{"line":77,"column":5}},"type":"if","locations":[{"start":{"line":75,"column":4},"end":{"line":77,"column":5}},{"start":{"line":75,"column":4},"end":{"line":77,"column":5}}],"line":75},"7":{"loc":{"start":{"line":99,"column":8},"end":{"line":127,"column":9}},"type":"switch","locations":[{"start":{"line":100,"column":10},"end":{"line":105,"column":15}},{"start":{"line":107,"column":10},"end":{"line":111,"column":16}},{"start":{"line":113,"column":10},"end":{"line":122,"column":15}},{"start":{"line":124,"column":10},"end":{"line":124,"column":17}},{"start":{"line":125,"column":10},"end":{"line":126,"column":35}}],"line":99}},"s":{"0":1,"1":1,"2":1,"3":1,"4":1,"5":2,"6":2,"7":2,"8":0,"9":0,"10":2,"11":1,"12":1,"13":1,"14":1,"15":1,"16":1,"17":1,"18":2,"19":0,"20":1,"21":1,"22":1,"23":1,"24":1,"25":0,"26":1,"27":1,"28":1,"29":1,"30":0,"31":1,"32":1,"33":1,"34":1,"35":1,"36":1,"37":1,"38":1,"39":1,"40":1,"41":1,"42":1,"43":1,"44":0,"45":1,"46":1,"47":1,"48":1,"49":3,"50":3,"51":1,"52":1,"53":1,"54":1,"55":0,"56":0,"57":0,"58":0,"59":1,"60":1,"61":1,"62":1},"f":{"0":1,"1":2,"2":1,"3":1,"4":1,"5":2,"6":0,"7":1,"8":1,"9":0,"10":1,"11":1,"12":0,"13":1,"14":1,"15":0,"16":1,"17":1,"18":3,"19":0,"20":1},"b":{"0":[0,1],"1":[1,1],"2":[1,1],"3":[1,0],"4":[1,0],"5":[1,0],"6":[1,0],"7":[1,1,0,0,1]},"inputSourceMap":{"version":3,"sources":["profileController.js"],"names":["createProfile","req","res","next","newProfile","profileModel","picture","body","title","description","skills","save","then","status","send","data","error","findAllProfiles","find","Profiles","message","upDateProfile","findById","_id","params","id","Profile","deleteProfile","deleteOne"],"mappings":";;;;;;;AAEA;;AACA;;;;;;;;AAEA;AACA,IAAMA,aAAa,GAAG,SAAhBA,aAAgB,CAACC,GAAD,EAAMC,GAAN,EAAWC,IAAX,EAAoB;AACtC,MAAMC,UAAU,GAAG,IAAIC,wBAAJ,CAAiB;AAChCC,IAAAA,OAAO,EAAEL,GAAG,CAACM,IAAJ,CAASD,OADc;AAEhCE,IAAAA,KAAK,EAAEP,GAAG,CAACM,IAAJ,CAASC,KAFgB;AAGhCC,IAAAA,WAAW,EAAER,GAAG,CAACM,IAAJ,CAASE,WAHU;AAIhCC,IAAAA,MAAM,EAACT,GAAG,CAACM,IAAJ,CAASG;AAJgB,GAAjB,CAAnB;AAMAN,EAAAA,UAAU,CAACO,IAAX,GAAkBC,IAAlB,CAAuB,YAAM;AACzB,WAAOV,GAAG,CAACW,MAAJ,CAAW,GAAX,EAAgBC,IAAhB,CAAqB;AAAED,MAAAA,MAAM,EAAE,GAAV;AAAeE,MAAAA,IAAI,EAACX;AAApB,KAArB,CAAP;AACC,GAFL,WAEa,UAACY,KAAD,EAAW;AACjB,WAAOd,GAAG,CAACW,MAAJ,CAAW,GAAX,EAAgBC,IAAhB,CAAqB;AAACD,MAAAA,MAAM,EAAE,GAAT;AAAcG,MAAAA,KAAK,EAAEA;AAArB,KAArB,CAAP;AACF,GAJL;AAKH,CAZD,C,CAcA;;;;;AACA,IAAMC,eAAe,GAAG,SAAlBA,eAAkB,CAAChB,GAAD,EAAMC,GAAN,EAAWC,IAAX,EAAoB;AACxCE,2BAAaa,IAAb,GAAoBN,IAApB,CAAyB,UAACO,QAAD,EAAc;AAChC,WAAOjB,GAAG,CAACW,MAAJ,CAAW,GAAX,EAAgBC,IAAhB,CAAqB;AAAED,MAAAA,MAAM,EAAE,GAAV;AAAeO,MAAAA,OAAO,EAACD;AAAvB,KAArB,CAAP;AACF,GAFL,WAEc,UAACH,KAAD,EAAU;AAChB,WAAOd,GAAG,CAACW,MAAJ,CAAW,GAAX,EAAgBC,IAAhB,CAAqB;AAACD,MAAAA,MAAM,EAAC,GAAR;AAAaG,MAAAA,KAAK,EAAEA;AAApB,KAArB,CAAP;AACP,GAJD;AAKH,CAND,C,CAQA;;;;;AACA,IAAMK,aAAa,GAAG,SAAhBA,aAAgB,CAACpB,GAAD,EAAMC,GAAN,EAAWC,IAAX,EAAoB;AACtCE,2BAAaiB,QAAb,CAAsB;AAAEC,IAAAA,GAAG,EAAEtB,GAAG,CAACuB,MAAJ,CAAWC;AAAlB,GAAtB,EAA8Cb,IAA9C,CAAmD,UAACc,OAAD,EAAa;AACxD,QAAIzB,GAAG,CAACM,IAAJ,CAASD,OAAb,EAAsB;AAACoB,MAAAA,OAAO,CAACpB,OAAR,GAAkBL,GAAG,CAACM,IAAJ,CAASD,OAA3B;AAAoC;;AAC3D,QAAIL,GAAG,CAACM,IAAJ,CAASC,KAAb,EAAoB;AAAEkB,MAAAA,OAAO,CAAClB,KAAR,GAAgBP,GAAG,CAACM,IAAJ,CAASC,KAAzB;AAAgC;;AACtD,QAAIP,GAAG,CAACM,IAAJ,CAASE,WAAb,EAA0B;AAAEiB,MAAAA,OAAO,CAACjB,WAAR,GAAsBR,GAAG,CAACM,IAAJ,CAASE,WAA/B;AAA4C;;AACxE,QAAIR,GAAG,CAACM,IAAJ,CAASG,MAAb,EAAqB;AAAEgB,MAAAA,OAAO,CAAChB,MAAR,GAAiBT,GAAG,CAACM,IAAJ,CAASG,MAA1B;AAAiC;;AACxDgB,IAAAA,OAAO,CAACf,IAAR;AACA,WAAOT,GAAG,CAACY,IAAJ,CAAS;AAAED,MAAAA,MAAM,EAAE,GAAV;AAAeO,MAAAA,OAAO,EAAE;AAAxB,KAAT,CAAP;AACH,GAPL,WAOa,UAACJ,KAAD,EAAW;AACb,WAAOd,GAAG,CAACW,MAAJ,CAAW,GAAX,EAAgBC,IAAhB,CAAqB;AAACD,MAAAA,MAAM,EAAE,GAAT;AAAaG,MAAAA,KAAK,EAAEA;AAApB,KAArB,CAAP;AACN,GATL;AAUH,CAXD,C,CAaA;;;;;AACA,IAAMW,aAAa;AAAA,qEAAG,iBAAO1B,GAAP,EAAYC,GAAZ,EAAiBC,IAAjB;AAAA;AAAA;AAAA;AAAA;AAAA;AAAA;AAAA,mBAERE,yBAAauB,SAAb,CAAuB;AAAEL,cAAAA,GAAG,EAAEtB,GAAG,CAACuB,MAAJ,CAAWC;AAAlB,aAAvB,CAFQ;;AAAA;AAAA,6CAGPvB,GAAG,CAACW,MAAJ,CAAW,GAAX,EAAgBC,IAAhB,CAAqB;AAAED,cAAAA,MAAM,EAAE,GAAV;AAAeO,cAAAA,OAAO,EAAE;AAAxB,aAArB,CAHO;;AAAA;AAAA;AAAA;;AAIV,uBAACJ,KAAD,EAAW;AACZ,qBAAOd,GAAG,CAACW,MAAJ,CAAW,GAAX,EAAgBC,IAAhB,CAAqB;AAACD,gBAAAA,MAAM,EAAE,GAAT;AAAcG,gBAAAA,KAAK,EAAE;AAArB,eAArB,CAAP;AACF,aAFG;;AAJU;AAAA;AAAA;AAAA;AAAA;AAAA;AAAA,GAAH;;AAAA,kBAAbW,aAAa;AAAA;AAAA;AAAA,GAAnB","sourceRoot":"C:\\Users\\user\\Desktop\\Andela\\My-Brand-Theoneste\\server\\controllers\\","sourcesContent":["// controllers\r\n// importing runtime to support async in es6\r\nimport 'regenerator-runtime/runtime'\r\nimport profileModel from \"../models/profileModel\"\r\n\r\n// controller, create one profile\r\nconst createProfile = (req, res, next) => {\r\n    const newProfile = new profileModel({\r\n        picture: req.body.picture,\r\n        title: req.body.title,\r\n        description: req.body.description,\r\n        skills:req.body.skills\r\n    });\r\n    newProfile.save().then(() => {\r\n        return res.status(201).send({ status: 201, data:newProfile })\r\n        }).catch((error) => {\r\n           return res.status(400).send({status: 400, error: error});\r\n        });\r\n};\r\n\r\n// find all Profiles\r\nconst findAllProfiles = (req, res, next) => {\r\n    profileModel.find().then((Profiles) => {\r\n           return res.status(200).send({ status: 200, message:Profiles })\r\n        } ).catch((error)=> {\r\n            return res.status(400).send({status:400, error: error});\r\n    });\r\n}\r\n\r\n// update one Profile\r\nconst upDateProfile = (req, res, next) => {\r\n    profileModel.findById({ _id: req.params.id }).then((Profile) => {\r\n            if (req.body.picture) {Profile.picture = req.body.picture }\r\n            if (req.body.title) { Profile.title = req.body.title }\r\n            if (req.body.description) { Profile.description = req.body.description }\r\n            if (req.body.skills) { Profile.skills = req.body.skills}\r\n            Profile.save()\r\n            return res.send({ status: 200, message: \"profile updated successfully\" })\r\n        }).catch((error) => {\r\n               return res.status(404).send({status: 404,error: error });\r\n        })\r\n}\r\n\r\n// dele one Profile\r\nconst deleteProfile = async (req, res, next) => {\r\n    try {\r\n        await profileModel.deleteOne({ _id: req.params.id })\r\n        return res.status(204).send({ status: 204, message: \"User profile deleted successfully\" })\r\n    } catch{(error) => {\r\n           return res.status(404).send({status: 404, error: \"Profile deleted\"});\r\n        }}\r\n}\r\n\r\nexport { createProfile, deleteProfile, findAllProfiles,  upDateProfile }\r\n"]},"_coverageSchema":"1a1c01bbd47fc00a2c39e90264f33305004495a9","hash":"e8805281f762f6e3fee4423a96fd99bdc9f4ed38","contentHash":"4ecfbbb6fa021c9fc7e5f7eda2edaae26a5cb3633548087692228e36be21373f"},"C:\\Users\\user\\Desktop\\Andela\\My-Brand-Theoneste\\server\\models\\profileModel.js":{"path":"C:\\Users\\user\\Desktop\\Andela\\My-Brand-Theoneste\\server\\models\\profileModel.js","statementMap":{"0":{"start":{"line":3,"column":16},"end":{"line":3,"column":59}},"1":{"start":{"line":5,"column":39},"end":{"line":5,"column":95}},"2":{"start":{"line":7,"column":13},"end":{"line":23,"column":2}},"3":{"start":{"line":24,"column":0},"end":{"line":24,"column":63}}},"fnMap":{"0":{"name":"_interopRequireDefault","decl":{"start":{"line":5,"column":9},"end":{"line":5,"column":31}},"loc":{"start":{"line":5,"column":37},"end":{"line":5,"column":97}},"line":5}},"branchMap":{"0":{"loc":{"start":{"line":5,"column":46},"end":{"line":5,"column":94}},"type":"cond-expr","locations":[{"start":{"line":5,"column":70},"end":{"line":5,"column":73}},{"start":{"line":5,"column":76},"end":{"line":5,"column":94}}],"line":5},"1":{"loc":{"start":{"line":5,"column":46},"end":{"line":5,"column":67}},"type":"binary-expr","locations":[{"start":{"line":5,"column":46},"end":{"line":5,"column":49}},{"start":{"line":5,"column":53},"end":{"line":5,"column":67}}],"line":5}},"s":{"0":1,"1":1,"2":1,"3":1},"f":{"0":1},"b":{"0":[0,1],"1":[1,1]},"inputSourceMap":{"version":3,"sources":["profileModel.js"],"names":["schema","mongoose","Schema","picture","type","String","required","title","description","skills","Array","module","exports","model"],"mappings":";;AAAA;;;;AACA,IAAMA,MAAM,GAAG,IAAIC,qBAASC,MAAb,CAAoB;AAC/BC,EAAAA,OAAO,EAAE;AAAEC,IAAAA,IAAI,EAAEC,MAAR;AAAgBC,IAAAA,QAAQ,EAAE;AAA1B,GADsB;AAE/BC,EAAAA,KAAK,EAAE;AAACH,IAAAA,IAAI,EAAEC,MAAP;AAAcC,IAAAA,QAAQ,EAAE;AAAxB,GAFwB;AAG/BE,EAAAA,WAAW,EAAE;AAAEJ,IAAAA,IAAI,EAAEC,MAAR;AAAeC,IAAAA,QAAQ,EAAE;AAAzB,GAHkB;AAI/BG,EAAAA,MAAM,EAAE;AAAEL,IAAAA,IAAI,EAAEM;AAAR;AAJuB,CAApB,CAAf;AAMAC,MAAM,CAACC,OAAP,GAAiBX,qBAASY,KAAT,CAAe,SAAf,EAA0Bb,MAA1B,CAAjB","sourceRoot":"C:\\Users\\user\\Desktop\\Andela\\My-Brand-Theoneste\\server\\models\\","sourcesContent":["import mongoose from \"mongoose\"\r\nconst schema = new mongoose.Schema({\r\n    picture: { type: String, required: true },\r\n    title: {type: String,required: true},\r\n    description: { type: String,required: true},\r\n    skills: { type: Array}\r\n});\r\nmodule.exports = mongoose.model(\"Profile\", schema);\r\n"]},"_coverageSchema":"1a1c01bbd47fc00a2c39e90264f33305004495a9","hash":"49b867103c1dc0c20607a8a411f2b55fd1bb7de5","contentHash":"0a363f0f7c8876e0d9d49c1a588550277afd51bd88398bb07c26f84adfe67766"},"C:\\Users\\user\\Desktop\\Andela\\My-Brand-Theoneste\\server\\seeds\\admin.js":{"path":"C:\\Users\\user\\Desktop\\Andela\\My-Brand-Theoneste\\server\\seeds\\admin.js","statementMap":{"0":{"start":{"line":3,"column":17},"end":{"line":3,"column":73}},"1":{"start":{"line":5,"column":14},"end":{"line":5,"column":55}},"2":{"start":{"line":7,"column":39},"end":{"line":7,"column":95}},"3":{"start":{"line":9,"column":0},"end":{"line":9,"column":28}},"4":{"start":{"line":11,"column":12},"end":{"line":14,"column":1}},"5":{"start":{"line":15,"column":14},"end":{"line":15,"column":46}},"6":{"start":{"line":16,"column":0},"end":{"line":16,"column":15}},"7":{"start":{"line":17,"column":0},"end":{"line":17,"column":25}}},"fnMap":{"0":{"name":"_interopRequireDefault","decl":{"start":{"line":7,"column":9},"end":{"line":7,"column":31}},"loc":{"start":{"line":7,"column":37},"end":{"line":7,"column":97}},"line":7}},"branchMap":{"0":{"loc":{"start":{"line":7,"column":46},"end":{"line":7,"column":94}},"type":"cond-expr","locations":[{"start":{"line":7,"column":70},"end":{"line":7,"column":73}},{"start":{"line":7,"column":76},"end":{"line":7,"column":94}}],"line":7},"1":{"loc":{"start":{"line":7,"column":46},"end":{"line":7,"column":67}},"type":"binary-expr","locations":[{"start":{"line":7,"column":46},"end":{"line":7,"column":49}},{"start":{"line":7,"column":53},"end":{"line":7,"column":67}}],"line":7}},"s":{"0":1,"1":1,"2":2,"3":1,"4":1,"5":1,"6":1,"7":1},"f":{"0":2},"b":{"0":[1,1],"1":[2,2]},"inputSourceMap":{"version":3,"sources":["admin.js"],"names":["dotenv","config","admin","email","process","env","ADMIN_EMAIL","password","ADMIN_PASSWORD","newUser","User","save","module","exports"],"mappings":";;AAAA;;AACA;;;;AAEAA,mBAAOC,MAAP;;AAEA,IAAMC,KAAK,GAAG;AACVC,EAAAA,KAAK,EAAEC,OAAO,CAACC,GAAR,CAAYC,WADT;AAEVC,EAAAA,QAAQ,EAAEH,OAAO,CAACC,GAAR,CAAYG;AAFZ,CAAd;AAIA,IAAMC,OAAO,GAAG,IAAIC,qBAAJ,CAASR,KAAT,CAAhB;AACAO,OAAO,CAACE,IAAR;AAEAC,MAAM,CAACC,OAAP,GAAiBJ,OAAjB","sourceRoot":"C:\\Users\\user\\Desktop\\Andela\\My-Brand-Theoneste\\server\\seeds\\","sourcesContent":["import User from \"./../models/userModel\"\r\nimport dotenv from 'dotenv';\r\n\r\ndotenv.config();\r\n\r\nconst admin = {\r\n    email: process.env.ADMIN_EMAIL,\r\n    password: process.env.ADMIN_PASSWORD\r\n};\r\nconst newUser = new User(admin);\r\nnewUser.save();\r\n\r\nmodule.exports = newUser;\r\n"]},"_coverageSchema":"1a1c01bbd47fc00a2c39e90264f33305004495a9","hash":"e40b8af111b9343e89af90e2b39c91fff61fd9c9","contentHash":"af23825f7fc6f7fb370c0e987841a0ee76ad43243fc5353497b2a44abd6afac0"}}